CLIENT_HANDSHAKE_TRAFFIC_SECRET d95023a7dabfb40463bc80480002ebbefd2591c84b39fa77a4cada20629b33aa 7ec203848ff0713d77143f43e8a298b3276d21fc807e678a8cffc47e73f3d63f
SERVER_HANDSHAKE_TRAFFIC_SECRET d95023a7dabfb40463bc80480002ebbefd2591c84b39fa77a4cada20629b33aa 889413e8fe5ba81f581e476fe34a846037c6754ee2075399618b7fc4b49c61e7
CLIENT_HANDSHAKE_TRAFFIC_SECRET e32cbedc7755bbf10d2953e49e65e010eeeab497b43e224347b34ed8b1f40826 ed0805de2b1c05de61d8af6eeb1cb50f61dcd5c1442995a5babb4744bda658b3
SERVER_HANDSHAKE_TRAFFIC_SECRET e32cbedc7755bbf10d2953e49e65e010eeeab497b43e224347b34ed8b1f40826 caed9a7dfe9db4936ba0ec26a18cb788c932f2d371de3211b4f895d53c96fa0b
CLIENT_HANDSHAKE_TRAFFIC_SECRET 46db159b01dd7e15cda4bff4fb181121a0beb5c6c905830c8a1c4ae75395a848 7ccf16f373c791de0fbf5d636723684ee9b6f7be2218af8759e13e107d8ccb7f
SERVER_HANDSHAKE_TRAFFIC_SECRET 46db159b01dd7e15cda4bff4fb181121a0beb5c6c905830c8a1c4ae75395a848 f922de1a10e5d773db32715205cc759f91fc0468a0f1a176f55f19643b9ca081
CLIENT_TRAFFIC_SECRET_0 d95023a7dabfb40463bc80480002ebbefd2591c84b39fa77a4cada20629b33aa 80df3b4b8869521f8afdd1718544a9116e28aec33bdb15ab6497293660183516
SERVER_TRAFFIC_SECRET_0 d95023a7dabfb40463bc80480002ebbefd2591c84b39fa77a4cada20629b33aa 91a73054d350255474ef96c49bd4c0a9448e7922119709ccb827d2fe56946e56
EXPORTER_SECRET d95023a7dabfb40463bc80480002ebbefd2591c84b39fa77a4cada20629b33aa ca6c052215e5b41a535a2ac892572d257a1519f5c54ee3a4328b3c7ce800ccb6
CLIENT_TRAFFIC_SECRET_0 46db159b01dd7e15cda4bff4fb181121a0beb5c6c905830c8a1c4ae75395a848 c7fa220370a3af7ff779b48fbd3803c06b28c193924a6f22e7581fb74d9112d4
SERVER_TRAFFIC_SECRET_0 46db159b01dd7e15cda4bff4fb181121a0beb5c6c905830c8a1c4ae75395a848 927d3069722ec59ce63534a1357e13b7a1ca8f4083103bf4c384e3865f6bac42
EXPORTER_SECRET 46db159b01dd7e15cda4bff4fb181121a0beb5c6c905830c8a1c4ae75395a848 f1b3c18e1b5f01f4dc19965272d3029f6cc42f586f9073365ec4e25a5f127780
CLIENT_TRAFFIC_SECRET_0 e32cbedc7755bbf10d2953e49e65e010eeeab497b43e224347b34ed8b1f40826 1b34025ef67af9336d95c604d90007fc657242b6b23bf0a7ea63d221e66de84f
SERVER_TRAFFIC_SECRET_0 e32cbedc7755bbf10d2953e49e65e010eeeab497b43e224347b34ed8b1f40826 1ab4ef0bdaff7a582d722d5dfe710425aa22a7e78bedc329068c0a00e3381b4f
EXPORTER_SECRET e32cbedc7755bbf10d2953e49e65e010eeeab497b43e224347b34ed8b1f40826 3b70017edbb2a2eb95c7a973648fb2799170b533b6a13b47407415e31ee26402
CLIENT_HANDSHAKE_TRAFFIC_SECRET 4f065d1b71d43e12e9b6fb932a85251f013e87d342880414b1913ffa376fe484 fa1127bcfbf953321bc588e6c8debdfb7ca5d1469dc3073cc027e29631822dc4
SERVER_HANDSHAKE_TRAFFIC_SECRET 4f065d1b71d43e12e9b6fb932a85251f013e87d342880414b1913ffa376fe484 dd93d8dfa92be26e26a638c4bfb89e2b799c856ce5df230e37221a6f87773210
SERVER_HANDSHAKE_TRAFFIC_SECRET 1143ab7e9c865d4a4c3175fca3f7c1acec84866533c0a05cb716d1d4da51ea54 1a5985770f5c14a10e00148ed9fe39fb9b2cb16f61657b1931e09257f00c27510580025c7a5bfe9720da7a0a97c5545e
EXPORTER_SECRET 1143ab7e9c865d4a4c3175fca3f7c1acec84866533c0a05cb716d1d4da51ea54 ae60318718704cacb740e511e5759ccfc7b701e626bd35088e88c4e40246506bb471f65c496d734f2ce18231ea765b1b
SERVER_TRAFFIC_SECRET_0 1143ab7e9c865d4a4c3175fca3f7c1acec84866533c0a05cb716d1d4da51ea54 a9eb31bbd1a0dec22547f9205305db43aa784e49ccc3a87922357ff8c6f008be5d2cc89dfbe6fe846f842e768e62f0af
CLIENT_HANDSHAKE_TRAFFIC_SECRET 1143ab7e9c865d4a4c3175fca3f7c1acec84866533c0a05cb716d1d4da51ea54 43a7cd8305783c1e97f58cab66b23ebe746e89d4bbafa494fa23d3be176b4a80720ab474fbc99ff915e2e900f1e3bf68
CLIENT_TRAFFIC_SECRET_0 1143ab7e9c865d4a4c3175fca3f7c1acec84866533c0a05cb716d1d4da51ea54 a9814e483cc63ebde46a1524816c9552709839f32ec9fc7969a8cb00a1777063be31a5460540c54560793dbb0b570ca1
CLIENT_HANDSHAKE_TRAFFIC_SECRET 1804c2bf27101ea1200f5a0899560b200bbeb0af6a070accce5bbb9fb8fa7806 dc22aff51ff19f9c6a6abccd2c671202b290dc7659b4a39022b5feefdb8e866b
SERVER_HANDSHAKE_TRAFFIC_SECRET 1804c2bf27101ea1200f5a0899560b200bbeb0af6a070accce5bbb9fb8fa7806 a7b9cfa37042968770c26442732efbc6cad6141880cd4a7431e001b74d921baa
CLIENT_TRAFFIC_SECRET_0 4f065d1b71d43e12e9b6fb932a85251f013e87d342880414b1913ffa376fe484 384da8e3554f2c7d72214b9fcd6cc4ade84698d7685d4225e8c7f7cea8ffad16
SERVER_TRAFFIC_SECRET_0 4f065d1b71d43e12e9b6fb932a85251f013e87d342880414b1913ffa376fe484 dbcef71cef00889b3029ea32e7f304e7a937d0877097271a7cd3bb0fff4d06a4
EXPORTER_SECRET 4f065d1b71d43e12e9b6fb932a85251f013e87d342880414b1913ffa376fe484 f7450389b8301da6afdc6daf1d486445de3ad9740b865145735d42de7f9e51a4
CLIENT_TRAFFIC_SECRET_0 1804c2bf27101ea1200f5a0899560b200bbeb0af6a070accce5bbb9fb8fa7806 5beda1b7b7c1f0a3bc5fa53c1fe8877b1159f843d87f2aeb49f8499886994380
SERVER_TRAFFIC_SECRET_0 1804c2bf27101ea1200f5a0899560b200bbeb0af6a070accce5bbb9fb8fa7806 c2ee96c7a2e6dc0d7018b4cc9df59264d0d8605bf95953e14d5f86bf7b72949a
EXPORTER_SECRET 1804c2bf27101ea1200f5a0899560b200bbeb0af6a070accce5bbb9fb8fa7806 21393fcc53a43e4fd509ceb47e8f47b68311dcd604d14ea80d16a1e5dfe2c0d2
CLIENT_HANDSHAKE_TRAFFIC_SECRET 2371550a68b2a2b3aa39dd99d90a67805d9171e2f959b5c0de7f29e1b3c48e0b 24169d5af3d4ec53c6ad23cfd7e3ccbfadc4942b4791757ab4c103530fa9fde2
SERVER_HANDSHAKE_TRAFFIC_SECRET 2371550a68b2a2b3aa39dd99d90a67805d9171e2f959b5c0de7f29e1b3c48e0b 60a27272e720b76fd5fbe95793009530d0923addaff5e6f54d6a9861e62c10b2
CLIENT_TRAFFIC_SECRET_0 2371550a68b2a2b3aa39dd99d90a67805d9171e2f959b5c0de7f29e1b3c48e0b 0291fd59d0d6cb2a92d5aea9332cbe0935996cce56ad100790cbfcc791a16c24
SERVER_TRAFFIC_SECRET_0 2371550a68b2a2b3aa39dd99d90a67805d9171e2f959b5c0de7f29e1b3c48e0b a5332a6a9d061a395839634ee533285a44488a1432fbd994c995f9b4011d9bdb
EXPORTER_SECRET 2371550a68b2a2b3aa39dd99d90a67805d9171e2f959b5c0de7f29e1b3c48e0b 39007ff4f77056902e18524efc5680615558d7647d9dfbedef0ddae60b4b24b5
CLIENT_HANDSHAKE_TRAFFIC_SECRET 4f3a13994c8de0c350554e445ef41eea260ad5ddcca68548120a780165977fd6 402083a5e11ceefd8a495dac7aa964badf514e9fd1dbe95e8f792d49ac75f23d
SERVER_HANDSHAKE_TRAFFIC_SECRET 4f3a13994c8de0c350554e445ef41eea260ad5ddcca68548120a780165977fd6 85a9ee0da3d33b6b35eb01055bfd65b81741db96018cf67b33c6a16d0dd04932
CLIENT_HANDSHAKE_TRAFFIC_SECRET 52cb4bd60754ba5aad196d5b52e02407fcf01de7be0caffdc3e8e9c11c1d5823 4215a46d75015efc336f831ccaaaabc830e3f71d084f8a9f679570e1767f1531
SERVER_HANDSHAKE_TRAFFIC_SECRET 52cb4bd60754ba5aad196d5b52e02407fcf01de7be0caffdc3e8e9c11c1d5823 34d6f08e1c4371763841d9849b2f546908bc2479277c3095da586cea64a4b1ab
CLIENT_HANDSHAKE_TRAFFIC_SECRET dec5a207b978b70cf34b710531ed3e09aec31d6a21e6b4d666d20d420e05583b e822f01fd9bd6bd41719596a851b45798d07adab41bffedae129d0441ab36b26
SERVER_HANDSHAKE_TRAFFIC_SECRET dec5a207b978b70cf34b710531ed3e09aec31d6a21e6b4d666d20d420e05583b 672966e457fa1b196bc5421880e9216326a36e48a46ffa3c04732c32837d5c61
CLIENT_HANDSHAKE_TRAFFIC_SECRET d06780b0c4501bedd12b47e32dbb95e8d89cb776eea0a823c93b56fccfdb49ba 036a70a61af826c4bb14ba262c10b578d030a3756aa165244cab04c3185b84cf
SERVER_HANDSHAKE_TRAFFIC_SECRET d06780b0c4501bedd12b47e32dbb95e8d89cb776eea0a823c93b56fccfdb49ba 80c0d49fad74033b78407cdc81c77f38e36e29a2a43f7ab166540d6f469e7eef
CLIENT_HANDSHAKE_TRAFFIC_SECRET f0d9443f8abd4f4819654b5a7706fdde108c8e8dba05f66188f98008264d7932 04f6ef08eb8d323b1adf7ac800d132d4b7999267495921cdcdfcc6405cf663ff
SERVER_HANDSHAKE_TRAFFIC_SECRET f0d9443f8abd4f4819654b5a7706fdde108c8e8dba05f66188f98008264d7932 cc05d13d75b276d1a0ea9ca872c44e67ff5a8c15219f480fbb85e51c6100e5d7
CLIENT_HANDSHAKE_TRAFFIC_SECRET 57389d8076547d8affdd520896ddaac00be17ec6748ef8e554157e1a3abd4173 f08b9e85cac748da2da6874142f6fdd6739ee71b67d1195a96613fe0b44c4ee7
SERVER_HANDSHAKE_TRAFFIC_SECRET 57389d8076547d8affdd520896ddaac00be17ec6748ef8e554157e1a3abd4173 d967db3c71d2d4fc8332e380c0ae119c162b7c3a3204e7d4e9656bb67c402040
CLIENT_TRAFFIC_SECRET_0 4f3a13994c8de0c350554e445ef41eea260ad5ddcca68548120a780165977fd6 972b314157434e5d8d2f898b63177871873ebc335e35f3a36bcb76b530fe505a
SERVER_TRAFFIC_SECRET_0 4f3a13994c8de0c350554e445ef41eea260ad5ddcca68548120a780165977fd6 ee20397b2b84271920aca9ca23f35d48c631ee58d7a5f442262c6753509a6882
EXPORTER_SECRET 4f3a13994c8de0c350554e445ef41eea260ad5ddcca68548120a780165977fd6 5b896f4c17b2974551d18ac5b77a1b983c6ce17b929e9e679abecae4eec3e5af
CLIENT_TRAFFIC_SECRET_0 52cb4bd60754ba5aad196d5b52e02407fcf01de7be0caffdc3e8e9c11c1d5823 59004a57adc0f9c815576fe260f91c69d09c4c5ca6b5f103591b3db9002705ce
SERVER_TRAFFIC_SECRET_0 52cb4bd60754ba5aad196d5b52e02407fcf01de7be0caffdc3e8e9c11c1d5823 52e065ce9cfcd75526c8c0b3e61bca8cf0e0526db05e548977adcce3d45acb0a
EXPORTER_SECRET 52cb4bd60754ba5aad196d5b52e02407fcf01de7be0caffdc3e8e9c11c1d5823 58a1b7893d53a20a838b3cb6a3e08ae1ede55506086ef58f837c0a050a99b2d8
CLIENT_TRAFFIC_SECRET_0 dec5a207b978b70cf34b710531ed3e09aec31d6a21e6b4d666d20d420e05583b 692b84ca0687cfb343405d14a6d04dbe8369565be89aacd645d470962e4d726f
SERVER_TRAFFIC_SECRET_0 dec5a207b978b70cf34b710531ed3e09aec31d6a21e6b4d666d20d420e05583b e44a614681a1bfd148ba3b391944c5f66a1aef4e2f427f92ab37422bb1d2b70d
EXPORTER_SECRET dec5a207b978b70cf34b710531ed3e09aec31d6a21e6b4d666d20d420e05583b e8f6f0251284c5c8d30db0edf7a483e5ba81bf73c35d1acc0741987696dae553
CLIENT_TRAFFIC_SECRET_0 d06780b0c4501bedd12b47e32dbb95e8d89cb776eea0a823c93b56fccfdb49ba 2073ad907b28075494e11a8d62e821d52e7458e22959e58e22f90ca6502f2163
SERVER_TRAFFIC_SECRET_0 d06780b0c4501bedd12b47e32dbb95e8d89cb776eea0a823c93b56fccfdb49ba 43725faaa86249410afc5704dd32bf8b23695633931180375b5fa651f885f3d4
EXPORTER_SECRET d06780b0c4501bedd12b47e32dbb95e8d89cb776eea0a823c93b56fccfdb49ba 58a6cdd46d58efcb59ab537092171d78b70c532ceb9fb575b072b8ecf5328057
CLIENT_TRAFFIC_SECRET_0 f0d9443f8abd4f4819654b5a7706fdde108c8e8dba05f66188f98008264d7932 08489044b6a3e29d794d2734eac971d13f700bc2be47bb03dca497f605b9bcfc
SERVER_TRAFFIC_SECRET_0 f0d9443f8abd4f4819654b5a7706fdde108c8e8dba05f66188f98008264d7932 40eccdc7400f62c2abdd0590b8aaf215a738e3de91792372bdfb4d4f17979c90
EXPORTER_SECRET f0d9443f8abd4f4819654b5a7706fdde108c8e8dba05f66188f98008264d7932 2226263493185e4dfa7814db419fed828e9519dd99e25a00c7c82e022bb9575d
CLIENT_TRAFFIC_SECRET_0 57389d8076547d8affdd520896ddaac00be17ec6748ef8e554157e1a3abd4173 8f456c65b7ba70192f861c57c4579b0d2c8e5278a63e7ec1a726dcc0dfbbf2a7
SERVER_TRAFFIC_SECRET_0 57389d8076547d8affdd520896ddaac00be17ec6748ef8e554157e1a3abd4173 fa5cf4b6faf0c2d7e992309e68f5fca9f754c8c115e63d4150065a4a2bd04101
EXPORTER_SECRET 57389d8076547d8affdd520896ddaac00be17ec6748ef8e554157e1a3abd4173 cb843103f35b088f5178da860d149a093879cf54ea2af8be4c6ca5449f40df48
CLIENT_HANDSHAKE_TRAFFIC_SECRET 519dbf76ef28a6b7c64f1e62a363f99839ae3acf257f7a418f1c25536cfc86fd 09036f956275e06082cdc46b6118cb85240634f9e7b022cbeb9fd63b2c697470
SERVER_HANDSHAKE_TRAFFIC_SECRET 519dbf76ef28a6b7c64f1e62a363f99839ae3acf257f7a418f1c25536cfc86fd 6635bd48dac9196fba21fa7bf4c9f35783c1f6d0dbd8a7b3c3465906db3f5395
CLIENT_TRAFFIC_SECRET_0 519dbf76ef28a6b7c64f1e62a363f99839ae3acf257f7a418f1c25536cfc86fd 169234e54ece6d6eb5420539d785989c75dc043425e06f6d30dd6e6947952b3d
SERVER_TRAFFIC_SECRET_0 519dbf76ef28a6b7c64f1e62a363f99839ae3acf257f7a418f1c25536cfc86fd b1200113062e93dfebde6eaa0a1d98b77e25bf79bf29264fcd6d3745ea5ebe8f
EXPORTER_SECRET 519dbf76ef28a6b7c64f1e62a363f99839ae3acf257f7a418f1c25536cfc86fd 34eedb0135f6c299c4c75155191b7b3111327a9f875744f1d7a264bd1c9eefc4
CLIENT_HANDSHAKE_TRAFFIC_SECRET 521ccca2ffb9a2c5b049da33ae53927121c9c38a4843559ce01959c9ee316d72 f00414ee09438fd9b6eaba67dd8b6170256110b042e7d864405c128191c3c252
SERVER_HANDSHAKE_TRAFFIC_SECRET 521ccca2ffb9a2c5b049da33ae53927121c9c38a4843559ce01959c9ee316d72 75590006e4a681c52ff5023c2dc4ee0515de8f2772aba61fd92434456f43991f
CLIENT_HANDSHAKE_TRAFFIC_SECRET 54f9ed75bc6a7923cc5142a685c2fa9cf8d72a3277dbdd4187adab96e97af470 906aa188f465966eaacb81a89a9ba42d1804a914c9b512e01551467a40ab3659
SERVER_HANDSHAKE_TRAFFIC_SECRET 54f9ed75bc6a7923cc5142a685c2fa9cf8d72a3277dbdd4187adab96e97af470 fcd9e1140f7aa090fdcaf59422471a20d4168f18164283f6d212beb985663351
CLIENT_HANDSHAKE_TRAFFIC_SECRET 0bb867837d9460be12318361d753afbc49663bd85709e811f70be5dc933595a7 cc8c84c3f6b2cfd531d5677c8fa58307582ca4e0647f0ef771ddce8daf2667f9
SERVER_HANDSHAKE_TRAFFIC_SECRET 0bb867837d9460be12318361d753afbc49663bd85709e811f70be5dc933595a7 4732c1c6ecc2eee9ab2f03dbef99cf298038336c61ad0748e8f7b1622f7c91b8
CLIENT_HANDSHAKE_TRAFFIC_SECRET c6b3b50c3a3e6e9cb6c90f579acc4b99f2cfdea1606ce709fc0b20877029d8ca 195f6c3d61165ab5a0a9bf6a7505de753566bbe8c1184eb1ae314fef802e29f1
SERVER_HANDSHAKE_TRAFFIC_SECRET c6b3b50c3a3e6e9cb6c90f579acc4b99f2cfdea1606ce709fc0b20877029d8ca 5a07b0f182c7602635b35991c5a0b3fb36d31beb4319cebe8628c6b947a671b0
CLIENT_HANDSHAKE_TRAFFIC_SECRET 04a42e8441a896c60956050892aa0e7edfe9cade034446d194793c8eedda2934 29b655342da484af1ad3428fab471e6ab3b49c1cf42cc38ea533ba2320d4a445
SERVER_HANDSHAKE_TRAFFIC_SECRET 04a42e8441a896c60956050892aa0e7edfe9cade034446d194793c8eedda2934 d2352489c6d9d8250761cbc53722770750c3c45f7c2c136831cc18dedd658a52
CLIENT_TRAFFIC_SECRET_0 04a42e8441a896c60956050892aa0e7edfe9cade034446d194793c8eedda2934 68bb390068a928cbdb78dec7163696e6662d108b5005330378efc4cb94a7d342
SERVER_TRAFFIC_SECRET_0 04a42e8441a896c60956050892aa0e7edfe9cade034446d194793c8eedda2934 04a7577fc7d258419b40b1657a320730ecda20fa29ab12d2291c52e932eae2af
EXPORTER_SECRET 04a42e8441a896c60956050892aa0e7edfe9cade034446d194793c8eedda2934 6caa16d6d286ecdfc13a6315e10e0c920010b65e7b5de1c9d44d64a18dc85f50
CLIENT_HANDSHAKE_TRAFFIC_SECRET 1d63507445772125aeee6b22a110fb7769dd3e4921af975e4674882438458949 364ee09f3f1a13b6737973eed7858c764d9331206d37b5fb8ffe0cde273fcecf
SERVER_HANDSHAKE_TRAFFIC_SECRET 1d63507445772125aeee6b22a110fb7769dd3e4921af975e4674882438458949 7190c42161847b49c2b784a567b8f5f83d34762c90ef0cc8697bac027c1342a8
CLIENT_HANDSHAKE_TRAFFIC_SECRET c57db184aa18e7ce923d1b8a938ca50ad1be95016d74608823b274d5350dc2b6 432b6113928626e2cd3ef86a4d04cc64f73afd3dd4a8a7e4f088047bc4ac2623
SERVER_HANDSHAKE_TRAFFIC_SECRET c57db184aa18e7ce923d1b8a938ca50ad1be95016d74608823b274d5350dc2b6 7f7adf7b9f534f807668bce4dbac767d18e85a9bbdc990ac031acbbbcd0fa613
CLIENT_TRAFFIC_SECRET_0 c57db184aa18e7ce923d1b8a938ca50ad1be95016d74608823b274d5350dc2b6 cf39fa424fba9e4b89f06e96eb7b5ebf08d0d99abf21811f4d8279ef0cd98b94
SERVER_TRAFFIC_SECRET_0 c57db184aa18e7ce923d1b8a938ca50ad1be95016d74608823b274d5350dc2b6 2298cc5b51ca7c5cd0b8e62a7943a7c135fcb02581c0c1aa2c35bf5b2592b8f3
EXPORTER_SECRET c57db184aa18e7ce923d1b8a938ca50ad1be95016d74608823b274d5350dc2b6 43a7eb4bbbcbb74c7c09d9442ac3f574f241fa0021b4a95fc0557fa12a945cbf
CLIENT_HANDSHAKE_TRAFFIC_SECRET c2cfc00d95ca538a431883f5753d0522d38b5e22c9102f4bc523f21aab57e536 968b7db76545fe6a7abdbd8f92edabf6f9f4a581d4b03f0765413c9741fa0f06
SERVER_HANDSHAKE_TRAFFIC_SECRET c2cfc00d95ca538a431883f5753d0522d38b5e22c9102f4bc523f21aab57e536 bc622f37d51d044b5abb07b05c57b02b422224bc34765a92ffb87a779891307d
CLIENT_TRAFFIC_SECRET_0 1d63507445772125aeee6b22a110fb7769dd3e4921af975e4674882438458949 84ee95098a231262fb05ee4a22bcb7e6589e8a1e583ec929bde60cede82d4c8d
SERVER_TRAFFIC_SECRET_0 1d63507445772125aeee6b22a110fb7769dd3e4921af975e4674882438458949 801ee15a09a0b0228b1423598ad0600a3db29c44ffa765150e5dae2424baebdd
EXPORTER_SECRET 1d63507445772125aeee6b22a110fb7769dd3e4921af975e4674882438458949 fd0dfbe3672413b0f08658cf2ff8b51c20147a971e97f0b0e3b14eac41f18f2d
CLIENT_TRAFFIC_SECRET_0 521ccca2ffb9a2c5b049da33ae53927121c9c38a4843559ce01959c9ee316d72 65159919e82191ef1216dae3694457366107e9547ebc3cdda0825f57f6077659
SERVER_TRAFFIC_SECRET_0 521ccca2ffb9a2c5b049da33ae53927121c9c38a4843559ce01959c9ee316d72 52f7ff6b55ad1229d8dfa1bd1482cc0f7602d96b7ecf1cfd1f292414e1512096
EXPORTER_SECRET 521ccca2ffb9a2c5b049da33ae53927121c9c38a4843559ce01959c9ee316d72 f4694fabd1c29774d50cb89ed179439ae5c484a8012d9fb0d1dd06b484ab4c6e
CLIENT_TRAFFIC_SECRET_0 54f9ed75bc6a7923cc5142a685c2fa9cf8d72a3277dbdd4187adab96e97af470 97028c4f12aa8ef04ca2ce894207b464b166b25cda7ab63777ded80c25c19b53
SERVER_TRAFFIC_SECRET_0 54f9ed75bc6a7923cc5142a685c2fa9cf8d72a3277dbdd4187adab96e97af470 426d17a85a2a58cc33570ca682fbecd12f1890812f5402626f73e561d965705d
EXPORTER_SECRET 54f9ed75bc6a7923cc5142a685c2fa9cf8d72a3277dbdd4187adab96e97af470 04a9425e2d56dae2afcf95c84e43cab67ad21ca8d64b45c033fe85e736ba3955
CLIENT_TRAFFIC_SECRET_0 c2cfc00d95ca538a431883f5753d0522d38b5e22c9102f4bc523f21aab57e536 99dcb2f39789313a8add772d8476974ce0d6b64c68f6605b00a46fbbeebe276c
SERVER_TRAFFIC_SECRET_0 c2cfc00d95ca538a431883f5753d0522d38b5e22c9102f4bc523f21aab57e536 87660b3357fdb09784ab4e92e078a02f30ee6da12ed0cd0abf8b245992426119
EXPORTER_SECRET c2cfc00d95ca538a431883f5753d0522d38b5e22c9102f4bc523f21aab57e536 c2b086d8fdd38b6b1210a10bf6328a44b89f5d36e4ecbf1f39da9f152c5e394c
CLIENT_TRAFFIC_SECRET_0 0bb867837d9460be12318361d753afbc49663bd85709e811f70be5dc933595a7 ea542e53b77e8cfff093b51bdaa3c5935e93b7573313490c53354d16992437c8
SERVER_TRAFFIC_SECRET_0 0bb867837d9460be12318361d753afbc49663bd85709e811f70be5dc933595a7 94f885c85eb21b8591323d4f426b9bcb6dd31a469a488a3e5b2f9a52551a705d
EXPORTER_SECRET 0bb867837d9460be12318361d753afbc49663bd85709e811f70be5dc933595a7 f0df1a3fa77a4af30788993f135c1520234bee04a39bf6b03404017182a9e364
CLIENT_HANDSHAKE_TRAFFIC_SECRET aee27c5474753c47b87c449ba785cf26fa09e11a49683fbf259932f8930554b8 1e2301fe1eb4a5075dfcddbe1c65735ca84709262d6106a7b278f88cfd414610
SERVER_HANDSHAKE_TRAFFIC_SECRET aee27c5474753c47b87c449ba785cf26fa09e11a49683fbf259932f8930554b8 db9fd8a6ea731be60301e35e06cce6913be119220e6e6b3fbea6cf141f0de128
CLIENT_TRAFFIC_SECRET_0 c6b3b50c3a3e6e9cb6c90f579acc4b99f2cfdea1606ce709fc0b20877029d8ca 68e689f753e2d90681f771973d83e041c70b5901b64153667884c72bcb3681a3
SERVER_TRAFFIC_SECRET_0 c6b3b50c3a3e6e9cb6c90f579acc4b99f2cfdea1606ce709fc0b20877029d8ca 55b7e0c48706648d79a1a8bc962fa65b3b28ca5d60cf103617d235008e92f383
EXPORTER_SECRET c6b3b50c3a3e6e9cb6c90f579acc4b99f2cfdea1606ce709fc0b20877029d8ca 8b316f6a5f14fa436d7872827c225abc9e58f60bb974adaa2eef6ff83de54e82
CLIENT_TRAFFIC_SECRET_0 aee27c5474753c47b87c449ba785cf26fa09e11a49683fbf259932f8930554b8 6d5a8ca624c127ba0a020e88e0f80dc65b4a673f431eb779c879e33aa62ac687
SERVER_TRAFFIC_SECRET_0 aee27c5474753c47b87c449ba785cf26fa09e11a49683fbf259932f8930554b8 dd40d43667b21fc8d0c0bdac72cb2f79e37357cb5cbf8d30262d16168e0054ff
EXPORTER_SECRET aee27c5474753c47b87c449ba785cf26fa09e11a49683fbf259932f8930554b8 59fb76d3e8553a2ebed648f9f7e5b3722c9373cf6078fd6bdb27f4c17ec06d1b
CLIENT_HANDSHAKE_TRAFFIC_SECRET 6bd645bd00b8e6b2b35ec79b6748420120c1daa4f640507f9601e84089ea3a87 ee9f721ef33121ab5cc586c558625f66725bdf60cffaf2713a361d97111945c8
SERVER_HANDSHAKE_TRAFFIC_SECRET 6bd645bd00b8e6b2b35ec79b6748420120c1daa4f640507f9601e84089ea3a87 1e8257717d3da61cf0d611afc3a600f7dd4792a96ee19823dec93addeedf8351
CLIENT_HANDSHAKE_TRAFFIC_SECRET 4013d249c6b4d7727ebc2a7a9dab157b6acc5efdd91562e1d3ef95a8be402083 5d835ff514357025d69286aafb8d8e32e623aeaeea59ee61617d628d0e374414ca2c5a93eddc93482ca9de156ce72e99
SERVER_HANDSHAKE_TRAFFIC_SECRET 4013d249c6b4d7727ebc2a7a9dab157b6acc5efdd91562e1d3ef95a8be402083 cbd18f7d63aabf0bce3a2acf79572790f1c90c2968460e3647918cb78a793232508bb427e9cb96d2c2538419219e2cf4
CLIENT_HANDSHAKE_TRAFFIC_SECRET 52eacf827c0be094b9073bb3795a2a553a7378a581f725b1b4065ce3d30c7aed 6b740b14770a05df60b4a5770e28492202f5055a8def8f7465cf6165f82268328ac765db28c7a3ded95c10cfb30edb1a
SERVER_HANDSHAKE_TRAFFIC_SECRET 52eacf827c0be094b9073bb3795a2a553a7378a581f725b1b4065ce3d30c7aed c7eb4b47d6b45e519a1409cf7745adb44d581da1deeaa2e8706e99ca35bca01f7cf1df0974a25a6c0473ca4ff5601543
CLIENT_HANDSHAKE_TRAFFIC_SECRET d97810f1039b3bbe29be9c88796d80c0e0146428483af55616b599ee0264c0e0 61594c3ec8c1a0ff174ecd60b9f98e2dc08a678a39ab549e7cb64296889fcb97
SERVER_HANDSHAKE_TRAFFIC_SECRET d97810f1039b3bbe29be9c88796d80c0e0146428483af55616b599ee0264c0e0 7e024af94270f406e2cec4a2a99c71325b7a11d727ebcfd6334d51b3f33cf7b4
CLIENT_HANDSHAKE_TRAFFIC_SECRET f4c3e755a2c90da715058b0f9fe025ef5ead61d0c4825647bba0614704a56832 308b41c128b0e207d47d11df4fde478aff7ed53219ebb04092eb883d2c5158d4
SERVER_HANDSHAKE_TRAFFIC_SECRET f4c3e755a2c90da715058b0f9fe025ef5ead61d0c4825647bba0614704a56832 f1ba359796251dfda1b1e41da6e3ec4de1d024db47ecf3427381fa54d3037469
CLIENT_HANDSHAKE_TRAFFIC_SECRET d55fb8fc3f097a05c3809a2a48c9b2255c32b5e02da989d1fbff8bc326f08ac4 0b5f603469a4cd6710e836d23b94293a5a1dc068164d919b3cc807b7034b31bf
SERVER_HANDSHAKE_TRAFFIC_SECRET d55fb8fc3f097a05c3809a2a48c9b2255c32b5e02da989d1fbff8bc326f08ac4 0c5cbd7eb86b8a7c284ce6eb0d133e94e2b50971ef12c3221519ce425a822fbc
CLIENT_HANDSHAKE_TRAFFIC_SECRET b177a05d69202c08eec9bd939a7386064ecfbe3bdc944ef273883017d5520fb3 7fd71b8c592a7b6c2e3c27f7ac0c1eda80f4a0c08f1665c94b99162e4d41e63a
SERVER_HANDSHAKE_TRAFFIC_SECRET b177a05d69202c08eec9bd939a7386064ecfbe3bdc944ef273883017d5520fb3 8bf308fa4ccca3a9632c0849ffb52a4eaa42f1d9868b599d82e86c4cd08b0a4f
CLIENT_TRAFFIC_SECRET_0 4013d249c6b4d7727ebc2a7a9dab157b6acc5efdd91562e1d3ef95a8be402083 33419525da69d8dc497c395596b35c366ccfa19306d1edb2dee6106a8970a1f1e797e24980897484ea498070cb8566f3
SERVER_TRAFFIC_SECRET_0 4013d249c6b4d7727ebc2a7a9dab157b6acc5efdd91562e1d3ef95a8be402083 e013f5bf88033726f93a51e4b0f8c261244abb560ac19396a613b5aed10ab0687369f73dd6818038d804f8bcb99d69ce
EXPORTER_SECRET 4013d249c6b4d7727ebc2a7a9dab157b6acc5efdd91562e1d3ef95a8be402083 556574b2f6cfb95bfbe55b97e9c5b68f1fb36ba4178035aecc0f6c1339d95aded3b4088689f64679809a58d443fc15ca
CLIENT_TRAFFIC_SECRET_0 52eacf827c0be094b9073bb3795a2a553a7378a581f725b1b4065ce3d30c7aed 49e31d91bcffd33175389bbab6a7769a44b0b19f34d15bd4ac76c63cb9d0f55b9313b26bb0399448ecd921d48ebd70db
SERVER_TRAFFIC_SECRET_0 52eacf827c0be094b9073bb3795a2a553a7378a581f725b1b4065ce3d30c7aed eee48a8674f446227591a217282395ce011d3d754768a297f74112bcd77e6090ce620db1438fab533e18a7bfd33690e2
EXPORTER_SECRET 52eacf827c0be094b9073bb3795a2a553a7378a581f725b1b4065ce3d30c7aed 9c0ea15061ac9b4f882e8885354aa3298004779b1c97f579349aa4ced469c17950b640754db12c21d8a47cf5000d9769
CLIENT_TRAFFIC_SECRET_0 d97810f1039b3bbe29be9c88796d80c0e0146428483af55616b599ee0264c0e0 e2a1ff45cc54ede91f412c3e216483fef1d91af38bebf4ff54544ba2eab0a483
SERVER_TRAFFIC_SECRET_0 d97810f1039b3bbe29be9c88796d80c0e0146428483af55616b599ee0264c0e0 dd8407c18010a78e9c813f17d291f6938ef1089cce64035675c312b29eafa29b
EXPORTER_SECRET d97810f1039b3bbe29be9c88796d80c0e0146428483af55616b599ee0264c0e0 519bda02488c9a2075e04113aab254d93b84751ea7b99552e552703064cc8ce9
CLIENT_TRAFFIC_SECRET_0 d55fb8fc3f097a05c3809a2a48c9b2255c32b5e02da989d1fbff8bc326f08ac4 dead0ecd3f86e8aa039ebf57f6d77550de6b703ee555fe7ee7beb39527217cb6
SERVER_TRAFFIC_SECRET_0 d55fb8fc3f097a05c3809a2a48c9b2255c32b5e02da989d1fbff8bc326f08ac4 478c481f93dc7bf87b01d7504900e219f8beac7422a4d3cad578fdc436621a03
EXPORTER_SECRET d55fb8fc3f097a05c3809a2a48c9b2255c32b5e02da989d1fbff8bc326f08ac4 b7e955add849566fa673f9b77e395accb3909fddca0426e8caa23ee015cb4ed3
CLIENT_TRAFFIC_SECRET_0 b177a05d69202c08eec9bd939a7386064ecfbe3bdc944ef273883017d5520fb3 c8f343b63b65e90dd3a10c51e652d50474446cb3a0b676d44ebd1eac76202e28
SERVER_TRAFFIC_SECRET_0 b177a05d69202c08eec9bd939a7386064ecfbe3bdc944ef273883017d5520fb3 0e021776bc5b7036aaefd66958b2cd5d6aafe4a68dad597aa85e2126ae19a214
EXPORTER_SECRET b177a05d69202c08eec9bd939a7386064ecfbe3bdc944ef273883017d5520fb3 a6cedacdc11442b368ca5523bdd3339b78eee3a847f6ae71c7f766362a59a372
CLIENT_TRAFFIC_SECRET_0 6bd645bd00b8e6b2b35ec79b6748420120c1daa4f640507f9601e84089ea3a87 0aa85375d22088d5261726e2c12f25c1bffbd086a79bcca1ee6537fd8e020f4d
SERVER_TRAFFIC_SECRET_0 6bd645bd00b8e6b2b35ec79b6748420120c1daa4f640507f9601e84089ea3a87 52b8723940c38a0a26732f861aec95457e6fa6d167241c0cb395b712e42c7819
EXPORTER_SECRET 6bd645bd00b8e6b2b35ec79b6748420120c1daa4f640507f9601e84089ea3a87 e73b168eaa003332633a3d4aa9b3ffae3604dc87f6ab54fb42c06c98b592bedc
CLIENT_TRAFFIC_SECRET_0 f4c3e755a2c90da715058b0f9fe025ef5ead61d0c4825647bba0614704a56832 436fdd85794be96f34c30a7843d65ab6b9596011d7e25cc4e5891fed754488d4
SERVER_TRAFFIC_SECRET_0 f4c3e755a2c90da715058b0f9fe025ef5ead61d0c4825647bba0614704a56832 997ec72aa5fa19f30dc5dc8dbffff9a56e0f0684775daa4df7eb058fff4b5541
EXPORTER_SECRET f4c3e755a2c90da715058b0f9fe025ef5ead61d0c4825647bba0614704a56832 e3314ce4ec761bc9c7b9b9f4c078f8fae2e3558fa63c447f0d7f17089254eb73
CLIENT_HANDSHAKE_TRAFFIC_SECRET 86528d83f9a7ab03d4021c30ca92d25ce70c55ca409547c1e66de1ab595abd30 09d60e3329c4671bbc97ad4b082cbdf20a940e88a1dfb5294fafbc6bee85c850
SERVER_HANDSHAKE_TRAFFIC_SECRET 86528d83f9a7ab03d4021c30ca92d25ce70c55ca409547c1e66de1ab595abd30 a8feb6b2ca1697433801ba9650657c6bcbe72ec416ff760a78f3703bcf88a038
CLIENT_TRAFFIC_SECRET_0 86528d83f9a7ab03d4021c30ca92d25ce70c55ca409547c1e66de1ab595abd30 b3823ddf3e42a940b925aca1e94e225b7402f01fecea608e9ee22f8a970f03f1
SERVER_TRAFFIC_SECRET_0 86528d83f9a7ab03d4021c30ca92d25ce70c55ca409547c1e66de1ab595abd30 8bd19af55cdacacf153ad8fc4128e9099c6c9c583e023a2f7ee2aee2dd4b3444
EXPORTER_SECRET 86528d83f9a7ab03d4021c30ca92d25ce70c55ca409547c1e66de1ab595abd30 8d6700b8c47d8dffd0b92cb9f4726e0d81fd2b652167ac9b62748c646229f99c
CLIENT_HANDSHAKE_TRAFFIC_SECRET 7861970a99d7e8154d0d80745d8be53f0b9280127777a97fd4bf71d3f903ffa5 64a51180de47c355cc339b7294e00be590014d0f08c71a22b36f666617ef836c
SERVER_HANDSHAKE_TRAFFIC_SECRET 7861970a99d7e8154d0d80745d8be53f0b9280127777a97fd4bf71d3f903ffa5 1f0a1f5e6c2722abcf52db532cfbbefd2a28c9ae15a91b674db2e0caac903564
CLIENT_TRAFFIC_SECRET_0 7861970a99d7e8154d0d80745d8be53f0b9280127777a97fd4bf71d3f903ffa5 f49efbf5267b6763fd40808231939dbf0da7cc02d1bb21ba568cbdd89d0743af
SERVER_TRAFFIC_SECRET_0 7861970a99d7e8154d0d80745d8be53f0b9280127777a97fd4bf71d3f903ffa5 a0e0f9e23d24e6923964ce77643e9299e2c25ac0b71a64b09553fa20a8aa20e5
EXPORTER_SECRET 7861970a99d7e8154d0d80745d8be53f0b9280127777a97fd4bf71d3f903ffa5 3c97d0f5fe54034cca6e660bbf626aa73651e0d60e0ca238cf8dfcf8e905ff5a
CLIENT_HANDSHAKE_TRAFFIC_SECRET 577df3d2e3a9a329fe3e9e30e9355ae16741f143a30915201b1e4618d66e421f c8d4dc0cf9e91ece3e66f7751ea7d69a946e4e456c3ba8c73cddbe5413a49f4a
SERVER_HANDSHAKE_TRAFFIC_SECRET 577df3d2e3a9a329fe3e9e30e9355ae16741f143a30915201b1e4618d66e421f b8abb10f87374c0ab7b22a3301c4794fa231abb25938ba61e90b4bdded354629
CLIENT_HANDSHAKE_TRAFFIC_SECRET f154cdb8966319d20416b76b1e77ac59faec36714de8af4f71e5223c2c9f1ec5 f39a4051c5db9c50c509d52d13c290b0a26bd25794d15b0400a5fec72f11cff6
SERVER_HANDSHAKE_TRAFFIC_SECRET f154cdb8966319d20416b76b1e77ac59faec36714de8af4f71e5223c2c9f1ec5 399783d15b82f43979ac0d4c400e73417f7055a3d087890e8dde0267e75227a4
CLIENT_TRAFFIC_SECRET_0 577df3d2e3a9a329fe3e9e30e9355ae16741f143a30915201b1e4618d66e421f 7d7b70057b8fe370a44bdea0817f19e39bf4afddc2cf676e00308bb31c9ffe18
SERVER_TRAFFIC_SECRET_0 577df3d2e3a9a329fe3e9e30e9355ae16741f143a30915201b1e4618d66e421f 7b8bf6bbb81ae822ceb8f0ec2df56264568a5831249c9b0d3b73e1c29e91aa27
EXPORTER_SECRET 577df3d2e3a9a329fe3e9e30e9355ae16741f143a30915201b1e4618d66e421f e0a6aea0b53896b6471ffcd3e777b9748534c43a3c4752c15c91baf6f7aeb7e2
CLIENT_TRAFFIC_SECRET_0 f154cdb8966319d20416b76b1e77ac59faec36714de8af4f71e5223c2c9f1ec5 57a2ce6b832c66984a423af0e9f0ad37df94effbb12ad6a2c1510246614be5d4
SERVER_TRAFFIC_SECRET_0 f154cdb8966319d20416b76b1e77ac59faec36714de8af4f71e5223c2c9f1ec5 eda0db3a1838a56dfaf6c8f660ce64270b711bd70304ff0e309988732a66fd3d
EXPORTER_SECRET f154cdb8966319d20416b76b1e77ac59faec36714de8af4f71e5223c2c9f1ec5 5ebb980fb7fe41562c25cded21ffb1ad835232b3637a54617202772cc6201c9a
CLIENT_HANDSHAKE_TRAFFIC_SECRET 1822be8b2bedf0409bd82149beeb5b8c43c3d9515bba8ef27f891b83d4b934ef 99739a48d9e888dc3a6489e3c526808c68a8567d71774026b49daef842ef8951
SERVER_HANDSHAKE_TRAFFIC_SECRET 1822be8b2bedf0409bd82149beeb5b8c43c3d9515bba8ef27f891b83d4b934ef 743cb2ed7a43877b2612a6373cd36b753d468f16c354498e205ece343efa6c4a
CLIENT_TRAFFIC_SECRET_0 1822be8b2bedf0409bd82149beeb5b8c43c3d9515bba8ef27f891b83d4b934ef 95703b3bc5aa6ae0921cc2a96861fef6963fe3197f58917231eb37fb5d44afda
SERVER_TRAFFIC_SECRET_0 1822be8b2bedf0409bd82149beeb5b8c43c3d9515bba8ef27f891b83d4b934ef 785faacfd32519fdf4e49dec953db1ef31410dcf6edeee7103ffb20caa28f8c1
EXPORTER_SECRET 1822be8b2bedf0409bd82149beeb5b8c43c3d9515bba8ef27f891b83d4b934ef 1cbccf4ab088470e855751338538e41242ef8c4c7b45291e92e9d435339b7cfa
CLIENT_HANDSHAKE_TRAFFIC_SECRET b5d744e8538eb03ce3d00324aadb8e8330f55aa63746593644dba73368988ce3 bf7f3f9a04c6099d3f2c56b364410b14bdc25932cddd2fc1a51fec1a4d15eeda
SERVER_HANDSHAKE_TRAFFIC_SECRET b5d744e8538eb03ce3d00324aadb8e8330f55aa63746593644dba73368988ce3 af6593ccbabc656e83613fb713c9fe6d59fececc69de0ec177ae8d81e4a29636
CLIENT_TRAFFIC_SECRET_0 b5d744e8538eb03ce3d00324aadb8e8330f55aa63746593644dba73368988ce3 7e1656ad6691b00882716e405a0b1aa17f1e753e66b96be2d51d76cca0e84948
SERVER_TRAFFIC_SECRET_0 b5d744e8538eb03ce3d00324aadb8e8330f55aa63746593644dba73368988ce3 fd5a29eb9bd598429d0dfcd0808732d90e07f11eb66f292e9779c9363b45dea1
EXPORTER_SECRET b5d744e8538eb03ce3d00324aadb8e8330f55aa63746593644dba73368988ce3 4adaa03ed610528e778df717054095f6272896a03244a798574f10b7c4c9ca70
CLIENT_HANDSHAKE_TRAFFIC_SECRET e7c38bfe167a7af815ef4bfa05510c0caf640b81e83c5e0c6e123ab26d8a5b13 2e8e1d18ef9acd1bd9fffd35a0b97b22c1475a23a7f00e44f99855224eb6a7fe
SERVER_HANDSHAKE_TRAFFIC_SECRET e7c38bfe167a7af815ef4bfa05510c0caf640b81e83c5e0c6e123ab26d8a5b13 35435e8952223302c0ee526f79541cb9cbaeabfb6c4d8ad281aa7f9030e13fde
CLIENT_TRAFFIC_SECRET_0 e7c38bfe167a7af815ef4bfa05510c0caf640b81e83c5e0c6e123ab26d8a5b13 ea74a291cff1c9763381485e3b8ea52a8c4f07fcc593bc9fbd9c4fc278ff6ded
SERVER_TRAFFIC_SECRET_0 e7c38bfe167a7af815ef4bfa05510c0caf640b81e83c5e0c6e123ab26d8a5b13 0ef02d9905e4313a64720a84d4f3ec5fb57094b5b7fcfd90e25ef847d5918ab6
EXPORTER_SECRET e7c38bfe167a7af815ef4bfa05510c0caf640b81e83c5e0c6e123ab26d8a5b13 8384f051c677d957385c1d6eff458f0119acf57d80a600044690501eaa9f0204
CLIENT_HANDSHAKE_TRAFFIC_SECRET f8b908783bae1fed409adab969c329d4067d210196c962d86a402042a68e2e31 968380085b38ec1c4cdd11d5406e35c1e6e1ace3874cab3dd6a0c1563c68e56e
SERVER_HANDSHAKE_TRAFFIC_SECRET f8b908783bae1fed409adab969c329d4067d210196c962d86a402042a68e2e31 576d372c32b870c9cd26195f6e3a3990910b61b0ba184bcc327dc01b7a6c3736
CLIENT_TRAFFIC_SECRET_0 f8b908783bae1fed409adab969c329d4067d210196c962d86a402042a68e2e31 3d754bced32afdf8948fc49e9208f4464ad79ae110a2e2412ef68287bbb58bf6
SERVER_TRAFFIC_SECRET_0 f8b908783bae1fed409adab969c329d4067d210196c962d86a402042a68e2e31 a34aa61f5a5ed786122f5745d5a78fdce6f6d21be63724d1389cf853e02483d0
EXPORTER_SECRET f8b908783bae1fed409adab969c329d4067d210196c962d86a402042a68e2e31 b08d7214e9a0014b422923bb5667ae05f33257be7ede1c7b86a3d138ad450ea3
CLIENT_HANDSHAKE_TRAFFIC_SECRET d25606b0ecfb9818d32666ed8e3a8e173b538c217ca0c86455d8fa973a79086b 8ae57c342a76307bf833cd6eed71855c7e3484e539719c47b60a5928997637cc
SERVER_HANDSHAKE_TRAFFIC_SECRET d25606b0ecfb9818d32666ed8e3a8e173b538c217ca0c86455d8fa973a79086b 65ad7b1a14dc8416a32599e790904f3de4f04bfdaacc47c7c82e8918a03bb33a
CLIENT_TRAFFIC_SECRET_0 d25606b0ecfb9818d32666ed8e3a8e173b538c217ca0c86455d8fa973a79086b 6c2994399859495c25437d1b286559fd129010782d91abd875edbe85485e12b9
SERVER_TRAFFIC_SECRET_0 d25606b0ecfb9818d32666ed8e3a8e173b538c217ca0c86455d8fa973a79086b db18e6aaae5acf9e9cb7370184aec97260db4dd17f319c59b4213e214b87c886
EXPORTER_SECRET d25606b0ecfb9818d32666ed8e3a8e173b538c217ca0c86455d8fa973a79086b 1dcf88d408d28b4f5d6796b548b61dfa05f7b4758f80f709964c431724f4c98b
CLIENT_HANDSHAKE_TRAFFIC_SECRET ead47c4f63f7be7ae9569779472eb5d079dca15c82a1702a1a0ceff8598675e8 e1c48da09ded50e284829375a2fa22a2616f4bb024049440999d426c68480d99
SERVER_HANDSHAKE_TRAFFIC_SECRET ead47c4f63f7be7ae9569779472eb5d079dca15c82a1702a1a0ceff8598675e8 f5200ac86798cf0b3dbb9002dcfd4fcab5983ae6bb644e08f36d47a3bd980ed7
CLIENT_TRAFFIC_SECRET_0 ead47c4f63f7be7ae9569779472eb5d079dca15c82a1702a1a0ceff8598675e8 8ce78bbfea49ccdc6c7dc0062fc43f989c4e7d974f983ea6ebe5878b393c570a
SERVER_TRAFFIC_SECRET_0 ead47c4f63f7be7ae9569779472eb5d079dca15c82a1702a1a0ceff8598675e8 7f104eda4ca720bb1b27a9781e31a8d28a02ceef7bbb45c8a0241487d518802a
EXPORTER_SECRET ead47c4f63f7be7ae9569779472eb5d079dca15c82a1702a1a0ceff8598675e8 260207e7d5c33616c8ed2633d22d5a820b0a23b6529f89563586fe424911589d
CLIENT_HANDSHAKE_TRAFFIC_SECRET 8282777d7aa02022fe935ac05aa36591e8ee38c40197bbde12ad47c4d4b3a437 45cd739b378f8de46cf92942f8cbbbaea7424a494eec88d3cac871a0c663589f
SERVER_HANDSHAKE_TRAFFIC_SECRET 8282777d7aa02022fe935ac05aa36591e8ee38c40197bbde12ad47c4d4b3a437 88337d7045ccee67b2c51da23e47454cd0216fff217152c384dbd06fec63c2d9
CLIENT_TRAFFIC_SECRET_0 8282777d7aa02022fe935ac05aa36591e8ee38c40197bbde12ad47c4d4b3a437 4b85a3475c704af1f27c56a1e6b22279ff1301994769d17d90ea7186588c2af6
SERVER_TRAFFIC_SECRET_0 8282777d7aa02022fe935ac05aa36591e8ee38c40197bbde12ad47c4d4b3a437 51df901fc347727f5ec04da856e69705e7eb11900074333efba3a696824cbec0
EXPORTER_SECRET 8282777d7aa02022fe935ac05aa36591e8ee38c40197bbde12ad47c4d4b3a437 f5a4b80fdd19af356d18ddfd0f1c55f1cfed678b38bded9fe58b03b0d1589a76
CLIENT_HANDSHAKE_TRAFFIC_SECRET c950b36de7001db4d6e88208a1e271f5f12d04b786fb6b9257cf86ab22d86418 03ecd2fa078ee3751b140cee767aed434ad122f8d2897694a37fa1411d18ad13b1e48e4aa9fee27147889e613a470f53
SERVER_HANDSHAKE_TRAFFIC_SECRET c950b36de7001db4d6e88208a1e271f5f12d04b786fb6b9257cf86ab22d86418 9c61098ea6eed0af38400cd83f19baa563139b4cca044c21db8babf551ef4fc16b26638f3074cc061df8f2a3cc1c072d
CLIENT_TRAFFIC_SECRET_0 c950b36de7001db4d6e88208a1e271f5f12d04b786fb6b9257cf86ab22d86418 74d09ae4cbbc0ec2109cc23e79eaf656f04d0f4b52551ce64c36a06e3649caf740d6626ac66e3c98ef2953b0709f0d0f
SERVER_TRAFFIC_SECRET_0 c950b36de7001db4d6e88208a1e271f5f12d04b786fb6b9257cf86ab22d86418 5869a00686dfd61cdc4df9e799c9feeaad131c5ed654f11e06f0582f67165a1af1eaa03a2d30b0ccd33d52aea8816171
EXPORTER_SECRET c950b36de7001db4d6e88208a1e271f5f12d04b786fb6b9257cf86ab22d86418 4a6807b23d943a705f53a93bd2b13e5d0a8b9c66642d61d17ebc99c972790a775baf64115e1625ca1ac3900804597084
CLIENT_HANDSHAKE_TRAFFIC_SECRET 81926e07f019fa35a0b811194eb6ebb57fea1985541857d6cb97b4a81c005441 17571f1f6bdc7925c903cb500025cb20d1026d79b69cdeae7ab1d521ea475941
SERVER_HANDSHAKE_TRAFFIC_SECRET 81926e07f019fa35a0b811194eb6ebb57fea1985541857d6cb97b4a81c005441 0fd813dc7d9310d8cbcb5310e84a7428ce42ba0b6cbc870a3cc49dd5a3fc62d1
CLIENT_HANDSHAKE_TRAFFIC_SECRET 05d9efd012f66c4d441d27ff1dbbe0826dda81d3b5edd6c907bcf97704d9d830 370b13d9f4774a01e520ba5b0d57c2e043074aebcff71c839d698441d7a3f660
SERVER_HANDSHAKE_TRAFFIC_SECRET 05d9efd012f66c4d441d27ff1dbbe0826dda81d3b5edd6c907bcf97704d9d830 a29a8f920075eceb9a710f1358695bbf143378f9b5c2f74bd3629e279586b84d
CLIENT_HANDSHAKE_TRAFFIC_SECRET 130578fb43c2afc110cbf30d3c9edada70af341faca61c5c9fa07b83aa57d723 5b6f6cde1c77e029e546600a640e941c0e9302d561fd14443c0904298d9d16c2
SERVER_HANDSHAKE_TRAFFIC_SECRET 130578fb43c2afc110cbf30d3c9edada70af341faca61c5c9fa07b83aa57d723 50fe7cb247adb84530eb01583606251e6e1b0a29c48ad4e8721508bed9355361
CLIENT_HANDSHAKE_TRAFFIC_SECRET a81109ec7d0bb37dd24f972203342ba500ac4bb46b30c552301aa97ae979e0c2 903ed43366e183c9e8041716911550b462d366b63621f2d8218049305ea24651
SERVER_HANDSHAKE_TRAFFIC_SECRET a81109ec7d0bb37dd24f972203342ba500ac4bb46b30c552301aa97ae979e0c2 1f587a8bd0e66cfde7c8714c222483ac2218d1c2b6e6c64b6b0d3970c2c3405d
CLIENT_TRAFFIC_SECRET_0 81926e07f019fa35a0b811194eb6ebb57fea1985541857d6cb97b4a81c005441 6a39becb1980b89d8921677c0d58e5af04d43c4c870c0413274a8d0dfde011d6
SERVER_TRAFFIC_SECRET_0 81926e07f019fa35a0b811194eb6ebb57fea1985541857d6cb97b4a81c005441 7244414732505a2627fa3277488322cde7399fabbbaad6b8ca30a217109c83f8
EXPORTER_SECRET 81926e07f019fa35a0b811194eb6ebb57fea1985541857d6cb97b4a81c005441 ef3991a4605a1fdd6c7900d8652626e184b7ef364fd98d7888d88d11ae13566b
CLIENT_TRAFFIC_SECRET_0 130578fb43c2afc110cbf30d3c9edada70af341faca61c5c9fa07b83aa57d723 6ba531ed140286ace5b148aa57b41fd7aec0daf07291ffc31c883aa1e7634f94
SERVER_TRAFFIC_SECRET_0 130578fb43c2afc110cbf30d3c9edada70af341faca61c5c9fa07b83aa57d723 aa436234b78b0cc94ad4ba8a65d3a7918f2cbc1cd7724698550ee90fa332a9ad
EXPORTER_SECRET 130578fb43c2afc110cbf30d3c9edada70af341faca61c5c9fa07b83aa57d723 ecb00f0ed639caece16946e00323a6114e24088e9214c80805fb33d1a91fc4c5
CLIENT_TRAFFIC_SECRET_0 05d9efd012f66c4d441d27ff1dbbe0826dda81d3b5edd6c907bcf97704d9d830 e12dd4d5fe0600ac759a50ff531fd77c97778bc9524c738eafcd523c74af226f
SERVER_TRAFFIC_SECRET_0 05d9efd012f66c4d441d27ff1dbbe0826dda81d3b5edd6c907bcf97704d9d830 1bf32461e5a382271099029e0527bcd480cd3a96d88fa8aacae9aa2e5b769374
EXPORTER_SECRET 05d9efd012f66c4d441d27ff1dbbe0826dda81d3b5edd6c907bcf97704d9d830 3ca5c5d9fa9d620cf53ddddc3495fab632d51ded2047e4840616fb189f1949e5
CLIENT_TRAFFIC_SECRET_0 a81109ec7d0bb37dd24f972203342ba500ac4bb46b30c552301aa97ae979e0c2 eff872e6346288e38dd9e84ef71f0ef2eeb3b94f812b937a4719386490d28799
SERVER_TRAFFIC_SECRET_0 a81109ec7d0bb37dd24f972203342ba500ac4bb46b30c552301aa97ae979e0c2 7ceac0928aad3d06429a9c8f220ab554722a5701ccd4e301b64c4f709ca31340
EXPORTER_SECRET a81109ec7d0bb37dd24f972203342ba500ac4bb46b30c552301aa97ae979e0c2 d42a1bfa2111ed0b200e76c4e113be8480279940cb92a13ffa2d5056d376d49f
CLIENT_HANDSHAKE_TRAFFIC_SECRET be394526f7f4074266dbb43a459a5ba8bd8f050c107242989ea6ad734a800a16 b76f117b7d6a99c3a6c1d7bebb9734f392ae1b77d9774c0672d983f1f8099f2c
SERVER_HANDSHAKE_TRAFFIC_SECRET be394526f7f4074266dbb43a459a5ba8bd8f050c107242989ea6ad734a800a16 09067aa0021cbadc7d3bec571e02c62a301b92a763a90e8c58540379458a19a5
CLIENT_TRAFFIC_SECRET_0 be394526f7f4074266dbb43a459a5ba8bd8f050c107242989ea6ad734a800a16 8c34677d985daf35e6c781c34a28288f69ac997f58665d08f8403961eda5f25b
SERVER_TRAFFIC_SECRET_0 be394526f7f4074266dbb43a459a5ba8bd8f050c107242989ea6ad734a800a16 4d8fa3266c1853ccffdd663f650120ce924157c635df927782ec241e49cf4158
EXPORTER_SECRET be394526f7f4074266dbb43a459a5ba8bd8f050c107242989ea6ad734a800a16 37fe248c865838f766dc39f0cf23ba41c10a80af6a10c26953e7c8a278eedc19
CLIENT_HANDSHAKE_TRAFFIC_SECRET 55d46f32929e29386291575e40c567d27daf8e5f0c8b85df692e8a6dcef8ae7e ec78c9b2f9bc24fcefa3a849921fcc46bd6c21ac19eeab644fa919fd17434c86
SERVER_HANDSHAKE_TRAFFIC_SECRET 55d46f32929e29386291575e40c567d27daf8e5f0c8b85df692e8a6dcef8ae7e b227a7dc660c8f2c06054991206f633e20e8d293792a617b6d4d9c56b552bbff
CLIENT_TRAFFIC_SECRET_0 55d46f32929e29386291575e40c567d27daf8e5f0c8b85df692e8a6dcef8ae7e 8718dbf94d95374fc2d078cc121d922edf211d2639cef95302fd571dafc1aff6
SERVER_TRAFFIC_SECRET_0 55d46f32929e29386291575e40c567d27daf8e5f0c8b85df692e8a6dcef8ae7e b9f690e6beeef2faf01080d420a2aa4abb198257c7b9acfd358f2b484399e03c
EXPORTER_SECRET 55d46f32929e29386291575e40c567d27daf8e5f0c8b85df692e8a6dcef8ae7e ac7596060152650d0f6602ffac84616a9b0bda39879a9351a494dc2bc75b3623
CLIENT_HANDSHAKE_TRAFFIC_SECRET bfa5a7fe0ec6f43b4f4a82378300e4b392f7f8d2ec26bc412dbfcfd72a1a22f4 7c7fd68f50c66f771e41541b0a8029adfb7625333547a457c2103a6dbe89ed3d
SERVER_HANDSHAKE_TRAFFIC_SECRET bfa5a7fe0ec6f43b4f4a82378300e4b392f7f8d2ec26bc412dbfcfd72a1a22f4 be34ced9e673520e10320ecb058091561df98344f7bcceac44ef6485b947030c
CLIENT_TRAFFIC_SECRET_0 bfa5a7fe0ec6f43b4f4a82378300e4b392f7f8d2ec26bc412dbfcfd72a1a22f4 b052d510af1eba5c641159ab9c3babef802ee0d49dc73db4be609f43e3022834
SERVER_TRAFFIC_SECRET_0 bfa5a7fe0ec6f43b4f4a82378300e4b392f7f8d2ec26bc412dbfcfd72a1a22f4 a542e1d8d7dadba451673ef1962e52a9b9ece17d3d55b2f7f0b3731e209c9520
EXPORTER_SECRET bfa5a7fe0ec6f43b4f4a82378300e4b392f7f8d2ec26bc412dbfcfd72a1a22f4 55f5de5c0f9a0dfcfa44986ee67fc1e708b192b6a0b854a22f86ee02a9f6bfcd
CLIENT_HANDSHAKE_TRAFFIC_SECRET 775ab45bc86b38e4ffabf370588eac7f213d16f9e514c9623d42ed564ace1201 0c8c65c307d7b93dbe9dba75268dde3eba551cf5195dff9005b01b1090574c20
SERVER_HANDSHAKE_TRAFFIC_SECRET 775ab45bc86b38e4ffabf370588eac7f213d16f9e514c9623d42ed564ace1201 73062cb02e5a7b13c48f6c35a3d27b7dfaf2ad405a656f5a645d40730b2681d4
CLIENT_TRAFFIC_SECRET_0 775ab45bc86b38e4ffabf370588eac7f213d16f9e514c9623d42ed564ace1201 f646899beaa4958295fbe33943b7da8a57fda89a15b55457f117624d97ce6215
SERVER_TRAFFIC_SECRET_0 775ab45bc86b38e4ffabf370588eac7f213d16f9e514c9623d42ed564ace1201 18ad3e95242e91416f2412c1ecdd4b170a9144f3df378adf8410c1ed67810752
EXPORTER_SECRET 775ab45bc86b38e4ffabf370588eac7f213d16f9e514c9623d42ed564ace1201 9b49817958cb49d3e418c4896b04679b9049862937d8575cbf31bf2fa03cdacf
CLIENT_HANDSHAKE_TRAFFIC_SECRET 36b7bf1d7a545a1f201a9c616bc94435a690641bf77d47c5a7e6e7c5ed1a9894 a174ca7429d592e9fe127ebaaa874861107790d2f46523af2aea1dfa37192c7d
SERVER_HANDSHAKE_TRAFFIC_SECRET 36b7bf1d7a545a1f201a9c616bc94435a690641bf77d47c5a7e6e7c5ed1a9894 fbe61da7d5336920752934354caed3c4ad2d050c9659ceff42bce95b4d66f3b6
CLIENT_TRAFFIC_SECRET_0 36b7bf1d7a545a1f201a9c616bc94435a690641bf77d47c5a7e6e7c5ed1a9894 fa503b893674300ce9e38605588ecb077ffee9cd26e764d9540ffb88e46da88a
SERVER_TRAFFIC_SECRET_0 36b7bf1d7a545a1f201a9c616bc94435a690641bf77d47c5a7e6e7c5ed1a9894 719ec762baa1bfa253688e394111c040041a61bb05c74fd3fce414824c2c7a58
EXPORTER_SECRET 36b7bf1d7a545a1f201a9c616bc94435a690641bf77d47c5a7e6e7c5ed1a9894 56293a81e9da2e257625003eb24e814df277eccacf48c079ed8814bad4acc00e
CLIENT_HANDSHAKE_TRAFFIC_SECRET 7726a9e3f85c0329d167b9403292ebcee4cb40eff4d62499d761dc696b2025e1 446bfd0c77144ce4fff5cd241a55fa1ea68c9d751a766a2dd7fb74059a962196
SERVER_HANDSHAKE_TRAFFIC_SECRET 7726a9e3f85c0329d167b9403292ebcee4cb40eff4d62499d761dc696b2025e1 ae8c93cdeb56e21220b54031358b112b009beeaacd65cadbfd2607d08cb33325
CLIENT_TRAFFIC_SECRET_0 7726a9e3f85c0329d167b9403292ebcee4cb40eff4d62499d761dc696b2025e1 18fcc36aad11ded4669dae03c550fc86bf967f207e115de556cbbe19caf38971
SERVER_TRAFFIC_SECRET_0 7726a9e3f85c0329d167b9403292ebcee4cb40eff4d62499d761dc696b2025e1 9954b6093d757e6a1cd6d0924d1a1b4ad48acc7a7d70960cf52a537358203fe7
EXPORTER_SECRET 7726a9e3f85c0329d167b9403292ebcee4cb40eff4d62499d761dc696b2025e1 1d9f570a92f3deedd595569d533de748348b3b6a98a32bd1c92cf9d5da6e3f46
CLIENT_HANDSHAKE_TRAFFIC_SECRET 9858898ae8067bb4143e2cf640fd964104cf521fdccab79b7fd3d650b0745d74 769ae6010c70c27bc4428d0598f2643f5c32d17b6dfd2c7f0f93ed7b81eddf17
SERVER_HANDSHAKE_TRAFFIC_SECRET 9858898ae8067bb4143e2cf640fd964104cf521fdccab79b7fd3d650b0745d74 c2f599a514bfa90990d9b783f80688b6ad81062cac6cad55e07d2af404338367
CLIENT_TRAFFIC_SECRET_0 9858898ae8067bb4143e2cf640fd964104cf521fdccab79b7fd3d650b0745d74 89d3bcbf2010b2e4e59cdba79a872df911b30758b408a3da0cf84856998faf93
SERVER_TRAFFIC_SECRET_0 9858898ae8067bb4143e2cf640fd964104cf521fdccab79b7fd3d650b0745d74 f546309eca6be0e26b58582751c657d6d2eff4cdec2c5a095b0bc6ab8407c62c
EXPORTER_SECRET 9858898ae8067bb4143e2cf640fd964104cf521fdccab79b7fd3d650b0745d74 b38b9b14a4abbb3cc7860b618cd39c45a44445a5dad4776ffaac0d2f7daa3955
CLIENT_HANDSHAKE_TRAFFIC_SECRET fed815a03e86568ee28c387f1bd88dfc2e4369d1f8f0bdfc20359f065c81e213 d26621c256d96bb9464007aa7bf18da5c28a9dc6e176a65ec361708cb1852399
SERVER_HANDSHAKE_TRAFFIC_SECRET fed815a03e86568ee28c387f1bd88dfc2e4369d1f8f0bdfc20359f065c81e213 b0be59d652ee12a333e7196ed8f9b3257bdc4bcb6bd8526a5f1eb43382068018
CLIENT_TRAFFIC_SECRET_0 fed815a03e86568ee28c387f1bd88dfc2e4369d1f8f0bdfc20359f065c81e213 aeff7bd0a696ee5374126048094b3e1ba5ce845622a20ca143f991457c44f9d6
SERVER_TRAFFIC_SECRET_0 fed815a03e86568ee28c387f1bd88dfc2e4369d1f8f0bdfc20359f065c81e213 ab52415fad5ad5dea9be77373f5439505809fd2df9de8c5d132001ce7b5b0e5e
EXPORTER_SECRET fed815a03e86568ee28c387f1bd88dfc2e4369d1f8f0bdfc20359f065c81e213 e04c53881479a6e85915761299c60b77723a3e786805f9055866aeffb2061d41
CLIENT_HANDSHAKE_TRAFFIC_SECRET 4c217b8cf3a094b222ec9750b455b86ec92fc3e1e92fb2dc898e254f1bc3e7f4 20b9509781217236d5cd27b9dd2e9d9be963208a67bffa900334c163ef96b24b
SERVER_HANDSHAKE_TRAFFIC_SECRET 4c217b8cf3a094b222ec9750b455b86ec92fc3e1e92fb2dc898e254f1bc3e7f4 91ab2b4647fab2b33382b65106313391d220ea6540bb4e27b5e960c65eba601f
CLIENT_TRAFFIC_SECRET_0 4c217b8cf3a094b222ec9750b455b86ec92fc3e1e92fb2dc898e254f1bc3e7f4 0d6243da1aff6f64f27de75ad60f808cbe85f4f91c865b2a13a8983af6d9e36c
SERVER_TRAFFIC_SECRET_0 4c217b8cf3a094b222ec9750b455b86ec92fc3e1e92fb2dc898e254f1bc3e7f4 a542b010ea988f621dbcab1f87a6027df6db047122633824611816a8ac2bf882
EXPORTER_SECRET 4c217b8cf3a094b222ec9750b455b86ec92fc3e1e92fb2dc898e254f1bc3e7f4 8922e8d6dc17b0c0d659ca74a16dc3c3c6927bceac2894acbe4e54a0b3d7edef
CLIENT_EARLY_TRAFFIC_SECRET 1dd1201166ab2bee77e83980f546321bced635779ef0d1ea807643f27aff1351 b855268f4671908fb0ca64b75ccb543708711ba8f3707a8fb5d426d3425c07e7
CLIENT_HANDSHAKE_TRAFFIC_SECRET 1dd1201166ab2bee77e83980f546321bced635779ef0d1ea807643f27aff1351 8c0867954ba07fb08022e4cbefb6edad5a3839281e9dff4a57eea3253cf8d013
SERVER_HANDSHAKE_TRAFFIC_SECRET 1dd1201166ab2bee77e83980f546321bced635779ef0d1ea807643f27aff1351 ab4400aefe12112134e46b82d71d54875a6ca8841b0ed105f55aef66a70dc8ea
CLIENT_TRAFFIC_SECRET_0 1dd1201166ab2bee77e83980f546321bced635779ef0d1ea807643f27aff1351 51517bed928ac8052ea6317908a2987df5b03aae8733044f7779836ea8384514
SERVER_TRAFFIC_SECRET_0 1dd1201166ab2bee77e83980f546321bced635779ef0d1ea807643f27aff1351 77ffe8ace40588c44267bd751b6f48c8bf5fff0893f8d0bf615f65a5293cf1b4
EXPORTER_SECRET 1dd1201166ab2bee77e83980f546321bced635779ef0d1ea807643f27aff1351 0d64c2e992d815813c52e4280e0354928bf61d87224c43f3ee6876784f204936
CLIENT_HANDSHAKE_TRAFFIC_SECRET a231482ee9c7ec3ff5463546d5e623cc5772d88259d7e79a1ffe6bffdff0a98c 6fd4c094dfe7eb06e22bcdb020185ce11131e1d1a2df1cdfda485eff6a70fcdb
SERVER_HANDSHAKE_TRAFFIC_SECRET a231482ee9c7ec3ff5463546d5e623cc5772d88259d7e79a1ffe6bffdff0a98c 841253b2cd696ab0c108321e93d5a6c669233df84f440a453171795174525bd7
CLIENT_TRAFFIC_SECRET_0 a231482ee9c7ec3ff5463546d5e623cc5772d88259d7e79a1ffe6bffdff0a98c ef06f4212d837ed92b7baaabb9c99e05a68efa3b96445eed75451b0f9253ef0c
SERVER_TRAFFIC_SECRET_0 a231482ee9c7ec3ff5463546d5e623cc5772d88259d7e79a1ffe6bffdff0a98c 0011eb5218393036793a423ef6a7a7bd0fd9c22deb6bbabee36f5dd046d4937c
EXPORTER_SECRET a231482ee9c7ec3ff5463546d5e623cc5772d88259d7e79a1ffe6bffdff0a98c b933c3dcc6df06f83ef12cf1147938bac7b9dbfb9fb15bd81d867d854db48a50
CLIENT_HANDSHAKE_TRAFFIC_SECRET 503f6ccf588c56721aa1968b915b49ab91d5e075f0493820803e6c24433f5146 6b316fd5d50d585ad3bf1a7da4aab96abe5d957f1cf00552c83651e60fdfff07
SERVER_HANDSHAKE_TRAFFIC_SECRET 503f6ccf588c56721aa1968b915b49ab91d5e075f0493820803e6c24433f5146 06dda264afe323e71e6f9deffc79896c6ab0ab6a28e94dba68f7c5c50d7c6a99
CLIENT_TRAFFIC_SECRET_0 503f6ccf588c56721aa1968b915b49ab91d5e075f0493820803e6c24433f5146 3b6f633aa32b1f9c5244ba25bb8db76cfde83019ed1d8be09568960c7461acac
SERVER_TRAFFIC_SECRET_0 503f6ccf588c56721aa1968b915b49ab91d5e075f0493820803e6c24433f5146 02efa51d32173070206797ef3bb61118546754256929fb877f024bcb60fd7984
EXPORTER_SECRET 503f6ccf588c56721aa1968b915b49ab91d5e075f0493820803e6c24433f5146 039ce9790b0ef282d70c1e05b802b195eaf2a3e2cbfe56d28a4c43c92a4e3388
CLIENT_HANDSHAKE_TRAFFIC_SECRET 569ca4282825e7780113e5671e36ffabc06a2f9b05b089afb49d83541e85fde3 1f6295032cc2949979139be9e0129c99bbcb7a71ccc4bd051a6e846dcbf238f16e24a63d35a2732112aee769754e5331
SERVER_HANDSHAKE_TRAFFIC_SECRET 569ca4282825e7780113e5671e36ffabc06a2f9b05b089afb49d83541e85fde3 8e2649f46732013321a28dd900053dc342327740cdb8529c4ffb4408640781f652e34fb5c8607271ea644ca0c4d5263d
CLIENT_TRAFFIC_SECRET_0 569ca4282825e7780113e5671e36ffabc06a2f9b05b089afb49d83541e85fde3 60b5dbe7d501c5f0ba13375a4e42eb70a2d95a6d9402c6f89a85d75329128e1062e800a68b8735633cc1f52039b84c37
SERVER_TRAFFIC_SECRET_0 569ca4282825e7780113e5671e36ffabc06a2f9b05b089afb49d83541e85fde3 a131d4f925044a27d3f9b9ee6b48ff308fc13fa7f6ebb6500849b5bfa90fa5726ef5dd13399d209f7efead051877a5cc
EXPORTER_SECRET 569ca4282825e7780113e5671e36ffabc06a2f9b05b089afb49d83541e85fde3 34c77f8099cf48e2f5852c4b544693c7591496be2022150d6ec17c49209e0781d5640770bd01c0933109a705124d180e
CLIENT_HANDSHAKE_TRAFFIC_SECRET 891ca8fa5580a7af20e136a796a7b5bdc2368d66210c31f8c028a08dd7b509b7 487da36b3fe00597c71a8cc1670e35e0933d19ef9ed54a2ee644420d768e870e
SERVER_HANDSHAKE_TRAFFIC_SECRET 891ca8fa5580a7af20e136a796a7b5bdc2368d66210c31f8c028a08dd7b509b7 cb8a680be17df017aa11e29cd786ca3c17ed301908d435781e2baadb740a671b
CLIENT_TRAFFIC_SECRET_0 891ca8fa5580a7af20e136a796a7b5bdc2368d66210c31f8c028a08dd7b509b7 ae8127934d5d33225e0a1f7894c10138cd2902d00e6b2a73fc0662f986a87b8a
SERVER_TRAFFIC_SECRET_0 891ca8fa5580a7af20e136a796a7b5bdc2368d66210c31f8c028a08dd7b509b7 9dc15602d6f96d0147d7063f3ccb14d5300eeb892b7451f05ff2fa822b8970e0
EXPORTER_SECRET 891ca8fa5580a7af20e136a796a7b5bdc2368d66210c31f8c028a08dd7b509b7 ac7b0170048f8435e04aca12354e7f72c82d2f04b5b377e49f27c56e23b7c609
CLIENT_HANDSHAKE_TRAFFIC_SECRET d55b59e65885f5d5c76b79d1f66854a701b5ab5f8ece1ce0d612111fe7a36a34 39cf117afffb42f63564c8840393a3aef767caddf40cafb1f61535ecf4d9a7ea
SERVER_HANDSHAKE_TRAFFIC_SECRET d55b59e65885f5d5c76b79d1f66854a701b5ab5f8ece1ce0d612111fe7a36a34 e6b7898f272fa84a8ac059222242e09cf0ed5120f7d8b8136659b6a76bc6636c
CLIENT_TRAFFIC_SECRET_0 d55b59e65885f5d5c76b79d1f66854a701b5ab5f8ece1ce0d612111fe7a36a34 6d2efcae81226e4513237f82d33a83ad160a8ba87fcb5c1a4eb958fccd297317
SERVER_TRAFFIC_SECRET_0 d55b59e65885f5d5c76b79d1f66854a701b5ab5f8ece1ce0d612111fe7a36a34 4cae88d56929dd21b2232d1c7825f07c753125710e029ba6a8977bdfbb640e26
EXPORTER_SECRET d55b59e65885f5d5c76b79d1f66854a701b5ab5f8ece1ce0d612111fe7a36a34 d6d76ab1342627bec8162c362a8ec4bdad955afa044bc08ea2a4a1718cc15257
CLIENT_HANDSHAKE_TRAFFIC_SECRET e7e7dfcd054f7636e7548dd4a4805539b0facf62cae357270df7263d84ddf4c1 c47f811b897f6d1a161c88bfe9fcc6b6d3ffcc742948acd4102d11e2498b374b
SERVER_HANDSHAKE_TRAFFIC_SECRET e7e7dfcd054f7636e7548dd4a4805539b0facf62cae357270df7263d84ddf4c1 c872b4127b33696f6c5481526d3668c75fa0a87ad199dd94e08d74ee8accb76e
CLIENT_TRAFFIC_SECRET_0 e7e7dfcd054f7636e7548dd4a4805539b0facf62cae357270df7263d84ddf4c1 8da290c56105cf393aa967d8ceb97bdb99180f25a0981ebea1ff416dc9920f17
SERVER_TRAFFIC_SECRET_0 e7e7dfcd054f7636e7548dd4a4805539b0facf62cae357270df7263d84ddf4c1 33733a79ba7f35680425047e2499886cd3992039f1dfee1b0c9bfbc0df7ddabd
EXPORTER_SECRET e7e7dfcd054f7636e7548dd4a4805539b0facf62cae357270df7263d84ddf4c1 66be5090dff8b60517ec9869d33f87618175971a6615ecc70c1486997db88452
CLIENT_EARLY_TRAFFIC_SECRET 7eb5524eea410fd0584b12947de3c515e22dc16e8a5433a01f51997cfdc306e7 b771d2635daae142a2ed5ac9933ab1bf5781df8629d67d90a20456cabe0b2a27
CLIENT_HANDSHAKE_TRAFFIC_SECRET 7eb5524eea410fd0584b12947de3c515e22dc16e8a5433a01f51997cfdc306e7 5dab55b0e93126c871f43430f4ee6625f74a26854098b95802b26847a98eb29a
SERVER_HANDSHAKE_TRAFFIC_SECRET 7eb5524eea410fd0584b12947de3c515e22dc16e8a5433a01f51997cfdc306e7 8cca2bd8d618e0b0f830f07acf7801f92e607940eada537b243e3b0abab915cb
CLIENT_TRAFFIC_SECRET_0 7eb5524eea410fd0584b12947de3c515e22dc16e8a5433a01f51997cfdc306e7 9c2ee82d3473d29f34749850ea23753df04206a5219a1523a4e21c7f9e592378
SERVER_TRAFFIC_SECRET_0 7eb5524eea410fd0584b12947de3c515e22dc16e8a5433a01f51997cfdc306e7 c9aef64aa834c0ce20ae8e6ecec14cff0ee87e71c5f4a10c3e4b77f0e77ee323
EXPORTER_SECRET 7eb5524eea410fd0584b12947de3c515e22dc16e8a5433a01f51997cfdc306e7 b6e9ba92bdaea917453a35dcbc0338542a45c6615e18c50f12b98e953a7e84e6
CLIENT_HANDSHAKE_TRAFFIC_SECRET 88aad513fe60a5a952074417c6c2ff177db49ac8034f1b667affa388caf8e754 3bdc425ce755202f3235316e2dcb59d4de0a4d0af8a8f02694a91d054d98dd3d
SERVER_HANDSHAKE_TRAFFIC_SECRET 88aad513fe60a5a952074417c6c2ff177db49ac8034f1b667affa388caf8e754 48e1655bbd872997f8f731cca2dc8d1bed844ed6e86e1a58d7fab9838c793f4c
CLIENT_TRAFFIC_SECRET_0 88aad513fe60a5a952074417c6c2ff177db49ac8034f1b667affa388caf8e754 b347a26aceb471f1dd2b3f2b45400baf9cbe9e63de47d837e06e023563537a7a
SERVER_TRAFFIC_SECRET_0 88aad513fe60a5a952074417c6c2ff177db49ac8034f1b667affa388caf8e754 008c3200e6b75e3b32f25d7262541b5d9e818f7740700157452199709ea036f4
EXPORTER_SECRET 88aad513fe60a5a952074417c6c2ff177db49ac8034f1b667affa388caf8e754 11bd96fccf6ad1a9032e462790f8db6c5280ea460f4a9f5efd1bf8eb5cc6358c
CLIENT_HANDSHAKE_TRAFFIC_SECRET b6bde89093f5c85a9e342eaf50c3ecc14b0af5677b8910a456318e0d4e015c92 9d25804f196df04fdc8e7011d922410b5f652454b97e70a1844131d7e795eb42
SERVER_HANDSHAKE_TRAFFIC_SECRET b6bde89093f5c85a9e342eaf50c3ecc14b0af5677b8910a456318e0d4e015c92 1330e1f6b65742393ed56ad0ba90c05c51c494a78d7f1ee13ee8920ff4825055
CLIENT_TRAFFIC_SECRET_0 b6bde89093f5c85a9e342eaf50c3ecc14b0af5677b8910a456318e0d4e015c92 10f90b58f32a9e275c5d47cfc853de69753a2317b91d6bdd000cb673a80c9e5c
SERVER_TRAFFIC_SECRET_0 b6bde89093f5c85a9e342eaf50c3ecc14b0af5677b8910a456318e0d4e015c92 90bea6be8e36ba3d8d0ecaeee79bfc20316bcbddf4821c1c901689a5cd8fe333
EXPORTER_SECRET b6bde89093f5c85a9e342eaf50c3ecc14b0af5677b8910a456318e0d4e015c92 f3cbb59f57f801686155788f08f41b22f7f3395e4189f790286b22371f5e5832
CLIENT_HANDSHAKE_TRAFFIC_SECRET 06c353a228dd7c0ef6dac4552067329848fb733cd4ce0a79e80bf22a4fe34f06 6c61ba913ebcc70e2a44ff0327c7522b2f209558944ebb8eeddbe61f52036c8b
SERVER_HANDSHAKE_TRAFFIC_SECRET 06c353a228dd7c0ef6dac4552067329848fb733cd4ce0a79e80bf22a4fe34f06 e41f838d96c6ea7f875d671e08c01b0eafed05921d72581cbf842b7b38d1f2d0
CLIENT_TRAFFIC_SECRET_0 06c353a228dd7c0ef6dac4552067329848fb733cd4ce0a79e80bf22a4fe34f06 0f127dfcff045fc1d5ae807087fba06b860cb8b40042f42cde49f1deef2d0e9f
SERVER_TRAFFIC_SECRET_0 06c353a228dd7c0ef6dac4552067329848fb733cd4ce0a79e80bf22a4fe34f06 dedf675d3c7d342b2cb18365e40429c4fc4148da7b0ee0ef31bf6cf3b8bfaccc
EXPORTER_SECRET 06c353a228dd7c0ef6dac4552067329848fb733cd4ce0a79e80bf22a4fe34f06 a7e8483f1af4b7221e45b7cee6942a53d954295a0bdf6729ac52b75e9be82863
CLIENT_HANDSHAKE_TRAFFIC_SECRET 29a982dcfa2dbc9790688daf276825e85159a4d78aa352dc1688b3e4e66f7e0f 18cd3d097e0353b81cee35d36d85abee6b63098e2714baa7a39f4b966c3a5494
SERVER_HANDSHAKE_TRAFFIC_SECRET 29a982dcfa2dbc9790688daf276825e85159a4d78aa352dc1688b3e4e66f7e0f 57a253554f2812daab91561c1af7cc81ea958a16b74c1451726d55d9bb765417
CLIENT_HANDSHAKE_TRAFFIC_SECRET dbfce3790539f35a9f659f59a978cde37e5b83a56b78a67a150b5b9259536e57 f73d5e80c9326212f75bcde9b1bf20c5f335b0645d1344efc4d33cc497acff07a32e62c859fcd418be280ea3a129b23d
SERVER_HANDSHAKE_TRAFFIC_SECRET dbfce3790539f35a9f659f59a978cde37e5b83a56b78a67a150b5b9259536e57 95656f10168a47bcf432cbdefcc6781c4c4a09ad54515b5c7ac6a29f77351394f1dc2333bb9266a4f40191a8262e9ece
CLIENT_HANDSHAKE_TRAFFIC_SECRET b387c60627a35cee3966fc4f0454e19435bc1c4ed9fcf406ce583cc445ca907f 169fa0dadb7fc73ac5c928ad41ae8d95bdca7ea8a627ae318698f77cfac626f9
SERVER_HANDSHAKE_TRAFFIC_SECRET b387c60627a35cee3966fc4f0454e19435bc1c4ed9fcf406ce583cc445ca907f edf14831bb54c338985941e5c160a429e6aadc1137c99ebc5f0dd82bdd4a8785
CLIENT_TRAFFIC_SECRET_0 b387c60627a35cee3966fc4f0454e19435bc1c4ed9fcf406ce583cc445ca907f a6d831c3da1d687cd38e20018fb8d105aaece4fe8458dbc557432b927e861c49
SERVER_TRAFFIC_SECRET_0 b387c60627a35cee3966fc4f0454e19435bc1c4ed9fcf406ce583cc445ca907f 1b4f18ca9f67592c3ecaf539070fbefecf2d150bf6f3e1b9137153b789e52a7b
EXPORTER_SECRET b387c60627a35cee3966fc4f0454e19435bc1c4ed9fcf406ce583cc445ca907f 6e8660e68f147e04f341adabe6bea47331548920e3cdbbbf41dcdef453e5804b
CLIENT_TRAFFIC_SECRET_0 dbfce3790539f35a9f659f59a978cde37e5b83a56b78a67a150b5b9259536e57 293be2131fff3021717a58e258c7457e50dbe778a4048f475460d197a5de4af05e902548b6747a43155789c9c9c04ed9
SERVER_TRAFFIC_SECRET_0 dbfce3790539f35a9f659f59a978cde37e5b83a56b78a67a150b5b9259536e57 adbd9ac9c112501d7dbb629c5a88a78409dda4ea9cc5a513e3a6d52190f66ba8b24b1cc137d96f478ec030f7445f4a23
EXPORTER_SECRET dbfce3790539f35a9f659f59a978cde37e5b83a56b78a67a150b5b9259536e57 c30e83cec3a0af42ef4d26516c82186dbedb2f3a6caacfe37d7bc1c4ecfd0e1f6f3a00fe15511ce2ff8bf25843f593fb
CLIENT_TRAFFIC_SECRET_0 29a982dcfa2dbc9790688daf276825e85159a4d78aa352dc1688b3e4e66f7e0f dcc1385a8b0c5c91c80583b8606c8aec5b0a6c0ad156beea5895453e9a66dadc
SERVER_TRAFFIC_SECRET_0 29a982dcfa2dbc9790688daf276825e85159a4d78aa352dc1688b3e4e66f7e0f 6bec5fcc4aa3f9a50816f7def2485c24cae0ad7b906b111dffa406deeb30ca4f
EXPORTER_SECRET 29a982dcfa2dbc9790688daf276825e85159a4d78aa352dc1688b3e4e66f7e0f b5a9d33abf18409bf1f46ff0731528f6c8091c7b05765050b0fd15201e6d95b6
CLIENT_HANDSHAKE_TRAFFIC_SECRET b84bafda1acb75b4b6e0c66eef586e5028424497aba442f385d0265be94a5b92 1fda91252e6dc421f1a927e30935a4de6c1e1c09c13549931171ef9643ec8cb1
SERVER_HANDSHAKE_TRAFFIC_SECRET b84bafda1acb75b4b6e0c66eef586e5028424497aba442f385d0265be94a5b92 670a5fd67d9e8522d4eae6aaa4485e2e2a85f3a58f8a0ca2e8060dfb4bc96df5
CLIENT_TRAFFIC_SECRET_0 b84bafda1acb75b4b6e0c66eef586e5028424497aba442f385d0265be94a5b92 9a2eac4db7fbcda959bfd09788eeb1efde963d3990e367c9d5fc1985ec23a7cb
SERVER_TRAFFIC_SECRET_0 b84bafda1acb75b4b6e0c66eef586e5028424497aba442f385d0265be94a5b92 891a758d7811f3b9454f61d9bc8a72460b82778e9c34eac34a21d29e400c5533
EXPORTER_SECRET b84bafda1acb75b4b6e0c66eef586e5028424497aba442f385d0265be94a5b92 264fbb43b11dcbfbb8b96c77d214e2c0ad5eef363fbccf93a48a051071da80e9
CLIENT_HANDSHAKE_TRAFFIC_SECRET 1a135a45fb0e9bbfa2134163c3bef0b29e91fa11cbcee8b4391877e7e24c54f3 3dca548ab1df302e6641ed3b2dbc76884cfad31abc26d9e2fb32def2ef8542f7
SERVER_HANDSHAKE_TRAFFIC_SECRET 1a135a45fb0e9bbfa2134163c3bef0b29e91fa11cbcee8b4391877e7e24c54f3 90f94cf7ea3e1f5ef2adce0c93eba4df77d658a83c9dd8097a4df83458446fcb
CLIENT_TRAFFIC_SECRET_0 1a135a45fb0e9bbfa2134163c3bef0b29e91fa11cbcee8b4391877e7e24c54f3 8ee9c0c5283530f65fe8c9b15119e0d0a35891b22011700bbd1a976945981ea1
SERVER_TRAFFIC_SECRET_0 1a135a45fb0e9bbfa2134163c3bef0b29e91fa11cbcee8b4391877e7e24c54f3 3ae340e8d45b620d7fb080e0301d1edf350624031d6323787ff7021d842fce5b
EXPORTER_SECRET 1a135a45fb0e9bbfa2134163c3bef0b29e91fa11cbcee8b4391877e7e24c54f3 f5ad989dbfa2248c057ffd2c394edf628559b89fc2c73b7e5e1a33b093af4382
CLIENT_HANDSHAKE_TRAFFIC_SECRET af423902931b2c5334c750e3ea7c94b684cfcf61505b0cbcf7dce29fb30f72bf 3411b9bfb506cdb8435b3cf3809d0626cb3ffaa24e4005c85fd7e4c22cb96a9c1da331d89cd681e35a9fb9429df872ff
SERVER_HANDSHAKE_TRAFFIC_SECRET af423902931b2c5334c750e3ea7c94b684cfcf61505b0cbcf7dce29fb30f72bf 3c09458475226266a9ae5f0e5b1a0587bd25ee0bbc758ff4e7f27880cae1d6ab1e96e57579949a4b3df949cf1de5c016
CLIENT_TRAFFIC_SECRET_0 af423902931b2c5334c750e3ea7c94b684cfcf61505b0cbcf7dce29fb30f72bf 9e0a5d612bc11133208535da712099341489ab0af1570d8903abad68567a6740acf78b4d76d4137bc4aed1e78ba0366a
SERVER_TRAFFIC_SECRET_0 af423902931b2c5334c750e3ea7c94b684cfcf61505b0cbcf7dce29fb30f72bf 69c2c507b0c52954c8491df5fe2a82ad1ac3c1f5e7744028d9e45065f16d1ce26bad1707c83d6d3dae602d67565e72b7
EXPORTER_SECRET af423902931b2c5334c750e3ea7c94b684cfcf61505b0cbcf7dce29fb30f72bf 56de8bcede2bd1a5f7ff2c1a9be0074979346e5165e7cca0aeef4efda7c319a51316ff1e049497189f9829b8ed174b20
CLIENT_HANDSHAKE_TRAFFIC_SECRET 4a23637549ea4f280710e000535f0cb34fa24024efeb5ac2be74c34920a1f0fc 4f325ed0a2c4f1b708599fb90c49e7ca86f21f62c5f641ddf745141faf366470
SERVER_HANDSHAKE_TRAFFIC_SECRET 4a23637549ea4f280710e000535f0cb34fa24024efeb5ac2be74c34920a1f0fc 46432dc3e42d37c287994dc4f63cf8bb7bd3f8d89e5410b58254c8f294fd672b
CLIENT_TRAFFIC_SECRET_0 4a23637549ea4f280710e000535f0cb34fa24024efeb5ac2be74c34920a1f0fc 34bd7b51e67e4f289eebfdf65460a99c2e079f89278002588bc1050770089e82
SERVER_TRAFFIC_SECRET_0 4a23637549ea4f280710e000535f0cb34fa24024efeb5ac2be74c34920a1f0fc 94e766d0f61401650693a5ba7cb1aa8c07fb7a2e63779899bf9ea63978db86d6
EXPORTER_SECRET 4a23637549ea4f280710e000535f0cb34fa24024efeb5ac2be74c34920a1f0fc e84dee165e687c6d0eaa9095dc25ee409eaa78e3c6b650c284c953a7d7d4adbb
CLIENT_HANDSHAKE_TRAFFIC_SECRET 639490a6a031fafd71aa6fd418e41e4d638ec7077e899a98a30452dd03f91124 53ac10e6596b76ff8b253e90a99f0236695e9b853b4542197b38827bd0105a76
SERVER_HANDSHAKE_TRAFFIC_SECRET 639490a6a031fafd71aa6fd418e41e4d638ec7077e899a98a30452dd03f91124 e6d604d3f7817d0152c24bc376828853146661b15c9382ba7f670abefa246c5a
CLIENT_TRAFFIC_SECRET_0 639490a6a031fafd71aa6fd418e41e4d638ec7077e899a98a30452dd03f91124 071047bf13ccc0f4efa044c5ac62140574d072c86e315568d41bc9a69d221d24
SERVER_TRAFFIC_SECRET_0 639490a6a031fafd71aa6fd418e41e4d638ec7077e899a98a30452dd03f91124 764bdf23a5aae18b820435d83e3ca1c79c5e90fa82abfa85dd08bacf720473c9
EXPORTER_SECRET 639490a6a031fafd71aa6fd418e41e4d638ec7077e899a98a30452dd03f91124 9a7a94f9a53bd2f6046fd7ce8a8c53014e5c1959408793e7eb2efb6645a1cb9a
CLIENT_HANDSHAKE_TRAFFIC_SECRET 1afdeeed494e22b3e4efbb5f1a91ec49a512c41f42c89466bffb19a47e16c217 e7064f20bedc5035031f28d45423da2013e376c84a6dbf5b2cde72b51ca2a6b8
SERVER_HANDSHAKE_TRAFFIC_SECRET 1afdeeed494e22b3e4efbb5f1a91ec49a512c41f42c89466bffb19a47e16c217 027c46f11611e25b93adb4e9fb0fb3b900008e7d3d3884bbf878ff8b4441d4a2
CLIENT_TRAFFIC_SECRET_0 1afdeeed494e22b3e4efbb5f1a91ec49a512c41f42c89466bffb19a47e16c217 1ca856ee05a836219f4fba73a22b6e40f21ceafd066ded17401d8a65761f7976
SERVER_TRAFFIC_SECRET_0 1afdeeed494e22b3e4efbb5f1a91ec49a512c41f42c89466bffb19a47e16c217 ec0f2724f9015b2f3a2621fa5e329ef0178d8feb7dce3032c0c4c403ab99cc78
EXPORTER_SECRET 1afdeeed494e22b3e4efbb5f1a91ec49a512c41f42c89466bffb19a47e16c217 e88f11b61df77da888f74029e467b1b2ee6b709bbc55fdd085437a98022c7beb
CLIENT_HANDSHAKE_TRAFFIC_SECRET 2d1d2c4ad333516bbddf57f060aeef56b7205399f10a965f9febef97e1856bcf dc4819c86e24f25516f31797297d42b44f2a7bd303b11813b9a4831c813ea8ef
SERVER_HANDSHAKE_TRAFFIC_SECRET 2d1d2c4ad333516bbddf57f060aeef56b7205399f10a965f9febef97e1856bcf 9591e6a34e6c501b4344d939f208246871edde7d131b133dca9310281c9de6b9
CLIENT_TRAFFIC_SECRET_0 2d1d2c4ad333516bbddf57f060aeef56b7205399f10a965f9febef97e1856bcf d691ae35a3de5d859564a3246f22ad480046df9f84f88a8d3649ad7f7e43a127
SERVER_TRAFFIC_SECRET_0 2d1d2c4ad333516bbddf57f060aeef56b7205399f10a965f9febef97e1856bcf ce61ab9aa4477e1054d95a4f8fbb765fd82f3fee1a9829968e639e1878afde80
EXPORTER_SECRET 2d1d2c4ad333516bbddf57f060aeef56b7205399f10a965f9febef97e1856bcf c4e84361a9e4ffa075b1c8500b4a0964f3446f405abef66b82f5c6448020a22a
CLIENT_HANDSHAKE_TRAFFIC_SECRET 1ae94c9435cf82b4f0d6360dffb3e0684ad2bef8fb17db6f7ae2716f3b4a8cfe 19f7295fc997f4c03b7998b4af85b39c00990a139a8e32955429a6a1c3ebaa33
SERVER_HANDSHAKE_TRAFFIC_SECRET 1ae94c9435cf82b4f0d6360dffb3e0684ad2bef8fb17db6f7ae2716f3b4a8cfe baa69506651a60f929c16002d718689118e2086034d0003b62bf7d69d2055448
CLIENT_TRAFFIC_SECRET_0 1ae94c9435cf82b4f0d6360dffb3e0684ad2bef8fb17db6f7ae2716f3b4a8cfe 58733b8482ba8402723884faf662eda6ea816ac25bed3dfd558f5d47cd514705
SERVER_TRAFFIC_SECRET_0 1ae94c9435cf82b4f0d6360dffb3e0684ad2bef8fb17db6f7ae2716f3b4a8cfe 6f20e124f50ede7c35d85ee268f8bf70038fbf8054bc993edb112bc33776d130
EXPORTER_SECRET 1ae94c9435cf82b4f0d6360dffb3e0684ad2bef8fb17db6f7ae2716f3b4a8cfe 0f4c6c23caab4e0cddc428c6b5d364eb321bf5ba1da32e60803ddd7edaadcf46
CLIENT_HANDSHAKE_TRAFFIC_SECRET 9c61fddcdd6037d349ee9334d22fc032dcc3059190ab0c8c40e87ce1de59d407 9c8a8e5adb39a54cd948c9f002a980a12d8432339546751a496f9a5a1264984c
SERVER_HANDSHAKE_TRAFFIC_SECRET 9c61fddcdd6037d349ee9334d22fc032dcc3059190ab0c8c40e87ce1de59d407 d7fabe5ae14856e0d44712c9f2448d3920a8bc6a4c4baec7785b0deb7bdbb74a
CLIENT_HANDSHAKE_TRAFFIC_SECRET 6713fcc4d9fbd0038a37865b7d82df954b3589515f6b05e1266de7c910252dc8 c893b0df6bcfcfb28bb93c990745ae61a8440376a8c8246ae3fe8841bc650646
SERVER_HANDSHAKE_TRAFFIC_SECRET 6713fcc4d9fbd0038a37865b7d82df954b3589515f6b05e1266de7c910252dc8 927da13cbb9b2906aa3d8eb8a871af8fb5b47b40bc93e6e8a199ce58d905c881
CLIENT_TRAFFIC_SECRET_0 9c61fddcdd6037d349ee9334d22fc032dcc3059190ab0c8c40e87ce1de59d407 6794f55f0efc8139dce1a9213a126337084c45dfa30024da0cf8f95b6971a35e
SERVER_TRAFFIC_SECRET_0 9c61fddcdd6037d349ee9334d22fc032dcc3059190ab0c8c40e87ce1de59d407 06d17227dc589a199d1e5b962603992d4e97b6bc3ded28fec66cc1b449d7fb0c
EXPORTER_SECRET 9c61fddcdd6037d349ee9334d22fc032dcc3059190ab0c8c40e87ce1de59d407 8c3ca034b2d874a8926fb2971971a2c3362bddf1948b63d2d37c56ad6289e9f2
CLIENT_TRAFFIC_SECRET_0 6713fcc4d9fbd0038a37865b7d82df954b3589515f6b05e1266de7c910252dc8 c9251a1aa255d6de10497646b0ba97af82735b65c49105e86176b489803c3a8b
SERVER_TRAFFIC_SECRET_0 6713fcc4d9fbd0038a37865b7d82df954b3589515f6b05e1266de7c910252dc8 c234ba412c8e62270db6869a9e3c907f2fccbb4f10bdd06764329213e52d1adf
EXPORTER_SECRET 6713fcc4d9fbd0038a37865b7d82df954b3589515f6b05e1266de7c910252dc8 ff4e91646882fbc2b57fef304df7dc5891a04d24b36d2b3c89ba37fbfa228a45
