CLIENT_HANDSHAKE_TRAFFIC_SECRET 68dbb6d5ba812909360cc5d48e0a1004cf535663fd711244906b8dc925b4b3a3 fb84db4307d01d144022341fed1d15a675174df118e3dea4158ff17468ffd825
SERVER_HANDSHAKE_TRAFFIC_SECRET 68dbb6d5ba812909360cc5d48e0a1004cf535663fd711244906b8dc925b4b3a3 9b3d90b94b5edabbcd3023dc6dc9ea3bc48c3e30d2e9d115fbfafda56e213292
CLIENT_HANDSHAKE_TRAFFIC_SECRET 722e0c84961cb4f83c48558b5a116765cc7de487b8c6bb905ba404f12d339a9f b69190b2d8ec01fc425dafe40db0421ea551526f22d09f1e14dd300f950089a8
SERVER_HANDSHAKE_TRAFFIC_SECRET 722e0c84961cb4f83c48558b5a116765cc7de487b8c6bb905ba404f12d339a9f 893bcd7c133b52176e52f013078e0c1969db5c846f6466dcacd83f796c3d475f
CLIENT_TRAFFIC_SECRET_0 68dbb6d5ba812909360cc5d48e0a1004cf535663fd711244906b8dc925b4b3a3 c3f6aec8e9d25c9b7d268ee5e94804cf225a368b964c6abab26c5227bd1515e0
SERVER_TRAFFIC_SECRET_0 68dbb6d5ba812909360cc5d48e0a1004cf535663fd711244906b8dc925b4b3a3 d54928a11d9336d52aae819ad89b305768568cea9bf302507c9c84de13edadd4
EXPORTER_SECRET 68dbb6d5ba812909360cc5d48e0a1004cf535663fd711244906b8dc925b4b3a3 f4b0e71cb2bbe0f9a56bc60363bf75ed743762b722cddabc07d84bd46c10c47e
CLIENT_HANDSHAKE_TRAFFIC_SECRET b090dd100c2694cfee8adf43d5f34f39cfa74b40d07e8b34b1a37570c700c156 f45881fbea4875822ef8d6dcbc3d1af8f96616a76daff9667858884371735467
SERVER_HANDSHAKE_TRAFFIC_SECRET b090dd100c2694cfee8adf43d5f34f39cfa74b40d07e8b34b1a37570c700c156 3c5608222e213914fbc23c90aa132edcdf1417b58f354a7d3eeb80ffdca1ac2c
CLIENT_TRAFFIC_SECRET_0 722e0c84961cb4f83c48558b5a116765cc7de487b8c6bb905ba404f12d339a9f bda1a83a88d11fa013f88264de271d2f4b09a540a9f0f33f7c60188a2b61fde5
SERVER_TRAFFIC_SECRET_0 722e0c84961cb4f83c48558b5a116765cc7de487b8c6bb905ba404f12d339a9f 3d97d305cb0b947be43a808cd1dcb1f04b810a626122081506474c781e058e98
EXPORTER_SECRET 722e0c84961cb4f83c48558b5a116765cc7de487b8c6bb905ba404f12d339a9f db68d8ab4471f429fccc3c841ec7c64aa7efee10a2d975152090c83de3d9bfb3
CLIENT_HANDSHAKE_TRAFFIC_SECRET 4d48e0cf1ab0499f6fbcbc318c0cd60b19ba693055650448febaeb1d3f5fb4d0 93d97384a398c6b66c259036a1c54d05153675cf49f97cc6e8bbe48103d76985
SERVER_HANDSHAKE_TRAFFIC_SECRET 4d48e0cf1ab0499f6fbcbc318c0cd60b19ba693055650448febaeb1d3f5fb4d0 e26ea6a631e6d0e0d6247ad2efc59e10d5136b71e60b87b1709911270af2963b
CLIENT_TRAFFIC_SECRET_0 b090dd100c2694cfee8adf43d5f34f39cfa74b40d07e8b34b1a37570c700c156 cd5970e4c35f9c6ff98b958ef291cbc718e7508496473be16bddb16a46418f5f
SERVER_TRAFFIC_SECRET_0 b090dd100c2694cfee8adf43d5f34f39cfa74b40d07e8b34b1a37570c700c156 d2db569e7d9f558a15161f2d885f74a6868da7e6196ff354c97162037ebf8db4
EXPORTER_SECRET b090dd100c2694cfee8adf43d5f34f39cfa74b40d07e8b34b1a37570c700c156 c9d9470b5e1b46e0577d9fe298f3fe56336000168ea87262f8495c0107ae692e
CLIENT_TRAFFIC_SECRET_0 4d48e0cf1ab0499f6fbcbc318c0cd60b19ba693055650448febaeb1d3f5fb4d0 a8cc8a4968b6675f8fbf51e7f39a221cd18b550433bea9b4daeec37a00913788
SERVER_TRAFFIC_SECRET_0 4d48e0cf1ab0499f6fbcbc318c0cd60b19ba693055650448febaeb1d3f5fb4d0 8e49d460634611420f8a7ab5204c86785c9ef141aa2f9945a60454d738ef1074
EXPORTER_SECRET 4d48e0cf1ab0499f6fbcbc318c0cd60b19ba693055650448febaeb1d3f5fb4d0 b89388bcba9efd6669435408b463a0f9b55b8a30dbddce2d72e506d63b42922e
CLIENT_HANDSHAKE_TRAFFIC_SECRET ec5a0f9f8eb1d112f0f8cace79841d406e13a35ae7fc1506ec7a83a1ba1f2cfa d4b09768aceda159236519444575a68384f791ca1dbf5a4890ef58ed49082fde
SERVER_HANDSHAKE_TRAFFIC_SECRET ec5a0f9f8eb1d112f0f8cace79841d406e13a35ae7fc1506ec7a83a1ba1f2cfa 27420216c46153198e97c4ee3c21ddb11348b0b8a9e3fa5059170f35e7035e0b
CLIENT_EARLY_TRAFFIC_SECRET 76485ab8d0ed69b8a16f4fcf773ecda091f91fea4c3ce69c3e523e3f584f7a8a b4038f3916b76e131cd2adab52eb2eb3ec05a473afbc04126bdf209bc936c517
CLIENT_HANDSHAKE_TRAFFIC_SECRET 76485ab8d0ed69b8a16f4fcf773ecda091f91fea4c3ce69c3e523e3f584f7a8a 994d1a742ced1aea9fff4b875e2098bbe714bb8029287015d7ea19ec36e15aef
SERVER_HANDSHAKE_TRAFFIC_SECRET 76485ab8d0ed69b8a16f4fcf773ecda091f91fea4c3ce69c3e523e3f584f7a8a 04b68a79acf36c707c03c43fa6c550016d8ebb2c5d3373d508a33a5bfc2c7255
CLIENT_TRAFFIC_SECRET_0 76485ab8d0ed69b8a16f4fcf773ecda091f91fea4c3ce69c3e523e3f584f7a8a b7cdc1cefdb090afee5cacc4d90d63bb8bf903bb577685493f42afa9e75382ba
SERVER_TRAFFIC_SECRET_0 76485ab8d0ed69b8a16f4fcf773ecda091f91fea4c3ce69c3e523e3f584f7a8a f351d05541fe7a64cdfaa8308f13551c1a28380095d72b7e90f80838679479b0
EXPORTER_SECRET 76485ab8d0ed69b8a16f4fcf773ecda091f91fea4c3ce69c3e523e3f584f7a8a f12a18f72589b8c0185e65c2a8c561e5b8df651cbe6290fb23d3edc0de1f5626
CLIENT_HANDSHAKE_TRAFFIC_SECRET 50cdb6676b932f3b740255a21a98378c209e280b8ec43f96148976e18841736b 5fe9ee00297ff151be77a8b1838050ba307f3fb36e71acebf5c92afb83d9d5da
SERVER_HANDSHAKE_TRAFFIC_SECRET 50cdb6676b932f3b740255a21a98378c209e280b8ec43f96148976e18841736b 9fa5d7d395d6f24e8be3a18959738e7127e2fe7e5db7dfa26aaf89dd05d67190
CLIENT_TRAFFIC_SECRET_0 50cdb6676b932f3b740255a21a98378c209e280b8ec43f96148976e18841736b c24eba0df7354980792e8e22b013f8921fc5a6b39c69a34509098806925c0c55
SERVER_TRAFFIC_SECRET_0 50cdb6676b932f3b740255a21a98378c209e280b8ec43f96148976e18841736b 1689695e5afd97adc4f1ae488d0d0e51efba27135167c7415a680fa19d555630
EXPORTER_SECRET 50cdb6676b932f3b740255a21a98378c209e280b8ec43f96148976e18841736b e898566eb2fb7a70c7143c7d24478e963cbbdf86b896206fc6b7f6fd242660f1
CLIENT_HANDSHAKE_TRAFFIC_SECRET 33597c543638ffd2543425304ce96249a5aa449d000118adb4b17a4c8863b5bd cf3ed77402b33a1b0d14d0a5b54750162314cf237d4e3e913cd972abe3ed931f
SERVER_HANDSHAKE_TRAFFIC_SECRET 33597c543638ffd2543425304ce96249a5aa449d000118adb4b17a4c8863b5bd ad16cc1d7a4b69706eb7e56c810b78a2787e553abc459d5378abf2e379447024
CLIENT_TRAFFIC_SECRET_0 33597c543638ffd2543425304ce96249a5aa449d000118adb4b17a4c8863b5bd 063377fc4413879cf4499c21c41e7d13537aa7c32f8bf0876ae8feb7d150913c
SERVER_TRAFFIC_SECRET_0 33597c543638ffd2543425304ce96249a5aa449d000118adb4b17a4c8863b5bd 8b3e08c75772c3cdc213884970534add0cd182684845158cc0da8728ad22df1b
EXPORTER_SECRET 33597c543638ffd2543425304ce96249a5aa449d000118adb4b17a4c8863b5bd 6b402f06ebfe5f88f70ab4a59342515a2dda3c950ef3b6da00fff1132a1ea985
CLIENT_HANDSHAKE_TRAFFIC_SECRET 21a6e1699f7f0a44e84df8c631ac7c5ec8e6d1f0d76a2e60368903c87ead0753 30c1d9323f632dd7eb06bf3ac1307cb8c89936bbb0df479b8a7ad021d824f065
SERVER_HANDSHAKE_TRAFFIC_SECRET 21a6e1699f7f0a44e84df8c631ac7c5ec8e6d1f0d76a2e60368903c87ead0753 a09a0957f81cb248c8702c6e858f7066511693e8c021efbea7a0197717dc3b2a
CLIENT_TRAFFIC_SECRET_0 21a6e1699f7f0a44e84df8c631ac7c5ec8e6d1f0d76a2e60368903c87ead0753 1a14eec66560d829a5ea345350498455baf5c1c7a9a9cacb14ab1b4198e0f60f
SERVER_TRAFFIC_SECRET_0 21a6e1699f7f0a44e84df8c631ac7c5ec8e6d1f0d76a2e60368903c87ead0753 ecf27af42c71e7873d1f07ea9e9758d4c9075c1155f4741a7161af872d5a287f
EXPORTER_SECRET 21a6e1699f7f0a44e84df8c631ac7c5ec8e6d1f0d76a2e60368903c87ead0753 11c2518a57c8ddb142a86348ec24db21c93d9329bbd625f84ee56a1b50252cb9
CLIENT_HANDSHAKE_TRAFFIC_SECRET 74b35accd1f86f9323c6ac49a7102da7730c5bdcebe15f47429110487bea5011 575ca00b3d8b8c7429a634567b4d7384b0075053d8bbafad4ee84b10fe0e6cd1
SERVER_HANDSHAKE_TRAFFIC_SECRET 74b35accd1f86f9323c6ac49a7102da7730c5bdcebe15f47429110487bea5011 4f6889b803f6e69ef91cf58e99db1ceadc37ebda2ec8f1ba2a7f666fe9a54bf4
CLIENT_TRAFFIC_SECRET_0 74b35accd1f86f9323c6ac49a7102da7730c5bdcebe15f47429110487bea5011 e1d4abf330937f95288908447ab11239906aa3c2163aec24c56bc31e7a924c3b
SERVER_TRAFFIC_SECRET_0 74b35accd1f86f9323c6ac49a7102da7730c5bdcebe15f47429110487bea5011 7f007452fcb0c4abe201ccb939ae6878a2570b231632c0ae1db81d16c2bcaeb3
EXPORTER_SECRET 74b35accd1f86f9323c6ac49a7102da7730c5bdcebe15f47429110487bea5011 156892cece881c2b7c7897147b0b9a0e20dfb3cf704a4301b4607e3306de802b
CLIENT_HANDSHAKE_TRAFFIC_SECRET 8009410456170cd3a7ce392a3bf8158253eb11a8b773b6ba7b7959835e642e62 ee3eeb9d28172f6e5769f231e256fa6f0a3880ff8bc2d48bd6f8eac3f8160e79
SERVER_HANDSHAKE_TRAFFIC_SECRET 8009410456170cd3a7ce392a3bf8158253eb11a8b773b6ba7b7959835e642e62 902599462973b55b6ccf58d7751e7710a95c2b7a255ca6b02c82b6ee87125494
CLIENT_TRAFFIC_SECRET_0 8009410456170cd3a7ce392a3bf8158253eb11a8b773b6ba7b7959835e642e62 e2e323c385b4219c9d458a85af3a56dd0a95097ddd72fa550182de19cb930a38
SERVER_TRAFFIC_SECRET_0 8009410456170cd3a7ce392a3bf8158253eb11a8b773b6ba7b7959835e642e62 7e2ad34f8e1aaadf5f4cf347063d7070c63f964fae0f0e920ee57ff157535f7f
EXPORTER_SECRET 8009410456170cd3a7ce392a3bf8158253eb11a8b773b6ba7b7959835e642e62 934db4298fb192ba2bcf59ccc0e83d3e22d2dee7fc009518546ffe69d5a54fdd
CLIENT_EARLY_TRAFFIC_SECRET f69ba50e7dc551cc9f595134d7dc4c2374020698b9e9ae0506dce7ae50f2e039 b04eb69f8be7e3389421674f3f9c6d93fdbbb140e2c730238f3a59e4bc0f9936
CLIENT_HANDSHAKE_TRAFFIC_SECRET f69ba50e7dc551cc9f595134d7dc4c2374020698b9e9ae0506dce7ae50f2e039 17d7881f1c10198a4cd8038362ca88cbba33be3d7133c760e8fd9dc570797e92
SERVER_HANDSHAKE_TRAFFIC_SECRET f69ba50e7dc551cc9f595134d7dc4c2374020698b9e9ae0506dce7ae50f2e039 57b2b6b4c81c919d341a3bfe1b77e8c7dc4d62c50156139e24d3b3674df6fbc0
CLIENT_TRAFFIC_SECRET_0 f69ba50e7dc551cc9f595134d7dc4c2374020698b9e9ae0506dce7ae50f2e039 345c00b8e92da51d33afeaa468ac9b88b98484c0f529a2acd94b64ed3cd6b2b5
SERVER_TRAFFIC_SECRET_0 f69ba50e7dc551cc9f595134d7dc4c2374020698b9e9ae0506dce7ae50f2e039 7eba9aa858b5e48f038f651e8f7f1cdac61e3177eff0c33bb7c452831a1d8cbd
EXPORTER_SECRET f69ba50e7dc551cc9f595134d7dc4c2374020698b9e9ae0506dce7ae50f2e039 19502dec7d32d3d97d7f8b09f386c25dde5b6d4595eb34c15cf58ef58974c162
CLIENT_HANDSHAKE_TRAFFIC_SECRET 4b1a550a2708e091ef5ca8c530651cc06bea1af06d7d69a6db6439cffa9fa1bf 7ac89d3a00c82b1ddfa06af91ff2fb7e5473bcd882023693525f1c28c6be85a7
SERVER_HANDSHAKE_TRAFFIC_SECRET 4b1a550a2708e091ef5ca8c530651cc06bea1af06d7d69a6db6439cffa9fa1bf 20cc8495744c12d2983ea33fd603b1402f0906ed918b434c05848d230e529b6f
CLIENT_TRAFFIC_SECRET_0 4b1a550a2708e091ef5ca8c530651cc06bea1af06d7d69a6db6439cffa9fa1bf d9761251974ea04463a142d839ffa9f072dd0c53967b4cde67958410ee7aea4c
SERVER_TRAFFIC_SECRET_0 4b1a550a2708e091ef5ca8c530651cc06bea1af06d7d69a6db6439cffa9fa1bf 789bc969a651051b1f84256ff8cd4e0711bde9e0c14bacb6fc824ee0e44249eb
EXPORTER_SECRET 4b1a550a2708e091ef5ca8c530651cc06bea1af06d7d69a6db6439cffa9fa1bf 112e18e1e2cb9acfc9d8489018aaf8de16a052f36918fbbbfe19d1e2054a40e6
CLIENT_HANDSHAKE_TRAFFIC_SECRET 8d0ddda80be2b78279e0abfb3f726331b2f7a55b29b9dbd235f8dff7b8e3c946 9d67cf1576b8d0b987c5156072a4704c07a295ae70da395f99ce93e1b6fbc38e
SERVER_HANDSHAKE_TRAFFIC_SECRET 8d0ddda80be2b78279e0abfb3f726331b2f7a55b29b9dbd235f8dff7b8e3c946 819d801c5b8b28032d6c8e6220358e8b5bb04d1fe86db40dc15f50ca3622fc97
CLIENT_TRAFFIC_SECRET_0 8d0ddda80be2b78279e0abfb3f726331b2f7a55b29b9dbd235f8dff7b8e3c946 d52d33341963a7d49ff08c2a8ef7cc973736428a4fe1685f2420f479b011b214
SERVER_TRAFFIC_SECRET_0 8d0ddda80be2b78279e0abfb3f726331b2f7a55b29b9dbd235f8dff7b8e3c946 aea1a597b73334efc9ebebc5f3a6bc5b212ecc78ec2b41a09b02af24258b719f
EXPORTER_SECRET 8d0ddda80be2b78279e0abfb3f726331b2f7a55b29b9dbd235f8dff7b8e3c946 3ff219a01c503710d2f971ca5d9cf9651995bc94824f5b37d029df2699412883
CLIENT_HANDSHAKE_TRAFFIC_SECRET e7cb87eb743b5c15b9d7df4c8b8ec687835a98fd8ff84370220750d41bff7dae 772ce100ebd462dd3f8cb58274a41432ec65e9ebe5f1e4d50927c9f8bd01bb66
SERVER_HANDSHAKE_TRAFFIC_SECRET e7cb87eb743b5c15b9d7df4c8b8ec687835a98fd8ff84370220750d41bff7dae 7bdffaa4345ae3245e8fd63692d6cd837ede5d6eb80c411dd6e59fcb5865532a
CLIENT_HANDSHAKE_TRAFFIC_SECRET 1a52b2298a1951a5475d19ade3916fc545809b4db00b7d3727742cbd19ce3448 32dc9ae4c1b439032fa19a8d1fdabf140d7ab403fd921eb61fcf29193fb67e17
SERVER_HANDSHAKE_TRAFFIC_SECRET 1a52b2298a1951a5475d19ade3916fc545809b4db00b7d3727742cbd19ce3448 93de7f41ad384b608a24615d34e73b4ed73a38a431cadf43b1e52869baa95d6d
CLIENT_TRAFFIC_SECRET_0 e7cb87eb743b5c15b9d7df4c8b8ec687835a98fd8ff84370220750d41bff7dae c3b7e05c1d19113512ac63f3dd9e85d016d92d3f660c7bcba67efa206eba42de
SERVER_TRAFFIC_SECRET_0 e7cb87eb743b5c15b9d7df4c8b8ec687835a98fd8ff84370220750d41bff7dae 794cbb3ad1eac5fddec05a63ba647d6db81fa2302e0b07e7f763d200f3f466ba
EXPORTER_SECRET e7cb87eb743b5c15b9d7df4c8b8ec687835a98fd8ff84370220750d41bff7dae 5cd42151022501bd42d55f36e14cc3398e389f9243fba0bc746aea5aecc685d8
CLIENT_TRAFFIC_SECRET_0 1a52b2298a1951a5475d19ade3916fc545809b4db00b7d3727742cbd19ce3448 c9daa6840fa7f3ae0021e85a38becad6d19dbb213977ef0db3edc14cbcfba263
SERVER_TRAFFIC_SECRET_0 1a52b2298a1951a5475d19ade3916fc545809b4db00b7d3727742cbd19ce3448 b947d97e89604b8c2df033d2568a091636f0a6ea8d2eece28a6d8a6dbfd2cf6b
EXPORTER_SECRET 1a52b2298a1951a5475d19ade3916fc545809b4db00b7d3727742cbd19ce3448 f036663a00dcbdb91654b4c723eef5e96ad1835297e380a85882879a2b224568
CLIENT_HANDSHAKE_TRAFFIC_SECRET 501d990db75aa83c320308627de7716336f3165da04362becb4bddc72396123e f3824d79973b69b1fcc82baad4887b588eaa9fa489467331c86964e602ab7b70
SERVER_HANDSHAKE_TRAFFIC_SECRET 501d990db75aa83c320308627de7716336f3165da04362becb4bddc72396123e 686cda6533a4316483b0742b41e5cd5a30989f83a7adb31c8719c17032668e3a
CLIENT_TRAFFIC_SECRET_0 501d990db75aa83c320308627de7716336f3165da04362becb4bddc72396123e 91594ef42c8d6e4e6fbdf112a31e7f2ec067fc865f822a38d2b485323b0ef9bc
SERVER_TRAFFIC_SECRET_0 501d990db75aa83c320308627de7716336f3165da04362becb4bddc72396123e 18de0dfa8e0b94e57cad669e97e64cde6d9a3bb1ba281a67845fda695ad16c5d
EXPORTER_SECRET 501d990db75aa83c320308627de7716336f3165da04362becb4bddc72396123e b24196d362caaf8cf74c1e9ec8e57345f2d4bd22ce4170ef4687edf122ec1c40
CLIENT_HANDSHAKE_TRAFFIC_SECRET 2f018f1766c3d55032f2a5c63c1f878b01f9c4502a9e8dae5146bc88084f5c14 715dee75bb84256f3dcf07750f4b2126949dfd4010ef4b38a35149b9b92fa93d
SERVER_HANDSHAKE_TRAFFIC_SECRET 2f018f1766c3d55032f2a5c63c1f878b01f9c4502a9e8dae5146bc88084f5c14 d348cd7004a23019af5d7b9398b7948fbd1df0bea87c8f34231a3d8455ec01e0
CLIENT_TRAFFIC_SECRET_0 2f018f1766c3d55032f2a5c63c1f878b01f9c4502a9e8dae5146bc88084f5c14 10cfc92925c47657975118f109aa6eab05d0f933e4a2500ca1f3fd99502c9c86
SERVER_TRAFFIC_SECRET_0 2f018f1766c3d55032f2a5c63c1f878b01f9c4502a9e8dae5146bc88084f5c14 ada23bc4f3ba978dd436fe1d552cf0f3ff4b4c2bd6ed628e14d4705fa00bd025
EXPORTER_SECRET 2f018f1766c3d55032f2a5c63c1f878b01f9c4502a9e8dae5146bc88084f5c14 e43639157f126ed246de012e1b133d908404ecd6fbdce4bf36b1d7677c47589a
CLIENT_HANDSHAKE_TRAFFIC_SECRET 430110af681ba3894d91d214779d5f88577eaa8111d20d1500b651a5932bd4f6 72c4450c387af9ed035f22b131e000e23300590289c3d40dd7e9ca4c12f7a137
SERVER_HANDSHAKE_TRAFFIC_SECRET 430110af681ba3894d91d214779d5f88577eaa8111d20d1500b651a5932bd4f6 bb44db671ec10f3802bc3b3b351bf452cd480fdcace3dfc8e003d951e4b17a69
CLIENT_TRAFFIC_SECRET_0 430110af681ba3894d91d214779d5f88577eaa8111d20d1500b651a5932bd4f6 fadcf2814c7f599f0797d56358196e381bc0cc12f74f868b0c56495ee31e80d1
SERVER_TRAFFIC_SECRET_0 430110af681ba3894d91d214779d5f88577eaa8111d20d1500b651a5932bd4f6 f1b2c6c557efc283e52fe0618a0c6a0e7c84f4b4e2c22294a52617343a236ca4
EXPORTER_SECRET 430110af681ba3894d91d214779d5f88577eaa8111d20d1500b651a5932bd4f6 91615c8cae305ce4bc83eacbde45a4549e3234eb89bf386a85732492279602a2
CLIENT_HANDSHAKE_TRAFFIC_SECRET b8d65c4e7ee6e3993d7576c483756777c5cc0eeda62ee582be64feb79be523a9 3327bb0b5dc0b8c82aaffc93d24c18aefde000b8aa25b74956bb1bd0f6b28c7d
SERVER_HANDSHAKE_TRAFFIC_SECRET b8d65c4e7ee6e3993d7576c483756777c5cc0eeda62ee582be64feb79be523a9 092d4cbc3999f2be22faf99b93f1b8152efc11477ce7bccef02b16b856045672
CLIENT_TRAFFIC_SECRET_0 b8d65c4e7ee6e3993d7576c483756777c5cc0eeda62ee582be64feb79be523a9 e38ecf8f03927e178183450e8f3524ffa445130092be48727dc1121027bf76ea
SERVER_TRAFFIC_SECRET_0 b8d65c4e7ee6e3993d7576c483756777c5cc0eeda62ee582be64feb79be523a9 61b2702a0c22ca61dfe364d465a88a78d287ed13340685b28192d2976fb1ff50
EXPORTER_SECRET b8d65c4e7ee6e3993d7576c483756777c5cc0eeda62ee582be64feb79be523a9 88f80d2b1f93771af17dff32a26c56d4a7d7184eccdca8e8c6c7e1277d335027
CLIENT_HANDSHAKE_TRAFFIC_SECRET ca716c4f5c34821adc490b906fea136851dad8a28b4583ef5ce1b509782896fd 6ff3bf4967fca007596fda57504d388afdc20e3e50f6ddbcb9597b952b24e694
SERVER_HANDSHAKE_TRAFFIC_SECRET ca716c4f5c34821adc490b906fea136851dad8a28b4583ef5ce1b509782896fd c4ef568cc8460a5bf0392537a2c39c7c925c10f7d178c42f92a82658a7dcd045
CLIENT_TRAFFIC_SECRET_0 ca716c4f5c34821adc490b906fea136851dad8a28b4583ef5ce1b509782896fd 11f30ba454727203f6f9dbfc6b6b860d5526f2bf3137be28f8c922e9ad4a35a5
SERVER_TRAFFIC_SECRET_0 ca716c4f5c34821adc490b906fea136851dad8a28b4583ef5ce1b509782896fd 49092f976c5a7325919eacc5714f1faf508582f0711efc794e8968d039610d38
EXPORTER_SECRET ca716c4f5c34821adc490b906fea136851dad8a28b4583ef5ce1b509782896fd e1842ee5ca976428e81147d05ede5e62a17f694edc57db104fd9c78b70dfbd42
CLIENT_EARLY_TRAFFIC_SECRET b77672a614ba429bd3636bc8493150cf03f66a0cb3088368d2f02132d95a91f2 4458492933ed5d2807105272df42e3b448a21455d594925b434881e32fcdcd4b
CLIENT_HANDSHAKE_TRAFFIC_SECRET b77672a614ba429bd3636bc8493150cf03f66a0cb3088368d2f02132d95a91f2 5f1c97610894396a453ca9d5c7e2f755c83400483acf10e47f05501c5e7a1ea0
SERVER_HANDSHAKE_TRAFFIC_SECRET b77672a614ba429bd3636bc8493150cf03f66a0cb3088368d2f02132d95a91f2 692c0e1a99209cf5e9e7fb8bfddab65844b23a47c24f8632210f50846aaa8415
CLIENT_TRAFFIC_SECRET_0 b77672a614ba429bd3636bc8493150cf03f66a0cb3088368d2f02132d95a91f2 d394df5ee198628406f44329196b2cf6351d5765cbd46a8e938bd6aafed25a26
SERVER_TRAFFIC_SECRET_0 b77672a614ba429bd3636bc8493150cf03f66a0cb3088368d2f02132d95a91f2 ab04c2c50ab7990e102d3a8021e97b1f30ac8b18c3a33ec24464fafcbce7afde
EXPORTER_SECRET b77672a614ba429bd3636bc8493150cf03f66a0cb3088368d2f02132d95a91f2 61e396687f3a1566c8ea1479f30217cbe619a5eb38bb8155021401b24f2452b5
CLIENT_HANDSHAKE_TRAFFIC_SECRET 8564e7185bfdd84eb551356177a3985d2f36cb6bcb1ec5384f0f1cd2e65c22d3 ede3e475992fc90c14738a2813c0f82a9bd320bcf8096a71933cbf5c31c0a3b6
SERVER_HANDSHAKE_TRAFFIC_SECRET 8564e7185bfdd84eb551356177a3985d2f36cb6bcb1ec5384f0f1cd2e65c22d3 7a82847442d6c8babacab71d633700d390140ee10134006faaaf1e380564e7ac
CLIENT_TRAFFIC_SECRET_0 8564e7185bfdd84eb551356177a3985d2f36cb6bcb1ec5384f0f1cd2e65c22d3 8c99d2a419b796fd3b77a98cc411eee4f5275a5b573987010dac95d4a77f6aee
SERVER_TRAFFIC_SECRET_0 8564e7185bfdd84eb551356177a3985d2f36cb6bcb1ec5384f0f1cd2e65c22d3 188ce0fd446d8e4ee59f90b526c6169251700079eb813876aa00d6b02e932f1e
EXPORTER_SECRET 8564e7185bfdd84eb551356177a3985d2f36cb6bcb1ec5384f0f1cd2e65c22d3 7730197cc95484fa2c8e1fd839b8e1b7cc887e2479183f8ab9bd7f90186fa679
CLIENT_HANDSHAKE_TRAFFIC_SECRET 59a140fe5a03a0b9fc41813a4db2f4da480b4b9f59510bf11c2ba3d47e93619e 5e787b3667d465f7c38c7d6ee105c0ff444d2a3871f23dc7603337df0fa9d4b0
SERVER_HANDSHAKE_TRAFFIC_SECRET 59a140fe5a03a0b9fc41813a4db2f4da480b4b9f59510bf11c2ba3d47e93619e 63717b0c67a77cecb0f35ef5eb7924bfe96c2763bff11d5f93863faecd45db57
CLIENT_TRAFFIC_SECRET_0 59a140fe5a03a0b9fc41813a4db2f4da480b4b9f59510bf11c2ba3d47e93619e dbb2970279e9178c83900dc66c0630d0c60ef4221a5672bc95f48db33790fdd0
SERVER_TRAFFIC_SECRET_0 59a140fe5a03a0b9fc41813a4db2f4da480b4b9f59510bf11c2ba3d47e93619e 717a5ec8d58c41d410bb16f627e1f6180a721fa182a5e192c88c79f5415fc299
EXPORTER_SECRET 59a140fe5a03a0b9fc41813a4db2f4da480b4b9f59510bf11c2ba3d47e93619e 674f69df1015338a821e833618a13ffcfa2380b2b0751ea16a8030d9d7610019
CLIENT_HANDSHAKE_TRAFFIC_SECRET 670190727a1a4a8b016e9f016b1db2a6dd783b3dd7846cf4a9ba23089213506d 9255fc734d3154ca5d036031065aae2ffc254f54c204f3326bf0c45fbdf958c4
SERVER_HANDSHAKE_TRAFFIC_SECRET 670190727a1a4a8b016e9f016b1db2a6dd783b3dd7846cf4a9ba23089213506d bb85827620e01d81bc8472f0ee627983a27437a946e82107ff3f15a2d17af7ad
CLIENT_TRAFFIC_SECRET_0 670190727a1a4a8b016e9f016b1db2a6dd783b3dd7846cf4a9ba23089213506d 4c66f787b80f90fcda98762a169d50d4eea0a46fc12209f771216be4f326a283
SERVER_TRAFFIC_SECRET_0 670190727a1a4a8b016e9f016b1db2a6dd783b3dd7846cf4a9ba23089213506d 5facf197192d909516016d87afbc017d1bfba7bbcd53400a6404bfcc4b06e47d
EXPORTER_SECRET 670190727a1a4a8b016e9f016b1db2a6dd783b3dd7846cf4a9ba23089213506d db3ae04639a7a14020619d1d8f854dbd228f399d4592ae35e9f56d9a45c983ce
CLIENT_HANDSHAKE_TRAFFIC_SECRET 3d9c8937b822804f50a9c0f958bb783e1994352439ea000f782c24f39dd33cbd c08bc0eb7b18eefe507aa97947d2e2a2c851770385f51ff3fa90123850faf957
SERVER_HANDSHAKE_TRAFFIC_SECRET 3d9c8937b822804f50a9c0f958bb783e1994352439ea000f782c24f39dd33cbd c589d8bc8cbc26b9fa8203243e78cca3404f420d17326db6a29b84be292d6f05
CLIENT_TRAFFIC_SECRET_0 3d9c8937b822804f50a9c0f958bb783e1994352439ea000f782c24f39dd33cbd 2e6b9e3319ce50f8e0ea1765254688583e49a14619442c1f33929cd2b7fd60de
SERVER_TRAFFIC_SECRET_0 3d9c8937b822804f50a9c0f958bb783e1994352439ea000f782c24f39dd33cbd 8ba2b8c35dda336ca29aa6e864a207974572656bf77629ee9e4f288d5f9ffac0
EXPORTER_SECRET 3d9c8937b822804f50a9c0f958bb783e1994352439ea000f782c24f39dd33cbd 7a881536e07325dccc0cd61fbd0dc7f90bf9184cf6989f885a62a5eb4b48d534
CLIENT_HANDSHAKE_TRAFFIC_SECRET 768ccb58785db226c4c9b4e90f537921c9c7bcb237e7f39e46a9ad7d9e159b8a 042d0d744af335f943455009b8d0b45be241846cbc328544c27495928b79a356
SERVER_HANDSHAKE_TRAFFIC_SECRET 768ccb58785db226c4c9b4e90f537921c9c7bcb237e7f39e46a9ad7d9e159b8a c2ea248405a92a227a72f3a8a22c5a43ba4c83717a7c4063bf5027b76d1847a5
CLIENT_HANDSHAKE_TRAFFIC_SECRET bacb8ab86265520151765d3b38550668abd8f611a4f1f4cee932f8cbf1bf89a5 ef978e9e684eb07e1c17d77224a81a641b78b8e7f15589e32d8111d007380785
SERVER_HANDSHAKE_TRAFFIC_SECRET bacb8ab86265520151765d3b38550668abd8f611a4f1f4cee932f8cbf1bf89a5 e0ce1e28378a3f7ae42ed10542442d53b52f0c099dfc4d7483e472b95cccc6e8
CLIENT_TRAFFIC_SECRET_0 bacb8ab86265520151765d3b38550668abd8f611a4f1f4cee932f8cbf1bf89a5 14cf0cedea8f6f0e6cde50facb37cf0f6acdfa40d201adfc8614b9c5faf3b6af
SERVER_TRAFFIC_SECRET_0 bacb8ab86265520151765d3b38550668abd8f611a4f1f4cee932f8cbf1bf89a5 5db986fb77d5427b20cbe0f1a90fddc575fd080158b07222d6dfdbfff42d0bb0
EXPORTER_SECRET bacb8ab86265520151765d3b38550668abd8f611a4f1f4cee932f8cbf1bf89a5 b5ad1c97ba99f7c32c9642f3a645bf5a924a1e5d8b414bacfe47e991952131da
CLIENT_TRAFFIC_SECRET_0 768ccb58785db226c4c9b4e90f537921c9c7bcb237e7f39e46a9ad7d9e159b8a c67781e2e8bb2e7458fb1d53ef3c9fc50f53ec65b3007a9dca2e2b19c00b5435
SERVER_TRAFFIC_SECRET_0 768ccb58785db226c4c9b4e90f537921c9c7bcb237e7f39e46a9ad7d9e159b8a 8c4f25ac65a7064324a8a518f55701213d71e1c828c3e86407c6ea78f582c733
EXPORTER_SECRET 768ccb58785db226c4c9b4e90f537921c9c7bcb237e7f39e46a9ad7d9e159b8a d175655e599fed08de26ad29780114afa6c351bbee9002cbb5a9211a19dd4f88
CLIENT_HANDSHAKE_TRAFFIC_SECRET 4cd3748cc8f4534fb7ee7aba3ddcb29da94d84e7b4ebbfaf605cc1efc0d13b2f 21c0efa829484595011049c40959b6ee12e6e3695094d3e276d9a6417e0f6136
SERVER_HANDSHAKE_TRAFFIC_SECRET 4cd3748cc8f4534fb7ee7aba3ddcb29da94d84e7b4ebbfaf605cc1efc0d13b2f f4e0049f821763fc5d47a9f1941b06677a45fe68f8f71ef97b9c589146ae424c
CLIENT_TRAFFIC_SECRET_0 4cd3748cc8f4534fb7ee7aba3ddcb29da94d84e7b4ebbfaf605cc1efc0d13b2f 0eb9c258c91a1d1f3e83a9076de7117dce1bf717ff93263c039a2b1810861367
SERVER_TRAFFIC_SECRET_0 4cd3748cc8f4534fb7ee7aba3ddcb29da94d84e7b4ebbfaf605cc1efc0d13b2f c9f1ed0aa49872c0ef00b41b5aa424068c3027652235fd0005c7c648c61d9bd1
EXPORTER_SECRET 4cd3748cc8f4534fb7ee7aba3ddcb29da94d84e7b4ebbfaf605cc1efc0d13b2f b1d9a27e570f9124c0c71904987e2565e50f761af3f0f00e3c16c49443c15af4
CLIENT_HANDSHAKE_TRAFFIC_SECRET 0cc9b119dc695e39ffd8c33fcfd1ec5037644e418e685ad18370849c94f87f49 5aea4e26997279ac3a6d2e615cc93f0f2a8c2683f6a12241f718c413a68d9773
SERVER_HANDSHAKE_TRAFFIC_SECRET 0cc9b119dc695e39ffd8c33fcfd1ec5037644e418e685ad18370849c94f87f49 be4669194afe7a025a8933721334dbebe2498e9455fc353f16c174f80b508230
CLIENT_TRAFFIC_SECRET_0 0cc9b119dc695e39ffd8c33fcfd1ec5037644e418e685ad18370849c94f87f49 48293118682fd214d90a30a0db69f077adbb82a94ebe99ebfe03ec6976a24f68
SERVER_TRAFFIC_SECRET_0 0cc9b119dc695e39ffd8c33fcfd1ec5037644e418e685ad18370849c94f87f49 bb72ea3f2be73dabe3a714aaea324f22ae56ccf0b2a99f9132e4b74abcf90d72
EXPORTER_SECRET 0cc9b119dc695e39ffd8c33fcfd1ec5037644e418e685ad18370849c94f87f49 a2b1f37fa1245dbdca2a1f74929ec8fe099e06dc82557a7db7a54f589f58b367
CLIENT_HANDSHAKE_TRAFFIC_SECRET 6b68b98daf5eb0794b945b5a2ef47d4bd121e5c354d6216732ccb1f615def10d adc9fe396a5a76fa28b8808a4f9408bfcf1d92dab30e35cd19e4e3a8f005433f
SERVER_HANDSHAKE_TRAFFIC_SECRET 6b68b98daf5eb0794b945b5a2ef47d4bd121e5c354d6216732ccb1f615def10d 01ea6c4f0bd7fd4cc4e94839f57cbdedfab1fe04d2150376d52f3f7a7d593630
CLIENT_TRAFFIC_SECRET_0 6b68b98daf5eb0794b945b5a2ef47d4bd121e5c354d6216732ccb1f615def10d f6e77989113c1cb17cf41cd10e3da27ab22f767ddcef8c78c461f9e2516149b1
SERVER_TRAFFIC_SECRET_0 6b68b98daf5eb0794b945b5a2ef47d4bd121e5c354d6216732ccb1f615def10d d2e688f53faa6441a6006d25d77689fd2042a46f51322ed38f0b1be53f482173
EXPORTER_SECRET 6b68b98daf5eb0794b945b5a2ef47d4bd121e5c354d6216732ccb1f615def10d 674e708a71fd96193178424518c68e163ee50aabbc90bf7b865a8e9423f1f34f
CLIENT_HANDSHAKE_TRAFFIC_SECRET 6e1f22861837c17294ca5b6a32a14a79e8debebecb19acbe6df6fe5354752e8e 46e12f50e2c001632761656bedea640b0cf7367a1cb4821bcbaf44e8cf064f7d
SERVER_HANDSHAKE_TRAFFIC_SECRET 6e1f22861837c17294ca5b6a32a14a79e8debebecb19acbe6df6fe5354752e8e 8d2f5a669e52c2a448a9eead819308cd9c2cb3cd203a2d9f19fa7a65a12f1e20
CLIENT_TRAFFIC_SECRET_0 6e1f22861837c17294ca5b6a32a14a79e8debebecb19acbe6df6fe5354752e8e ae65eb45e7598d3030d7cd1ab9cf592cbc4996e34cd8de9032d655f7bb9c7b42
SERVER_TRAFFIC_SECRET_0 6e1f22861837c17294ca5b6a32a14a79e8debebecb19acbe6df6fe5354752e8e 0bf1410246d13ffe8afce75f2def5c61e1a4545cf544caddea3e6c9c1c531233
EXPORTER_SECRET 6e1f22861837c17294ca5b6a32a14a79e8debebecb19acbe6df6fe5354752e8e b78170afd8bbe2fcf3140eb5fbf5f6d4f4778e8c46de11e24143d5eceb944106
CLIENT_HANDSHAKE_TRAFFIC_SECRET 3ca2fddcffd52e5a9a5a547ea52b415345accd5639050b7b865f9e0605244fcc 5692fb44d7489f88dd8cbd5beb58348b99a39a83ad22eedd33a300c9e70a37d5
SERVER_HANDSHAKE_TRAFFIC_SECRET 3ca2fddcffd52e5a9a5a547ea52b415345accd5639050b7b865f9e0605244fcc 0440d0c050bf40e77a27c635fbc5d3704991d010e1fe790f8afa6246f9f1942b
CLIENT_TRAFFIC_SECRET_0 3ca2fddcffd52e5a9a5a547ea52b415345accd5639050b7b865f9e0605244fcc 21e677530d865715b5052df198c3f63e5afb74d0c121dea43023fc72b6e363d8
SERVER_TRAFFIC_SECRET_0 3ca2fddcffd52e5a9a5a547ea52b415345accd5639050b7b865f9e0605244fcc f8fed93f6e7b9363303fdf9bcee0610bda6007f82fb180b490aab0ea1814028c
EXPORTER_SECRET 3ca2fddcffd52e5a9a5a547ea52b415345accd5639050b7b865f9e0605244fcc ad0ea9deb2072ab344ab4e18f268de64e914dabd074158966495bdc43b9880c3
CLIENT_HANDSHAKE_TRAFFIC_SECRET 5104a74f2d83b7bb2cdc48c9ab869b3b724f780dd910e1295f49e76da60b67bb 4fad84d7e2b7eaa03f3fc470fab0f1cabd5b85bca67d854ba8c6bdcc4181ddda
SERVER_HANDSHAKE_TRAFFIC_SECRET 5104a74f2d83b7bb2cdc48c9ab869b3b724f780dd910e1295f49e76da60b67bb 23eba6c74a2ea841d788d47d8fb76cdd4927d68e622a4243ca232ed2a9c7d854
CLIENT_HANDSHAKE_TRAFFIC_SECRET 41ed0853eeb7b7eac0ca608c214e1bbe7cd3c9ed84252b275b383fc92e1c61bd 8c6eeb3fd82b5ede22c9905cb8f00db15b0f9e0a3e05636f0060ca662a684366
SERVER_HANDSHAKE_TRAFFIC_SECRET 41ed0853eeb7b7eac0ca608c214e1bbe7cd3c9ed84252b275b383fc92e1c61bd 23b43c820ade6d49274104d9873c1c4ed189504ae92f61cf5d8d31bf311b5d15
CLIENT_TRAFFIC_SECRET_0 41ed0853eeb7b7eac0ca608c214e1bbe7cd3c9ed84252b275b383fc92e1c61bd 0518e8e3fcca7b7830c674ddcfa2634e204a01e3076929ef2e0bca070946d506
SERVER_TRAFFIC_SECRET_0 41ed0853eeb7b7eac0ca608c214e1bbe7cd3c9ed84252b275b383fc92e1c61bd 68dd78b7e9eeb429594ef82a078dcd3e4aa0b0c9ff6d74a4c45b0e1f44e3c802
EXPORTER_SECRET 41ed0853eeb7b7eac0ca608c214e1bbe7cd3c9ed84252b275b383fc92e1c61bd f67a2f52b0f3e2e390a70578df09f7084bb1582309763e9dfd479cb97d081a22
CLIENT_HANDSHAKE_TRAFFIC_SECRET 619537a4ae0ebe53913f6aafcde3e37e6db82c03fe9626576dda46a2bc128a9d 2d6d469c297bb70076c65f5099eae56ea0fca6978eadf9ba5508011d7b3a0e96
SERVER_HANDSHAKE_TRAFFIC_SECRET 619537a4ae0ebe53913f6aafcde3e37e6db82c03fe9626576dda46a2bc128a9d aae1339a592d5058ebabb8450190f49da47fa8223b177c78b79a0a5d7e9a7707
CLIENT_TRAFFIC_SECRET_0 619537a4ae0ebe53913f6aafcde3e37e6db82c03fe9626576dda46a2bc128a9d cefeb82fa4b832b2a2db2a286553552a146e53af7f2e6a26094052eae7352208
SERVER_TRAFFIC_SECRET_0 619537a4ae0ebe53913f6aafcde3e37e6db82c03fe9626576dda46a2bc128a9d 40d9aa7b7d74bb35f24a76946b82902685ff92979f738053df43980a3203b4d1
EXPORTER_SECRET 619537a4ae0ebe53913f6aafcde3e37e6db82c03fe9626576dda46a2bc128a9d ddd37d34d8dbffd3bf809c14acf8ae0606541877e978372240d472131988064b
CLIENT_HANDSHAKE_TRAFFIC_SECRET c2d4b83e1a0c4a0b9f98682b80db60a2776fd4ebea28e1d204094b13b3c88f81 c0530da354149ef8777b8aeb9e8d5d8988062f81161ab06989ebde201863859d
SERVER_HANDSHAKE_TRAFFIC_SECRET c2d4b83e1a0c4a0b9f98682b80db60a2776fd4ebea28e1d204094b13b3c88f81 c3ebdfaaaebd2a8a457b5b07b4e7e2f95b8cfbaf3ce55e91f391bf5ec5307c04
CLIENT_TRAFFIC_SECRET_0 5104a74f2d83b7bb2cdc48c9ab869b3b724f780dd910e1295f49e76da60b67bb c7b2c6c730a469a23600fb6d1ee750741f29e2f42b0ccf07e07018934d75d44b
SERVER_TRAFFIC_SECRET_0 5104a74f2d83b7bb2cdc48c9ab869b3b724f780dd910e1295f49e76da60b67bb 7d08a187d396c0e97afecc6de3d5f55a535562412d8f84ce7c37982fa50fbae2
EXPORTER_SECRET 5104a74f2d83b7bb2cdc48c9ab869b3b724f780dd910e1295f49e76da60b67bb ec638d12779cb185ad9653206e1d1fb7f32fc28db381091000943b50cfcf433a
CLIENT_TRAFFIC_SECRET_0 c2d4b83e1a0c4a0b9f98682b80db60a2776fd4ebea28e1d204094b13b3c88f81 004507b8d8038fe12ed05efc3e1ea0cd02aa855d0ab635abe8ca50eab374d310
SERVER_TRAFFIC_SECRET_0 c2d4b83e1a0c4a0b9f98682b80db60a2776fd4ebea28e1d204094b13b3c88f81 decb310fda75bcc042f27094a9c029e72628b5bf130d30490bdc06e5921622db
EXPORTER_SECRET c2d4b83e1a0c4a0b9f98682b80db60a2776fd4ebea28e1d204094b13b3c88f81 10d2d15a2472ff243916d576d7bad6357e799b9381978cd8e736226da16bc9ad
CLIENT_HANDSHAKE_TRAFFIC_SECRET 053b8001c91709d540b34ed80362795085460f2cf96fea32edf9ca0296501a32 3480dfe09506114e25cd971e78b1f5326480f0a0aea4e5876b880a5e050b0ea0
SERVER_HANDSHAKE_TRAFFIC_SECRET 053b8001c91709d540b34ed80362795085460f2cf96fea32edf9ca0296501a32 a3484cdd8f816adc7c1140f9460b63ae312b6b5c859ee185ec25634360ddc684
CLIENT_TRAFFIC_SECRET_0 053b8001c91709d540b34ed80362795085460f2cf96fea32edf9ca0296501a32 31e91b1917516ed8bd94b15c2850313244ba092ee714f9e460a2eec2a00d4340
SERVER_TRAFFIC_SECRET_0 053b8001c91709d540b34ed80362795085460f2cf96fea32edf9ca0296501a32 6bbaba98b6ea21d635e94e0f2d758a06ae2b803033b959b15109b81b786ffa3f
EXPORTER_SECRET 053b8001c91709d540b34ed80362795085460f2cf96fea32edf9ca0296501a32 3f81bc80f5b314ff3011080fac3f5f516ddf4c40cb91883705d02883272e09c2
CLIENT_HANDSHAKE_TRAFFIC_SECRET 9c8d4bf7717565c4fcf1044ca0aac86e7552d747c67090db5fde8a5807e412d3 e2bcf09c25ef543318994e5f21547553881e67c6242b02b010fe98f3020ced3f
SERVER_HANDSHAKE_TRAFFIC_SECRET 9c8d4bf7717565c4fcf1044ca0aac86e7552d747c67090db5fde8a5807e412d3 b5433d8675923703e28ccc73becb8e63b4a9954bf18329f3402be9e4ed0d8729
CLIENT_TRAFFIC_SECRET_0 9c8d4bf7717565c4fcf1044ca0aac86e7552d747c67090db5fde8a5807e412d3 5ad420113cde7522fe2f019b8417df79f9193b7337b0bc797c010c60de27e787
SERVER_TRAFFIC_SECRET_0 9c8d4bf7717565c4fcf1044ca0aac86e7552d747c67090db5fde8a5807e412d3 883207dfba1b066ad5a3577d9f9bc80158651fcdaca716594a9ddc57ad13b8bf
EXPORTER_SECRET 9c8d4bf7717565c4fcf1044ca0aac86e7552d747c67090db5fde8a5807e412d3 c801a60d514cbe7bc7e80d46bb812b4af5c259fc0adbdbddb6ccac1d2e44707e
CLIENT_HANDSHAKE_TRAFFIC_SECRET b9b23413dc65500721d0acaa9502e09da64fc0c21f8a9f6a1eff6f1157631960 661a8b8cdeadb17b6e932ce7ead4ac96b2eb0ce1d313e6df9c4432588234e9f1
SERVER_HANDSHAKE_TRAFFIC_SECRET b9b23413dc65500721d0acaa9502e09da64fc0c21f8a9f6a1eff6f1157631960 4c87b7b3c4515f7918a4894057b27c6b2964249043666c5c97d077c307a808ef
CLIENT_TRAFFIC_SECRET_0 b9b23413dc65500721d0acaa9502e09da64fc0c21f8a9f6a1eff6f1157631960 31c1acc38b5141bb361f33774938f96dca3f03c8e94ea5eaef4a1dda3c428038
SERVER_TRAFFIC_SECRET_0 b9b23413dc65500721d0acaa9502e09da64fc0c21f8a9f6a1eff6f1157631960 8fa56f951c427cd6839da00aca07322959882d730fe0ac3dd7f42c5f2f194ba3
EXPORTER_SECRET b9b23413dc65500721d0acaa9502e09da64fc0c21f8a9f6a1eff6f1157631960 0e5c718e2c36f64a93838c6c76bffad32149f4db5fc177a4203c27b3565aa387
CLIENT_EARLY_TRAFFIC_SECRET ce496ed09ce9d7086e18434524cc94c7414a3eef98e499148bd064cec9489438 59eacce4d54d2164ecd6c2cd836ea94623e3c78b4c5ee7e305e217dafe36f2c3
CLIENT_HANDSHAKE_TRAFFIC_SECRET ce496ed09ce9d7086e18434524cc94c7414a3eef98e499148bd064cec9489438 cb658af7161e15b2caacc0339a597977118bc5345d6387decac77efaa34a57e0
SERVER_HANDSHAKE_TRAFFIC_SECRET ce496ed09ce9d7086e18434524cc94c7414a3eef98e499148bd064cec9489438 abc96dd96c88e05f55cd080f88c451f5140e3c13d8792a90dd98d366d8229cac
CLIENT_TRAFFIC_SECRET_0 ce496ed09ce9d7086e18434524cc94c7414a3eef98e499148bd064cec9489438 9ea16cee9a460e6bd199296a7a4fef7d72f44e973a2a79de02406f6019d10771
SERVER_TRAFFIC_SECRET_0 ce496ed09ce9d7086e18434524cc94c7414a3eef98e499148bd064cec9489438 f8574c52eb5de6326863eb8b05175822aadd14765e684396b867308614255f1c
EXPORTER_SECRET ce496ed09ce9d7086e18434524cc94c7414a3eef98e499148bd064cec9489438 4d3b2cec9e5a5f24ed439292ec843d0ef9fa15925fa1f5a5b574b96a021724e0
CLIENT_HANDSHAKE_TRAFFIC_SECRET 8bf84418bc38792c50b06f222cf7bcb66fb125d8c58740e73794e838e947546e 824e0402e4160199a1a8828fbcfac28d8c564e3acf203285153ccfb32202f09b
SERVER_HANDSHAKE_TRAFFIC_SECRET 8bf84418bc38792c50b06f222cf7bcb66fb125d8c58740e73794e838e947546e bc8a08c16c95c56c7a59eaf9dfd806b8728886505c1256931f928a3b3d734aac
CLIENT_TRAFFIC_SECRET_0 8bf84418bc38792c50b06f222cf7bcb66fb125d8c58740e73794e838e947546e 7801cacccaf3d0ad9b3538fec02ff37ed15a6f99d932013c55e692ce6b1caf46
SERVER_TRAFFIC_SECRET_0 8bf84418bc38792c50b06f222cf7bcb66fb125d8c58740e73794e838e947546e b7ec6da9c3e68894832e84e4bc01424e174de220f9c73d0339b9e8cc1e8eaf35
EXPORTER_SECRET 8bf84418bc38792c50b06f222cf7bcb66fb125d8c58740e73794e838e947546e e6a21fe74705f6950e58948629d7380fa97a825bd61b75722aaabfad774e80ae
CLIENT_EARLY_TRAFFIC_SECRET f70061fe4da767e2fc2ef4af03042cb55e11593e4b255070cbbb4df9c315e44f 74ba19a73ac010f16b691d8d8a776463c41cd2730844c3f644c6e234173e0e07
CLIENT_HANDSHAKE_TRAFFIC_SECRET f70061fe4da767e2fc2ef4af03042cb55e11593e4b255070cbbb4df9c315e44f bdc846610433e915977fc43319945c14ed4420a86766fdc382daeeecd94bc2c0
SERVER_HANDSHAKE_TRAFFIC_SECRET f70061fe4da767e2fc2ef4af03042cb55e11593e4b255070cbbb4df9c315e44f c17499cee9440529194302f5987c6af7dffcdadd88f3f1ad0e0716f0ce8c3a5d
CLIENT_TRAFFIC_SECRET_0 f70061fe4da767e2fc2ef4af03042cb55e11593e4b255070cbbb4df9c315e44f 30befde334d807858b6af39f19f4fcae8e34fb8b0f3ea7de8180c6bd14598f95
SERVER_TRAFFIC_SECRET_0 f70061fe4da767e2fc2ef4af03042cb55e11593e4b255070cbbb4df9c315e44f c16dabbeb11d8696d933662c8e13f7f395eade3e7d9ba90eb777a392a9b9139f
EXPORTER_SECRET f70061fe4da767e2fc2ef4af03042cb55e11593e4b255070cbbb4df9c315e44f f8bb695d7c10a1c6fe63af8302671ca24979221be242e710f5ff69746ff6d141
CLIENT_HANDSHAKE_TRAFFIC_SECRET 797bce3c1654ef3e1a18489a0e2e656f4f924ccf2fa515d9300ac426a35b856c ec56f7ba5fc84fd378b433ad9d445f9bea195591e15c25237d2e04bfea6a9a2b
SERVER_HANDSHAKE_TRAFFIC_SECRET 797bce3c1654ef3e1a18489a0e2e656f4f924ccf2fa515d9300ac426a35b856c 6b99ebfe47ff800fe987b575034fe165bfab56760ee13ff974bad2e15f8a7920
CLIENT_TRAFFIC_SECRET_0 797bce3c1654ef3e1a18489a0e2e656f4f924ccf2fa515d9300ac426a35b856c 8d9ff7b84e58e84746d250afeb43b5648b880c0f5a4aad6f7e82b7fec365faa2
SERVER_TRAFFIC_SECRET_0 797bce3c1654ef3e1a18489a0e2e656f4f924ccf2fa515d9300ac426a35b856c 343e78149df13636b6ee0ddf742de045d35a8a9302d4f5feff64bdb34555f552
EXPORTER_SECRET 797bce3c1654ef3e1a18489a0e2e656f4f924ccf2fa515d9300ac426a35b856c 208375f6c879e7ef2f17955a4ff3c5bae35d7a8a6fc19de1f72bbc97dfd3d406
CLIENT_HANDSHAKE_TRAFFIC_SECRET 6f9b3ddc4503ab46c7562d59d0c5466ae7e91a5127d1a2dc0230bed4d7692843 25c2b121e416b85bb69bdaa4f16e55107e5e259620371c0d099357ce7344327a
SERVER_HANDSHAKE_TRAFFIC_SECRET 6f9b3ddc4503ab46c7562d59d0c5466ae7e91a5127d1a2dc0230bed4d7692843 75b2b6035cd3c72f71a838aa333b58a0ab77ab791fc41fe907d0ed92a1426857
CLIENT_TRAFFIC_SECRET_0 6f9b3ddc4503ab46c7562d59d0c5466ae7e91a5127d1a2dc0230bed4d7692843 514f21dd0e8bf93ccfe12aba5102b0d6fd2f24ef21f9d3826d9c0a0ff3c8bfaa
SERVER_TRAFFIC_SECRET_0 6f9b3ddc4503ab46c7562d59d0c5466ae7e91a5127d1a2dc0230bed4d7692843 249a26dad443d2ff14267021d46ee22178d62c386e909985243aa62188ba1e8b
EXPORTER_SECRET 6f9b3ddc4503ab46c7562d59d0c5466ae7e91a5127d1a2dc0230bed4d7692843 247347f3f66605aaf0f53028e96b9f518007e7ecd380331e9ee2d709b5de6f3b
CLIENT_HANDSHAKE_TRAFFIC_SECRET 4732a366a986abe8312e0e3133a1f577934c440ef68335bed7796e96ccb22284 bf37638b9ffbf3c5adb545455d48cfb91ab82ade105b6c621a8c233c7ee17909
SERVER_HANDSHAKE_TRAFFIC_SECRET 4732a366a986abe8312e0e3133a1f577934c440ef68335bed7796e96ccb22284 4adde743ac1ef26f1c7fd167a916b6064eccd2824358dc0490f479a2921173f0
CLIENT_TRAFFIC_SECRET_0 4732a366a986abe8312e0e3133a1f577934c440ef68335bed7796e96ccb22284 792b39b1f7f4caf4f9699723d9f1ad60648e77fbde0a84263c142f51b2981678
SERVER_TRAFFIC_SECRET_0 4732a366a986abe8312e0e3133a1f577934c440ef68335bed7796e96ccb22284 848f879417ac70e4a5f8159c314f71566a39d00a98eea5ef922e5d0daf19ef3f
EXPORTER_SECRET 4732a366a986abe8312e0e3133a1f577934c440ef68335bed7796e96ccb22284 6d22e44e4710f6b7de6f00f7dcb04f6514b94b0af6d1517e962668d6607aaee5
CLIENT_HANDSHAKE_TRAFFIC_SECRET 9e1ec10a725704cc52b4d4392bc97ceaa498988f464bd3815f14727baf46aba3 8b23bb5ed724e43ceb035bda4fa0b5122ed4f6ab8ddcbfb9c34a3390b889026d
SERVER_HANDSHAKE_TRAFFIC_SECRET 9e1ec10a725704cc52b4d4392bc97ceaa498988f464bd3815f14727baf46aba3 4281d38b70c17486eceb393c79632f38bc54d2984566d9e96a50c248e72f9bf0
CLIENT_TRAFFIC_SECRET_0 9e1ec10a725704cc52b4d4392bc97ceaa498988f464bd3815f14727baf46aba3 d346d4955603a628b9011111d0c5f6352d5cab06e6a8751badcdfe8f92dca71a
SERVER_TRAFFIC_SECRET_0 9e1ec10a725704cc52b4d4392bc97ceaa498988f464bd3815f14727baf46aba3 d77bdc9a62806ef7fdc7f357dd8004545e3a9587c8c1f1138aa254e0e8d5f47a
EXPORTER_SECRET 9e1ec10a725704cc52b4d4392bc97ceaa498988f464bd3815f14727baf46aba3 a86dfd4b14ec0ed5c859f6cccb6b08522c3da33a460a639f9981bf788cc62328
CLIENT_HANDSHAKE_TRAFFIC_SECRET cc7bb79b29077f2c926b317e7d67aff38b67244d238b923bc042fd6a8ad6a3a0 e39bec337e8bad1eec6cefa0f1587980254e3bc8f24935b12ecced2ce21d8154
SERVER_HANDSHAKE_TRAFFIC_SECRET cc7bb79b29077f2c926b317e7d67aff38b67244d238b923bc042fd6a8ad6a3a0 24e31235b7b09f7a6eb58ccb7824dca9df095d937437541baf87e8a95acd7ca0
CLIENT_TRAFFIC_SECRET_0 cc7bb79b29077f2c926b317e7d67aff38b67244d238b923bc042fd6a8ad6a3a0 9b42e242a5bd21e47d457529d56dc3201ff702c7906c5cf6f7fc1674bfc6c85a
SERVER_TRAFFIC_SECRET_0 cc7bb79b29077f2c926b317e7d67aff38b67244d238b923bc042fd6a8ad6a3a0 c9717058327a3c50a25280fc896882ceedd0d1bd21b229cb8dc70a7d58ef9348
EXPORTER_SECRET cc7bb79b29077f2c926b317e7d67aff38b67244d238b923bc042fd6a8ad6a3a0 fd467d3251292177615ecca84ce16b0b4751ab494319c4a73795a652cff039ab
CLIENT_HANDSHAKE_TRAFFIC_SECRET 6d83097b674c8e20994f169867f1f751e00b407b3393780ddaf0cbf66d20076e 72081c4ee61e016eafe871458771bb6479decc5aeeac14412b364f4ba1d77d49
SERVER_HANDSHAKE_TRAFFIC_SECRET 6d83097b674c8e20994f169867f1f751e00b407b3393780ddaf0cbf66d20076e 0cf3a32dbad7de5ef80c018a91115025f43ed9f57584387f8996be3bbc87a410
CLIENT_TRAFFIC_SECRET_0 6d83097b674c8e20994f169867f1f751e00b407b3393780ddaf0cbf66d20076e acb0e8547f27cd9f98b8e2c94ed368e08d3c692a2b2d5a94608905dc118e8463
SERVER_TRAFFIC_SECRET_0 6d83097b674c8e20994f169867f1f751e00b407b3393780ddaf0cbf66d20076e bb3a6b45604ed8bebe5bf0d492cbbcb36683ceb346edebc6cee935f165130b5d
EXPORTER_SECRET 6d83097b674c8e20994f169867f1f751e00b407b3393780ddaf0cbf66d20076e 3d82db050e4973483daaede0a205cfd6bbd6fd14b2669ed8cfe0541229b31d7d
CLIENT_HANDSHAKE_TRAFFIC_SECRET 6a0a2df7af5cc2a6f3a58808b980609ec15f8cf7231bc02a427a1c7d9b0cc3d9 2fc765a5b40bdc960abd07088d28be4c9d6d1cb96311e2cde7b528c65fff566f
SERVER_HANDSHAKE_TRAFFIC_SECRET 6a0a2df7af5cc2a6f3a58808b980609ec15f8cf7231bc02a427a1c7d9b0cc3d9 a49ba40dc62a083d009519bc2c5b5fab06311c8b2de4b4b50a5058e67a70c5fc
CLIENT_TRAFFIC_SECRET_0 6a0a2df7af5cc2a6f3a58808b980609ec15f8cf7231bc02a427a1c7d9b0cc3d9 78a29b977d96e40c8ae2b6f668505997a7f18a4a171b141ddc4bafa564ffe2b2
SERVER_TRAFFIC_SECRET_0 6a0a2df7af5cc2a6f3a58808b980609ec15f8cf7231bc02a427a1c7d9b0cc3d9 6b2ddad2fa819a0c9e3b4db4181412e7e276cac2552b657fc5827629ba9dba97
EXPORTER_SECRET 6a0a2df7af5cc2a6f3a58808b980609ec15f8cf7231bc02a427a1c7d9b0cc3d9 8c2e3362d7fbf1885b87a8547f44fcbaacc76c042aea88f8f3c53d1ace3610fa
CLIENT_HANDSHAKE_TRAFFIC_SECRET c198ce9f25a10a2bd08cef707b37d2b3b952d8889aeaefd7a2f3284dd055cbc9 3e374134897742a1c960408cdeee3611ae339aeb1cb244fe3a06f40733b5c43c
SERVER_HANDSHAKE_TRAFFIC_SECRET c198ce9f25a10a2bd08cef707b37d2b3b952d8889aeaefd7a2f3284dd055cbc9 3a603a0386503644f74accedf4624048a3083a574b59ceef8581aa6c11705a1a
CLIENT_TRAFFIC_SECRET_0 c198ce9f25a10a2bd08cef707b37d2b3b952d8889aeaefd7a2f3284dd055cbc9 e18a7e0b53d51fcdf77ee7e2f27b2e5fd074aed3848de96c8e2b2227d40a6aeb
SERVER_TRAFFIC_SECRET_0 c198ce9f25a10a2bd08cef707b37d2b3b952d8889aeaefd7a2f3284dd055cbc9 2a8f6fb010a578a057881215327bfd22997687692334447f583fdcf65fdfd8eb
EXPORTER_SECRET c198ce9f25a10a2bd08cef707b37d2b3b952d8889aeaefd7a2f3284dd055cbc9 52164de9ac4cfaa06dfbe0e44cee86d10fc60e2e9cb86d40cddefc46f2c44149
CLIENT_HANDSHAKE_TRAFFIC_SECRET 28f56898260ef380c1b190434844fcf37787a5c3659ec68660bcc379cbd863b4 fb43de30a2c9576625f8a6571f4f2bc249f862976f0ad72e0fb81596fdc68da7
SERVER_HANDSHAKE_TRAFFIC_SECRET 28f56898260ef380c1b190434844fcf37787a5c3659ec68660bcc379cbd863b4 e38d2c4348dd0d66d5a3da0c886890752cfb109e5854d1320c89573f0a1ccad7
CLIENT_TRAFFIC_SECRET_0 28f56898260ef380c1b190434844fcf37787a5c3659ec68660bcc379cbd863b4 5e1c1c663ebaf655e0cb278c8f67b41c47eea1815cc64c36ba655318c4373ceb
SERVER_TRAFFIC_SECRET_0 28f56898260ef380c1b190434844fcf37787a5c3659ec68660bcc379cbd863b4 3317cda3c8e7a9126d88cb1f7baf6401f2ade2ca5f36a928ecc0f13ad9a83040
EXPORTER_SECRET 28f56898260ef380c1b190434844fcf37787a5c3659ec68660bcc379cbd863b4 f75acc25c4baa526fda23df37b4d733875d6ea50841731740bb761d677ce9aa7
CLIENT_HANDSHAKE_TRAFFIC_SECRET abcb86f978a646ade6c8cb57936417b46c228dccb556138f6bc17ae596708e18 6260c11ce0d36bf872be0c360f37919ac70d228e0ec1b920977260253148a540
SERVER_HANDSHAKE_TRAFFIC_SECRET abcb86f978a646ade6c8cb57936417b46c228dccb556138f6bc17ae596708e18 254fe40151d27876bbbe3a0c9a2d8cd20b69a3286f771f60bcfd5d7e9d887bff
CLIENT_TRAFFIC_SECRET_0 abcb86f978a646ade6c8cb57936417b46c228dccb556138f6bc17ae596708e18 e016b0c7e86b51fad5333726e8674e1be4972ee5c37eadb456bb76408eb2a777
SERVER_TRAFFIC_SECRET_0 abcb86f978a646ade6c8cb57936417b46c228dccb556138f6bc17ae596708e18 e473d4a98f8a418c219e672fc34e915895bf84b429afc8957c2a38366266a95c
EXPORTER_SECRET abcb86f978a646ade6c8cb57936417b46c228dccb556138f6bc17ae596708e18 61c0acafb04bcbf1597e9fb2efafe673f15f21f4722728f5b1542892d510d5f6
CLIENT_EARLY_TRAFFIC_SECRET 9620b78105dccedc3f1c703fb0b1a8c8b19cee5a168b29f62569381a200bffd1 92267f8dfb7425a3614de13ba508cbcdefb5b97c30e0fc4660cd68675230c89d
CLIENT_HANDSHAKE_TRAFFIC_SECRET 9620b78105dccedc3f1c703fb0b1a8c8b19cee5a168b29f62569381a200bffd1 4d7339a9cecf610b8382d7443933eef05afee3c34e23e913f4a37af53bf08a0d
SERVER_HANDSHAKE_TRAFFIC_SECRET 9620b78105dccedc3f1c703fb0b1a8c8b19cee5a168b29f62569381a200bffd1 73a39628806492f4dec790d8c77823b290ba67dba6e01d5fe7c4045378b33461
CLIENT_TRAFFIC_SECRET_0 9620b78105dccedc3f1c703fb0b1a8c8b19cee5a168b29f62569381a200bffd1 ea1b3c29dd34e093b1863aab2afb7619b3cb2be537f2c82ffb6748dd9eeda87b
SERVER_TRAFFIC_SECRET_0 9620b78105dccedc3f1c703fb0b1a8c8b19cee5a168b29f62569381a200bffd1 9aa523a209424780df621061d3411544782f436ab34e5daf55c826f81f22d556
EXPORTER_SECRET 9620b78105dccedc3f1c703fb0b1a8c8b19cee5a168b29f62569381a200bffd1 c426de1ed8a92b836eda377aba32349d42a713b2a25942be313f9600a418c44c
CLIENT_HANDSHAKE_TRAFFIC_SECRET be619938e87586f6ee3ac0ad3d098c355a478618e4b813b6a2886605266c0a86 54971a7d371c40aea5f8d6d8d95144aa2a4b0527651e6d0b7872270b7c4ed6d3
SERVER_HANDSHAKE_TRAFFIC_SECRET be619938e87586f6ee3ac0ad3d098c355a478618e4b813b6a2886605266c0a86 d81e149ac86f931de83f1b14be8fe864cbdfb315e456d37a5e0b8c226b6d5cf4
CLIENT_TRAFFIC_SECRET_0 be619938e87586f6ee3ac0ad3d098c355a478618e4b813b6a2886605266c0a86 9b4e357f0ea1702a956264af03e880a31d6f2a54008a1d747bd9b0073b23fb84
SERVER_TRAFFIC_SECRET_0 be619938e87586f6ee3ac0ad3d098c355a478618e4b813b6a2886605266c0a86 e3abce462d9cfb205246fde0e2f9458a017af4b2e51a745c2b2ab78fe6ff9dd6
EXPORTER_SECRET be619938e87586f6ee3ac0ad3d098c355a478618e4b813b6a2886605266c0a86 e3b6244691bd8fdb31f1d7f7a94c387e6c2412fcb1edae40cc3699428edec1aa
CLIENT_HANDSHAKE_TRAFFIC_SECRET 8cb63ac20dc7e4bf0da15ea22f62f2beebf172a301b777a33714b54b04f67a62 798239d304fc09409a3fc54aa6e9243bcdbd80d9197aeac4295288f4bfa70ead
SERVER_HANDSHAKE_TRAFFIC_SECRET 8cb63ac20dc7e4bf0da15ea22f62f2beebf172a301b777a33714b54b04f67a62 4ef0e261fa8ada5c8f638d81b60369baa84932ee55675f2aea4bbb4f01004ed1
CLIENT_TRAFFIC_SECRET_0 8cb63ac20dc7e4bf0da15ea22f62f2beebf172a301b777a33714b54b04f67a62 6be2a64980c11130faab10f467068e39ab89e318e7d28ccf85388f1eccd46a7f
SERVER_TRAFFIC_SECRET_0 8cb63ac20dc7e4bf0da15ea22f62f2beebf172a301b777a33714b54b04f67a62 87e48b399a288fa9fb10a3f99b039ca7271a446a87fdf4e108bc6a2b47f9655e
EXPORTER_SECRET 8cb63ac20dc7e4bf0da15ea22f62f2beebf172a301b777a33714b54b04f67a62 ed1acbf5ed67ef82e19bada1e3d50a5a9bb06feb1ddaddbd1595b07c0a549c9e
CLIENT_HANDSHAKE_TRAFFIC_SECRET 9cd5dad0c5bc359529e8d9e398cefdc51566130eb1b2052984da8cf5afe173f7 5a34703bca7c9225c445df394923ee75057340a1cbaffbe35edec4472826f276
SERVER_HANDSHAKE_TRAFFIC_SECRET 9cd5dad0c5bc359529e8d9e398cefdc51566130eb1b2052984da8cf5afe173f7 3932980b8050d684dbbb96607a3305c5079c2cb0ffa285683a3e49308b083344
CLIENT_TRAFFIC_SECRET_0 9cd5dad0c5bc359529e8d9e398cefdc51566130eb1b2052984da8cf5afe173f7 a268816f4e670c5b42ab1e51c9616f0fe3a4bc90c85e6dcc311fa26a6ab3d7e9
SERVER_TRAFFIC_SECRET_0 9cd5dad0c5bc359529e8d9e398cefdc51566130eb1b2052984da8cf5afe173f7 1da28c52b53c80ccc039d5c94d0f56f015ccfb822b560cd8167c1bf9c8ae3c78
EXPORTER_SECRET 9cd5dad0c5bc359529e8d9e398cefdc51566130eb1b2052984da8cf5afe173f7 c18e7dc066fca3552a6ed2dd924ccfee77cdde1b7a81b55fa4b3519ae096acb6
CLIENT_HANDSHAKE_TRAFFIC_SECRET 636f735191dee4ee6445c30684b7ac32a6e0630ac699e01c64499891f0c3c0de 289a2f968880503200042551819e814808de997e1b652c2ef83aae8fa3f07def
SERVER_HANDSHAKE_TRAFFIC_SECRET 636f735191dee4ee6445c30684b7ac32a6e0630ac699e01c64499891f0c3c0de 66592cc9bf43c1fc7fbcb1dd64fbb306d77842717d7e2c0ddfced8bde3d76401
CLIENT_TRAFFIC_SECRET_0 636f735191dee4ee6445c30684b7ac32a6e0630ac699e01c64499891f0c3c0de 87a0106a6bae1cdf0670a888a2349cbe266c440aa0c8c27dd8eee070f8cc1b06
SERVER_TRAFFIC_SECRET_0 636f735191dee4ee6445c30684b7ac32a6e0630ac699e01c64499891f0c3c0de 89765da189b0e74382e8c4872a8410c3a479a7ba6111d2d08df2fc93b46645b0
EXPORTER_SECRET 636f735191dee4ee6445c30684b7ac32a6e0630ac699e01c64499891f0c3c0de aca11c47490167dc014b018e2cbe07470751ca133ae59f0d842f0866809946c7
CLIENT_HANDSHAKE_TRAFFIC_SECRET 39e31f252cf7761efce0b6c450d08f04caa2addb10c232e5c66ef7fc05ab88c7 152f56c70f07482fc7098020223643633717910cbecc97a080bdb3cc6b5db9c9
SERVER_HANDSHAKE_TRAFFIC_SECRET 39e31f252cf7761efce0b6c450d08f04caa2addb10c232e5c66ef7fc05ab88c7 c94bf0f346fb2ba53a09054af5c8374f0d6776a78f6706d5413be7e706138ebc
CLIENT_TRAFFIC_SECRET_0 39e31f252cf7761efce0b6c450d08f04caa2addb10c232e5c66ef7fc05ab88c7 5b1f7858583a987fede57be5b042528bda32ba82dd1eeb8bbee7bb235015c845
SERVER_TRAFFIC_SECRET_0 39e31f252cf7761efce0b6c450d08f04caa2addb10c232e5c66ef7fc05ab88c7 d7930e543ccdd0354a4b5faf92465425823b5595bb129ffff3f99ca2f8d1f7dc
EXPORTER_SECRET 39e31f252cf7761efce0b6c450d08f04caa2addb10c232e5c66ef7fc05ab88c7 c362fec80169b2af144f6625d7079667c90b4c694b680116dbcdb7465029baef
CLIENT_EARLY_TRAFFIC_SECRET a23f793d24fc143ec4bc1b35e3a1104ebfc230d37e3f29fa55445f0b3b7ed058 57a9812fc8d11335737b0ca87a2c464f804f093e975813eef6f594e158c62468
CLIENT_HANDSHAKE_TRAFFIC_SECRET a23f793d24fc143ec4bc1b35e3a1104ebfc230d37e3f29fa55445f0b3b7ed058 b205f94344775982f3fbd0a43eb5b6982b83366aad8b797e51cbe61acf421350
SERVER_HANDSHAKE_TRAFFIC_SECRET a23f793d24fc143ec4bc1b35e3a1104ebfc230d37e3f29fa55445f0b3b7ed058 00029b66c412b06c0677205af55e4fb731b5e17c392e62c18fa816c8b3c496ff
CLIENT_TRAFFIC_SECRET_0 a23f793d24fc143ec4bc1b35e3a1104ebfc230d37e3f29fa55445f0b3b7ed058 7af02c1486975e8c94db4415b53b5bea448e4f560ab6363154a4bea0483626ef
SERVER_TRAFFIC_SECRET_0 a23f793d24fc143ec4bc1b35e3a1104ebfc230d37e3f29fa55445f0b3b7ed058 f6417d47922614fceb49dea871803c3b11cbfc33bdabf42301097842b43cad30
EXPORTER_SECRET a23f793d24fc143ec4bc1b35e3a1104ebfc230d37e3f29fa55445f0b3b7ed058 8b2b1a50fd4c4768ee398d1e9a6e88606a952b877ca9738b13dcd4a8be00257b
CLIENT_HANDSHAKE_TRAFFIC_SECRET e4b542b91bf4a89647364347a591999e92d879af3286facc56be57a117f01ad2 186cdc91f3a063aa1d3c36fc1087af06416454ad6a470257e4b2922d0319bfb0
SERVER_HANDSHAKE_TRAFFIC_SECRET e4b542b91bf4a89647364347a591999e92d879af3286facc56be57a117f01ad2 884660b6c2461790fcc5b667d4e43dc889a0258990c42ac1bdf5fa35a68f8db6
CLIENT_TRAFFIC_SECRET_0 e4b542b91bf4a89647364347a591999e92d879af3286facc56be57a117f01ad2 30e7558f926cbe91404c92209c95dd683f998f1aafc77289b1a0cfeeda3fbe81
SERVER_TRAFFIC_SECRET_0 e4b542b91bf4a89647364347a591999e92d879af3286facc56be57a117f01ad2 e8ee0d81eb9fb339303f9e990d4e5993ec89c5093c2a8a157d386963acf163a2
EXPORTER_SECRET e4b542b91bf4a89647364347a591999e92d879af3286facc56be57a117f01ad2 fdfa80c45882517859c450fc1c2c53ba339a2fe6f63648e5b064ce9a0b836d8b
CLIENT_HANDSHAKE_TRAFFIC_SECRET c50366f930d6086dc8817860617415df33e6b979e9e6d839af1d2e91cd2db872 58cab571b866e5bbae321644b56b00ea543fdf0e88eff0fb0331da53c9d0ad85
SERVER_HANDSHAKE_TRAFFIC_SECRET c50366f930d6086dc8817860617415df33e6b979e9e6d839af1d2e91cd2db872 5f38e19bd5415dadd702f90817375732d638b1152f9b192b689e276246e708d5
CLIENT_TRAFFIC_SECRET_0 c50366f930d6086dc8817860617415df33e6b979e9e6d839af1d2e91cd2db872 9efe786e750d612b199c0530a11045264257902bafaaf9031b663d1b9ef8d223
SERVER_TRAFFIC_SECRET_0 c50366f930d6086dc8817860617415df33e6b979e9e6d839af1d2e91cd2db872 e9928b1326f315226131e21856334e52f4d442d37cf5edad58b7254f3728168e
EXPORTER_SECRET c50366f930d6086dc8817860617415df33e6b979e9e6d839af1d2e91cd2db872 98a2687c8e396a96b069547472947faba55b9e21cb489026738a8e500f0107df
CLIENT_HANDSHAKE_TRAFFIC_SECRET b0a9e11246d3b3669b936cfaf1467993521a4e718eaf150f94034c84c5427aa9 c6592c05f967640850f257620782836f7e51df954e7d93fe0483513f738f4556
SERVER_HANDSHAKE_TRAFFIC_SECRET b0a9e11246d3b3669b936cfaf1467993521a4e718eaf150f94034c84c5427aa9 f308d7631f5ec1089d7d00a9d3c622cae6fb5493c14ca228971beeb3496f8937
CLIENT_TRAFFIC_SECRET_0 b0a9e11246d3b3669b936cfaf1467993521a4e718eaf150f94034c84c5427aa9 802ef7ed0d7d70c1ce9004f4d7dd4e859431d42b902fd153a9b8fb310b3141e3
SERVER_TRAFFIC_SECRET_0 b0a9e11246d3b3669b936cfaf1467993521a4e718eaf150f94034c84c5427aa9 9164461990022677260351386cd9416c11bc78a4262e6afb862d3d24848f423f
EXPORTER_SECRET b0a9e11246d3b3669b936cfaf1467993521a4e718eaf150f94034c84c5427aa9 d2559566b9814fe79c4b40081a1a39988037dd30c5227c6dc981ef1dcfb1fc6a
CLIENT_HANDSHAKE_TRAFFIC_SECRET 3426f495397884305a45e0d32476812092d6c8fb2f6b7dc82e5880f5220d4976 2dccb7766b085176ce65b124f18127250d5830a00f3dad5bf64a38f5710d4b0a
SERVER_HANDSHAKE_TRAFFIC_SECRET 3426f495397884305a45e0d32476812092d6c8fb2f6b7dc82e5880f5220d4976 498e4822127c8a00370b1d6a8da36869e32b61d9a0e89bfcea4cfeb88d762f6a
CLIENT_TRAFFIC_SECRET_0 3426f495397884305a45e0d32476812092d6c8fb2f6b7dc82e5880f5220d4976 d9e7e1363cc5785099b31bef837961bbdaba5a233246f8c6ee5faa8c5af6285c
SERVER_TRAFFIC_SECRET_0 3426f495397884305a45e0d32476812092d6c8fb2f6b7dc82e5880f5220d4976 a5cde1978ef25989cba14dc28b04deaadd90ae90f6fad5bc5c66105afe4431f3
EXPORTER_SECRET 3426f495397884305a45e0d32476812092d6c8fb2f6b7dc82e5880f5220d4976 302f5f0a21e9bf20d49fe1e19388d522a5367bd83cd63be37acd8f24fb5117c9
CLIENT_HANDSHAKE_TRAFFIC_SECRET 31f1f320a316e0d3c70f49046a3a7916cd4ff780cdb2096dbfc652376bdcc010 a50d1d63c9b779d827a8de9c053fed7c77c747d9da0f10fc08147e8b73a39f49
SERVER_HANDSHAKE_TRAFFIC_SECRET 31f1f320a316e0d3c70f49046a3a7916cd4ff780cdb2096dbfc652376bdcc010 1b576e21ca2f57bf3aa9628dfba995a2cbbb08b861d2a17cc6e4131a7f6f36ca
CLIENT_TRAFFIC_SECRET_0 31f1f320a316e0d3c70f49046a3a7916cd4ff780cdb2096dbfc652376bdcc010 9d81fdfb66fb7e8043278b762db7de0064a51f101dc7be550f034b2349fb25bf
SERVER_TRAFFIC_SECRET_0 31f1f320a316e0d3c70f49046a3a7916cd4ff780cdb2096dbfc652376bdcc010 b5bdebd1ac2b1ec429996f04f34c01c06a33bbd7509d9adec7208d5804a4c443
EXPORTER_SECRET 31f1f320a316e0d3c70f49046a3a7916cd4ff780cdb2096dbfc652376bdcc010 376bfa79385ebd09a23be8d93889286b55d0b32b5cce7bbb2e5afe81d6212902
CLIENT_EARLY_TRAFFIC_SECRET 81936e23e13e9ddecedebed6a1de79a005d47f9d11a0ad39635519be86207ddb 254027735d07afdace968371a69708cbc7bcbede5650ef63a6804c8d424ee549
CLIENT_HANDSHAKE_TRAFFIC_SECRET 81936e23e13e9ddecedebed6a1de79a005d47f9d11a0ad39635519be86207ddb fd83abe55c72152d88fb38f7764ae9229142a6a37a786491428154dc6ebf3622
SERVER_HANDSHAKE_TRAFFIC_SECRET 81936e23e13e9ddecedebed6a1de79a005d47f9d11a0ad39635519be86207ddb f42a4c5128c0c8565a1a122e2c0983c5ea75e02361668650314d195593a78de5
CLIENT_TRAFFIC_SECRET_0 81936e23e13e9ddecedebed6a1de79a005d47f9d11a0ad39635519be86207ddb c12e18d54c6ec5f201120562d62828a0d20001d3788dd8071f4aacb7c6838aa9
SERVER_TRAFFIC_SECRET_0 81936e23e13e9ddecedebed6a1de79a005d47f9d11a0ad39635519be86207ddb 020a9f30c852365eb21cf95005919708e75b4c226bca30f5da194c6e6e723d78
EXPORTER_SECRET 81936e23e13e9ddecedebed6a1de79a005d47f9d11a0ad39635519be86207ddb 6b2811f9344a24575da313fe8a2e9d1a3a19301caf8fb911bafb8152edc1cb4d
CLIENT_HANDSHAKE_TRAFFIC_SECRET 3404640cd024dcc65d33ea857a388057deab193c0af72a1ed5c492c57dd47fd2 cb687eb579e9bca6c8b567b60ac60f31a59b0adac929382492bb6cac52bf9b93
SERVER_HANDSHAKE_TRAFFIC_SECRET 3404640cd024dcc65d33ea857a388057deab193c0af72a1ed5c492c57dd47fd2 f88c4b9e70e7088046a5dcefc53c99d808e1183b64889669fc332f9f315dd038
CLIENT_HANDSHAKE_TRAFFIC_SECRET b7663023c779ae20b2ceaeedbacc05a49ff9e170d45360669af92f4960a94501 4ca5bc646553af42fb11791605927b8f734673350b8644f11e96e3b05c2395f8
SERVER_HANDSHAKE_TRAFFIC_SECRET b7663023c779ae20b2ceaeedbacc05a49ff9e170d45360669af92f4960a94501 e63fdcb344091b61e133e5e87146a522e796d640196ff373b6ac59b0c17fe723
CLIENT_TRAFFIC_SECRET_0 b7663023c779ae20b2ceaeedbacc05a49ff9e170d45360669af92f4960a94501 ced2e3ee60fa86ba2301dfb1b2f38b57134738117feea0b943d8e7887b1e0fc7
SERVER_TRAFFIC_SECRET_0 b7663023c779ae20b2ceaeedbacc05a49ff9e170d45360669af92f4960a94501 983efc6d0270519f933d07ab4aab897af51aab5e70104804a9623732eb7788b0
EXPORTER_SECRET b7663023c779ae20b2ceaeedbacc05a49ff9e170d45360669af92f4960a94501 9a76b0bce5da5c12694c50319ed8d63d499c1f962fb22ab9430bed80bd2096bc
CLIENT_TRAFFIC_SECRET_0 3404640cd024dcc65d33ea857a388057deab193c0af72a1ed5c492c57dd47fd2 9e5daa65c0e5581180bcae6c2ca0d04a51773eb44631ca96079f283604fd2356
SERVER_TRAFFIC_SECRET_0 3404640cd024dcc65d33ea857a388057deab193c0af72a1ed5c492c57dd47fd2 532b15364d1e1d26d98a70746be077e7726361e92aa5cc5e90fce4f3bf396c51
EXPORTER_SECRET 3404640cd024dcc65d33ea857a388057deab193c0af72a1ed5c492c57dd47fd2 050a3e3e44a61b30ea786d6b7ae9f40c7797ec599c7c3b2ef88c0b5059225f94
CLIENT_HANDSHAKE_TRAFFIC_SECRET 6e7309d5cb4ffd3a0c7ea605dcb9be9b1de0a30e1a2b24368f5d14f6bc85a37e e544e4af182a5a6e6cc59f9151efb52d357364e57fc1d2cf5b61a37291dedd40
SERVER_HANDSHAKE_TRAFFIC_SECRET 6e7309d5cb4ffd3a0c7ea605dcb9be9b1de0a30e1a2b24368f5d14f6bc85a37e 39d31ca68645ec40d391a0376b637d0eaae274ca1918113522ddb8b3879d7ece
CLIENT_TRAFFIC_SECRET_0 6e7309d5cb4ffd3a0c7ea605dcb9be9b1de0a30e1a2b24368f5d14f6bc85a37e 6c18743eb8587e68c5d408cada12fbbe4efe7bcfe6f81928cf3d98a191cb07bb
SERVER_TRAFFIC_SECRET_0 6e7309d5cb4ffd3a0c7ea605dcb9be9b1de0a30e1a2b24368f5d14f6bc85a37e 55c9623c070b1efc0ad78628299959548e1c4cc264bfd2105dc355a36df23def
EXPORTER_SECRET 6e7309d5cb4ffd3a0c7ea605dcb9be9b1de0a30e1a2b24368f5d14f6bc85a37e b6c809124a0c809ee495517f55191a484b6996ecb46ef5cf731ab5094dec4fd6
CLIENT_EARLY_TRAFFIC_SECRET 57d0d6c3cabba1ebd22afbc3800d1efc80fb0ae7e7d5a6992e38761db51304a3 293007ecc8a13419008ef9b7e8f9950767e12309eeb1e27e5b36ddb1882ce794
CLIENT_HANDSHAKE_TRAFFIC_SECRET 57d0d6c3cabba1ebd22afbc3800d1efc80fb0ae7e7d5a6992e38761db51304a3 ecd9b9a8326f76a916da8ebb2b645fe470619858c2b39ad7171618949180ad69
SERVER_HANDSHAKE_TRAFFIC_SECRET 57d0d6c3cabba1ebd22afbc3800d1efc80fb0ae7e7d5a6992e38761db51304a3 85e5307087be79b5e6c22105f56c95881169aeaf5e0d5430a7762e50912ed51d
CLIENT_TRAFFIC_SECRET_0 57d0d6c3cabba1ebd22afbc3800d1efc80fb0ae7e7d5a6992e38761db51304a3 e5bebbb014e291d5a851abf0019a88740497317ae00c6f43f7ccb63a5f93f91d
SERVER_TRAFFIC_SECRET_0 57d0d6c3cabba1ebd22afbc3800d1efc80fb0ae7e7d5a6992e38761db51304a3 84760f3101ec7e82ccc9305c5a7a4d572a9488dc4f0bb187cf16a7ae3d28e402
EXPORTER_SECRET 57d0d6c3cabba1ebd22afbc3800d1efc80fb0ae7e7d5a6992e38761db51304a3 160c0e9fa937e17ca2892981df63018d979eaf1750ba45a82bf66c3f65528334
CLIENT_HANDSHAKE_TRAFFIC_SECRET 582aae616c0217ccd2c999aa2cd515a4609c70e4d444fb30c07154d6c7eeb551 a90dd602546c662cad9c2f57e471c0ec33faed1811103bda1f2a178060d3d587
SERVER_HANDSHAKE_TRAFFIC_SECRET 582aae616c0217ccd2c999aa2cd515a4609c70e4d444fb30c07154d6c7eeb551 9a1995529081e1f8379338f6769ccbf1f8194c13233da6b66ea4c8d7c07b6cfc
CLIENT_TRAFFIC_SECRET_0 582aae616c0217ccd2c999aa2cd515a4609c70e4d444fb30c07154d6c7eeb551 a7345a7feadac521f0ca0a925d385faae8ad8cf574f9e2d6642f62e2a0c23df7
SERVER_TRAFFIC_SECRET_0 582aae616c0217ccd2c999aa2cd515a4609c70e4d444fb30c07154d6c7eeb551 567dd15342e942a953f734a953b678bbb5aa9375eec4981c93a3fe5405572ae9
EXPORTER_SECRET 582aae616c0217ccd2c999aa2cd515a4609c70e4d444fb30c07154d6c7eeb551 24b483f27039fb03ccf48b4a6a3b7e029c9616c0158ab8969c20e4ad3fc44c3c
CLIENT_HANDSHAKE_TRAFFIC_SECRET e775acd7c268584686018dc1f280e286a452b9937cdba14afa4dad9e67b96c0d ba443b046574e6918b1bad2bd623ea176df424362a5446591dd7a1da2b3d8a92
SERVER_HANDSHAKE_TRAFFIC_SECRET e775acd7c268584686018dc1f280e286a452b9937cdba14afa4dad9e67b96c0d a4dc4759fe337556dd97558aa9863cdab6a45f4d7f66f73a5cb5d6d6a3a1a916
CLIENT_HANDSHAKE_TRAFFIC_SECRET cd55918e5dfa443da1f2a00a2fbb9f8c8ddc146278601810d2e8e14c0df127d0 0e1530a660bba8d4de3bfb874c4188e29285c42216fb7f5bd818240057157515
SERVER_HANDSHAKE_TRAFFIC_SECRET cd55918e5dfa443da1f2a00a2fbb9f8c8ddc146278601810d2e8e14c0df127d0 4498e0c151d748b081abb13fd39692e98d93b1046dce4f89b6cef2abb4f6d768
CLIENT_TRAFFIC_SECRET_0 cd55918e5dfa443da1f2a00a2fbb9f8c8ddc146278601810d2e8e14c0df127d0 c70e82871d2627bd12bb8a6e380a0af62fa9407a5cc7d7fe8c009989e5291556
SERVER_TRAFFIC_SECRET_0 cd55918e5dfa443da1f2a00a2fbb9f8c8ddc146278601810d2e8e14c0df127d0 58b1904846214e398af6ac764287e5cf05f5dcceed363ba7e5ce3eef08704ed8
EXPORTER_SECRET cd55918e5dfa443da1f2a00a2fbb9f8c8ddc146278601810d2e8e14c0df127d0 f37252191a4ba298d42b0fe938445a2735d1c8dcd5162a36db6f739d5dff7d0b
CLIENT_TRAFFIC_SECRET_0 e775acd7c268584686018dc1f280e286a452b9937cdba14afa4dad9e67b96c0d 21696feeeaf9bd15b2378a372fe34ef8da34c52d87755acd7cf04a96241a09b6
SERVER_TRAFFIC_SECRET_0 e775acd7c268584686018dc1f280e286a452b9937cdba14afa4dad9e67b96c0d 6848ce09d4f3e7eec33c0b9075cd4bbfc3a3e9f5dabfd66796d919ed5be49e19
EXPORTER_SECRET e775acd7c268584686018dc1f280e286a452b9937cdba14afa4dad9e67b96c0d c1dd6ad2a16a185d3725d13cd020746766500c4a3e621ec94292647f76c0cdc2
CLIENT_HANDSHAKE_TRAFFIC_SECRET 92208d248c53fa335e6d9ed3a9884c92705dcc8f4694e588aecdae33ad33d5b9 89bdd2193c952e0a7304363bc4f5768d532e5dd5a34fbc63e496282989ba8bd0
SERVER_HANDSHAKE_TRAFFIC_SECRET 92208d248c53fa335e6d9ed3a9884c92705dcc8f4694e588aecdae33ad33d5b9 051fec05b14a6e30a112d13fab47a168f857d9e255eabc267901ef6dd121afe3
CLIENT_TRAFFIC_SECRET_0 92208d248c53fa335e6d9ed3a9884c92705dcc8f4694e588aecdae33ad33d5b9 fd942d2b8a682168cf14c7d28629ae2878a4dc6125403d0cf058749c21f5c29d
SERVER_TRAFFIC_SECRET_0 92208d248c53fa335e6d9ed3a9884c92705dcc8f4694e588aecdae33ad33d5b9 a7d6cdf7023f3ff405e559c732a319cb9e516bd6842026af2b91620b9a4f4a41
EXPORTER_SECRET 92208d248c53fa335e6d9ed3a9884c92705dcc8f4694e588aecdae33ad33d5b9 39bca030e66b193ab0a3e9b2a2975579951743cf44e58452781ea04777bccf5d
CLIENT_HANDSHAKE_TRAFFIC_SECRET 247ad79a81599069c655fb045d3cd0c3744132bcd4c478fd84a813324554000b 41e06b54c8b1c37ab47d9ec7ef41f1698fa13e7f21e252a6b8bb04070e3ae2e9
SERVER_HANDSHAKE_TRAFFIC_SECRET 247ad79a81599069c655fb045d3cd0c3744132bcd4c478fd84a813324554000b 94afc71163bdf167e3fe4e8cc8e10d19abf232d7c9aa760624702f7982717e1d
CLIENT_HANDSHAKE_TRAFFIC_SECRET a7cb6a4fd09024f88f7c20a5e9ae9fee68b437a58c1b090c415bbaf185ec3214 350729cb185ba97a7abef74639bdb38c63f3fd490a1fce7eb648a36c4334eaae
SERVER_HANDSHAKE_TRAFFIC_SECRET a7cb6a4fd09024f88f7c20a5e9ae9fee68b437a58c1b090c415bbaf185ec3214 73bfc898e241b243a93df0aa3d125c475cb3a0e06aec4d1b0fa89a1aea7d352a
CLIENT_TRAFFIC_SECRET_0 247ad79a81599069c655fb045d3cd0c3744132bcd4c478fd84a813324554000b 3fc1f8556590ac6e32c0a25f07d08acfa5201db08a77cb2c7182f2fe4f2e2aa3
SERVER_TRAFFIC_SECRET_0 247ad79a81599069c655fb045d3cd0c3744132bcd4c478fd84a813324554000b f04a0a2813613ba1d492042194922386e7ea8fd9f7c2c3e016e6e0e565155af9
EXPORTER_SECRET 247ad79a81599069c655fb045d3cd0c3744132bcd4c478fd84a813324554000b 273b0d153b41b121d8a33d9b920e8610ee88a1ec0144d30101ce1546f0a4f982
CLIENT_TRAFFIC_SECRET_0 a7cb6a4fd09024f88f7c20a5e9ae9fee68b437a58c1b090c415bbaf185ec3214 7aa9e599881903eba4ed7d300a7fabfcc2d7939e026921562afc86f80c872df8
SERVER_TRAFFIC_SECRET_0 a7cb6a4fd09024f88f7c20a5e9ae9fee68b437a58c1b090c415bbaf185ec3214 31d4e7ad7bcdd6b60e43df12a158ec1860ea13c5e27726fb4c26366212af634d
EXPORTER_SECRET a7cb6a4fd09024f88f7c20a5e9ae9fee68b437a58c1b090c415bbaf185ec3214 6253a3a6b9aafa84e711206cb6d6f5c2b2651d6cacff6a04d7ba74a25956d6cc
CLIENT_HANDSHAKE_TRAFFIC_SECRET 1bb6d93a152c76b0ff535b7f23689669fc8cf42535992e04f02d00096f5aeb67 104e267c1f6bdaf52e52fda5101d6b0eac7281b58e184aa3acd05ac8546a7ca2
SERVER_HANDSHAKE_TRAFFIC_SECRET 1bb6d93a152c76b0ff535b7f23689669fc8cf42535992e04f02d00096f5aeb67 a06cf785ed6f7d45b37326627b36732398f0805c498478471f46eed298ee77e0
CLIENT_TRAFFIC_SECRET_0 1bb6d93a152c76b0ff535b7f23689669fc8cf42535992e04f02d00096f5aeb67 a54f7fef4d433cd59597eef19b7ba2c2cd886f81f4ea5235c2dd50daec4da0ad
SERVER_TRAFFIC_SECRET_0 1bb6d93a152c76b0ff535b7f23689669fc8cf42535992e04f02d00096f5aeb67 4b938c2f0ae28c865dd7ccd0d26c7f89e1caf0a485bd739917af55133024426b
EXPORTER_SECRET 1bb6d93a152c76b0ff535b7f23689669fc8cf42535992e04f02d00096f5aeb67 a0b75b1cb10780141314c5b021545951a3d2043036f2f1a31115044db341e38b
CLIENT_HANDSHAKE_TRAFFIC_SECRET 2f34a5018133f3b5a9d146f74e509f1d3b614e3d33f931156a9bc1cd54f2867e e431ad22802caa8d400eadce4144ea04f11d1bc756063ecd3f06d40f4910954a
SERVER_HANDSHAKE_TRAFFIC_SECRET 2f34a5018133f3b5a9d146f74e509f1d3b614e3d33f931156a9bc1cd54f2867e 7fae9e7b823226d7b128669425aa58dce4bf85fa8e22abfcfdb8dc97ff60ec4c
CLIENT_TRAFFIC_SECRET_0 2f34a5018133f3b5a9d146f74e509f1d3b614e3d33f931156a9bc1cd54f2867e db33bec433eea77f0ccb26f1a1dff29c0949fa9a704ae21669930b7befd97d0b
SERVER_TRAFFIC_SECRET_0 2f34a5018133f3b5a9d146f74e509f1d3b614e3d33f931156a9bc1cd54f2867e 9196b7e409eb0c73e8fa078072e76d98dd91334b5509d0d26eaa280797c85157
EXPORTER_SECRET 2f34a5018133f3b5a9d146f74e509f1d3b614e3d33f931156a9bc1cd54f2867e 11d51d6a8190593d96072d7e262d4489df4af734a3e714ef81efcbcd2066af0b
CLIENT_HANDSHAKE_TRAFFIC_SECRET 2d1a910d403318fd5da0d50156d295a45d0c23c7a48a2f58fd5c6aaf352b1ae7 6ad353a04159ed012877b528f708f5af11881e45cd8d416d1ab156d10ba9c9e9
SERVER_HANDSHAKE_TRAFFIC_SECRET 2d1a910d403318fd5da0d50156d295a45d0c23c7a48a2f58fd5c6aaf352b1ae7 460aa8997758c1ad3eaf19a93a14cff7c2ba67554f01ad1d11d7b42313ff51fb
CLIENT_TRAFFIC_SECRET_0 2d1a910d403318fd5da0d50156d295a45d0c23c7a48a2f58fd5c6aaf352b1ae7 319d3695e264ade2424136ae0c8e1013413d9e4ecb71dd394371c8540d52b539
SERVER_TRAFFIC_SECRET_0 2d1a910d403318fd5da0d50156d295a45d0c23c7a48a2f58fd5c6aaf352b1ae7 1d239d7c191ff8ab63acc745ae92da42304f0152b17019a1ae9186ec8fc36964
EXPORTER_SECRET 2d1a910d403318fd5da0d50156d295a45d0c23c7a48a2f58fd5c6aaf352b1ae7 624ae1b3f102adca0d190698950e6c5292fd98b7c6157dec08ceaed61bee98cb
CLIENT_HANDSHAKE_TRAFFIC_SECRET 6d79d74a7ec1938457c68773c2d1ed50d22b97c76f87f2bfe0432e9ad6d53f20 d1c2c883f35a30d00038c32cf0d27a0955e6579c232d1df7ae46ce8fbc71679f
SERVER_HANDSHAKE_TRAFFIC_SECRET 6d79d74a7ec1938457c68773c2d1ed50d22b97c76f87f2bfe0432e9ad6d53f20 e00b9ea80308f4abe020702e1cdcea7fa68f0d52a5adf39eecacd8e4bf3efca6
CLIENT_TRAFFIC_SECRET_0 6d79d74a7ec1938457c68773c2d1ed50d22b97c76f87f2bfe0432e9ad6d53f20 a7c8d0cef2173a6b813b5e4a0c294383ce27d461f89873001acdf0d14f471bf0
SERVER_TRAFFIC_SECRET_0 6d79d74a7ec1938457c68773c2d1ed50d22b97c76f87f2bfe0432e9ad6d53f20 efaf73d1c48356f7a9e487f00fe8172a4ad059d823be37bb1c47dce6ec90e029
EXPORTER_SECRET 6d79d74a7ec1938457c68773c2d1ed50d22b97c76f87f2bfe0432e9ad6d53f20 c6e80624371c042baa7b04cb4f412ae2e15b06cc1a5a9d4bc9c125fa6970b2cd
CLIENT_HANDSHAKE_TRAFFIC_SECRET 881bf85ad316a41863d815166fd8a7ec3e159139e371dff031a22297d25b4bae 698c5ddad341171bc51841f4c87c8221659a7e88bd086ee91ac5734e6a7a302c
SERVER_HANDSHAKE_TRAFFIC_SECRET 881bf85ad316a41863d815166fd8a7ec3e159139e371dff031a22297d25b4bae 71bc339e18049d2f5a8343b2be588f40e2e9fd14775a8d78705a2dee569dd346
CLIENT_TRAFFIC_SECRET_0 881bf85ad316a41863d815166fd8a7ec3e159139e371dff031a22297d25b4bae 8965fd83ffea200d187276021b0e79a016d5c26d1f24717a23cdb7c56a93ec0d
SERVER_TRAFFIC_SECRET_0 881bf85ad316a41863d815166fd8a7ec3e159139e371dff031a22297d25b4bae 8cc648073e0ac0ffaf231141ce70dcc2e757ce2c0c17a93d8644717772d9e7af
EXPORTER_SECRET 881bf85ad316a41863d815166fd8a7ec3e159139e371dff031a22297d25b4bae 8188a02d2f27abda41dd8eb3b820606ecf4fed787c460810b55a22b2142b733d
CLIENT_EARLY_TRAFFIC_SECRET 83883da3c86557a5d91e48164b29b676363eacb636dc8b81063d6720f5d5f574 c723d4b1aa7ce27e6182d3bee1538b9b7942ad5d8a499807d3561bd48aad3605
CLIENT_HANDSHAKE_TRAFFIC_SECRET 83883da3c86557a5d91e48164b29b676363eacb636dc8b81063d6720f5d5f574 7faf898f46a4fac2a655c57e346062702a66a85fe9a99171e44695af95bf6896
SERVER_HANDSHAKE_TRAFFIC_SECRET 83883da3c86557a5d91e48164b29b676363eacb636dc8b81063d6720f5d5f574 e954349c796635028c6dd99f3c73101090588b2307e41ec1d6f36cb2b280d64a
CLIENT_TRAFFIC_SECRET_0 83883da3c86557a5d91e48164b29b676363eacb636dc8b81063d6720f5d5f574 41ce1315dd60dd0700376af99123cdcbfed7d7708c052f5bba2ee833f28233cf
SERVER_TRAFFIC_SECRET_0 83883da3c86557a5d91e48164b29b676363eacb636dc8b81063d6720f5d5f574 6bf98b64b40878239a85b6e49652f0c69f50b5b316a79bd185ec3a404bca583a
EXPORTER_SECRET 83883da3c86557a5d91e48164b29b676363eacb636dc8b81063d6720f5d5f574 a005529c81d6ee240f8b98a547194c9fec70a3983ddf0fde52ab484a65f970da
CLIENT_EARLY_TRAFFIC_SECRET 5a382205139201ab97ba1a31ac27660490ac3c6286bb0a38adaa9135b2035538 b79696cd701ba085c64dc0dfe66d2d4e0319c5f3804f2f9dc23778bb5d20d8f1
CLIENT_HANDSHAKE_TRAFFIC_SECRET 5a382205139201ab97ba1a31ac27660490ac3c6286bb0a38adaa9135b2035538 53d2ab4a2a7c8e95058b8b8f23b800aa4aebc425707c619c9977590663d9c274
SERVER_HANDSHAKE_TRAFFIC_SECRET 5a382205139201ab97ba1a31ac27660490ac3c6286bb0a38adaa9135b2035538 92dd9cc22d508f51effb6808a024b1729a27078845ff3ffdb45d32ec8c98130c
CLIENT_TRAFFIC_SECRET_0 5a382205139201ab97ba1a31ac27660490ac3c6286bb0a38adaa9135b2035538 f8cdc84c07ed31dd4cdf49b4bc9bf489bea3c02ef62680176ec3f558d0a6d618
SERVER_TRAFFIC_SECRET_0 5a382205139201ab97ba1a31ac27660490ac3c6286bb0a38adaa9135b2035538 a4b81f06a30af36007ae6bd7a9ec1ced596776d4b81d5ab8c5052dbd50d07c73
EXPORTER_SECRET 5a382205139201ab97ba1a31ac27660490ac3c6286bb0a38adaa9135b2035538 5b71619e5e74574d4506f04925657be9bdc1e1a45a7b45a3e2092ec5c618be39
CLIENT_EARLY_TRAFFIC_SECRET 52150fc637045c300aaad1fc1e9a44ab9ada541a3d1a8d4fb3bbd5a3b5334ef6 2118e030be9bbfdbc3292f417d2b160678e982d5346cf7d80bb1c1c03f35d88f
CLIENT_HANDSHAKE_TRAFFIC_SECRET 52150fc637045c300aaad1fc1e9a44ab9ada541a3d1a8d4fb3bbd5a3b5334ef6 0a8545c52f1189a634508a0ecece815586c7a2490bdf6b05b21a436900331959
SERVER_HANDSHAKE_TRAFFIC_SECRET 52150fc637045c300aaad1fc1e9a44ab9ada541a3d1a8d4fb3bbd5a3b5334ef6 bd75cd99ecc764539486b23d950d36d996aef263cf263bfc7af9f8c669076890
CLIENT_TRAFFIC_SECRET_0 52150fc637045c300aaad1fc1e9a44ab9ada541a3d1a8d4fb3bbd5a3b5334ef6 1c38a2d392efebcd515adb6fbe0916e18b917e6504ecf88f3ea64e5689d39059
SERVER_TRAFFIC_SECRET_0 52150fc637045c300aaad1fc1e9a44ab9ada541a3d1a8d4fb3bbd5a3b5334ef6 50a02a909dda58c49bbfba55717b3a63903361527da85206ddd02391a5e59fe1
EXPORTER_SECRET 52150fc637045c300aaad1fc1e9a44ab9ada541a3d1a8d4fb3bbd5a3b5334ef6 e33034e4ccd93c3d62dfbcdafc8c0fbd85aa04280b8d91ad919e3146dc596bba
CLIENT_EARLY_TRAFFIC_SECRET 850b558e58281b8dd2c796bc4ea2223db8d483a4edf6b863169cd9821c13bd71 8bf0431f219ae40fbd86478c26b4bb5f294bbf5167d0de1e092c97b3856b119c
CLIENT_HANDSHAKE_TRAFFIC_SECRET 850b558e58281b8dd2c796bc4ea2223db8d483a4edf6b863169cd9821c13bd71 2b8657f398bb8577109a6538ee1434de371254610c1cbb9236bd8f7d2242ea3b
SERVER_HANDSHAKE_TRAFFIC_SECRET 850b558e58281b8dd2c796bc4ea2223db8d483a4edf6b863169cd9821c13bd71 f4467c3b8887aaca9bddf965eca8bfdc6fa38d2cd74c49e92b3bf7b6207f4626
CLIENT_TRAFFIC_SECRET_0 850b558e58281b8dd2c796bc4ea2223db8d483a4edf6b863169cd9821c13bd71 0108d05efbd8c9d88fe6d24ecf8e23d3d27c6b0194b5ca5cafd8ddf98f9efbb3
SERVER_TRAFFIC_SECRET_0 850b558e58281b8dd2c796bc4ea2223db8d483a4edf6b863169cd9821c13bd71 f58df3522e4f05f70ff981a93a9ee90b358ff62527cf607093458a5b7ace2a63
EXPORTER_SECRET 850b558e58281b8dd2c796bc4ea2223db8d483a4edf6b863169cd9821c13bd71 0c8b56345a04d8e30d65618191dfaf38dcbd79e842c2e5a9a482379792c2108f
CLIENT_EARLY_TRAFFIC_SECRET 0f6f37dfd7e601154f9c618a5488d300bd920b27da24a55b0793d874d48f5d70 ffea96d8082acca475d67f587f471e9276b2ed920594dcd880b4cc0ccf8f57d1
CLIENT_HANDSHAKE_TRAFFIC_SECRET 0f6f37dfd7e601154f9c618a5488d300bd920b27da24a55b0793d874d48f5d70 8ba9148d4200916cdb2690d155d70e19116752eb16cd7e131149c24277dd0056
SERVER_HANDSHAKE_TRAFFIC_SECRET 0f6f37dfd7e601154f9c618a5488d300bd920b27da24a55b0793d874d48f5d70 8b703da840f4ef4c174c4efbb13f2296d5ef7787ff5afa7016683938e86180f4
CLIENT_TRAFFIC_SECRET_0 0f6f37dfd7e601154f9c618a5488d300bd920b27da24a55b0793d874d48f5d70 dbfc7cfead40139caded5f39b058b9e7ae7f9189c342d0697430dd78785c677b
SERVER_TRAFFIC_SECRET_0 0f6f37dfd7e601154f9c618a5488d300bd920b27da24a55b0793d874d48f5d70 0675f087daba764966aadbebd92ec4abd45068db94a2ab4fde36765c7ca29bd6
EXPORTER_SECRET 0f6f37dfd7e601154f9c618a5488d300bd920b27da24a55b0793d874d48f5d70 305cbdd3a7754597c4feae828c7e0306ebfb8a4bbaa7866a216667045405b0c0
CLIENT_HANDSHAKE_TRAFFIC_SECRET 85584521eb940adf959d3ce32498a3c08b169b8e211490419f25f2e230e2f8f1 88516e6806f0e9de671011e899a888cd52bba3f849398d242149eadfcbbdad83
SERVER_HANDSHAKE_TRAFFIC_SECRET 85584521eb940adf959d3ce32498a3c08b169b8e211490419f25f2e230e2f8f1 326d77f64585c7452d46e4578193b1ef123c7cda07c40c06c416bf248638bc54
CLIENT_TRAFFIC_SECRET_0 85584521eb940adf959d3ce32498a3c08b169b8e211490419f25f2e230e2f8f1 0730da4cdf8693a4ba2eaa7b994af39451c4bc633e92530817839e9d7e9a0720
SERVER_TRAFFIC_SECRET_0 85584521eb940adf959d3ce32498a3c08b169b8e211490419f25f2e230e2f8f1 10a34c0806413722fc0439f31a3b33e9df4794661382258ed595df9302b71e8a
EXPORTER_SECRET 85584521eb940adf959d3ce32498a3c08b169b8e211490419f25f2e230e2f8f1 0a555758f3aaa70cb2d5287e283f045354e49924af5896ad974d886fc46b1982
CLIENT_EARLY_TRAFFIC_SECRET cd35beaa748842a5ecb5c5d86057f71ca5de50845137eb007a3e84e08ef82cb7 df5062cb7ca883f1b4471ea310cabeb09e87ac3165c058eff04a7f0931f9cceb
CLIENT_HANDSHAKE_TRAFFIC_SECRET cd35beaa748842a5ecb5c5d86057f71ca5de50845137eb007a3e84e08ef82cb7 8c0ff99d78aac2577ee11bd491898d35bc77045848d039e09fd032373e08c7a6
SERVER_HANDSHAKE_TRAFFIC_SECRET cd35beaa748842a5ecb5c5d86057f71ca5de50845137eb007a3e84e08ef82cb7 7c17ed431b42fefa8c63032e1565f5580d704fbaa351950e5814e8905ec0a323
CLIENT_TRAFFIC_SECRET_0 cd35beaa748842a5ecb5c5d86057f71ca5de50845137eb007a3e84e08ef82cb7 7918590ad81bf0184fae2ff6a5072ee047d2a4b0684563cb3cd5eb71e89aa3ec
SERVER_TRAFFIC_SECRET_0 cd35beaa748842a5ecb5c5d86057f71ca5de50845137eb007a3e84e08ef82cb7 068a971667bf744b705a49d45f170d3a9dc7274b1d28ac951ab8dc7d634df15e
EXPORTER_SECRET cd35beaa748842a5ecb5c5d86057f71ca5de50845137eb007a3e84e08ef82cb7 dc873e5e36c23402ec0914bfacf155b80a3ca8c882b2412798f001a2048da19e
CLIENT_EARLY_TRAFFIC_SECRET 93d925e016fccd8216e78e94e373887ecbb96fb015fa8eb47895fe26158cb035 f1aa6e49df8c36d228544630a361e58cb30812fa2c30b787526c1961972e94eb
CLIENT_HANDSHAKE_TRAFFIC_SECRET 93d925e016fccd8216e78e94e373887ecbb96fb015fa8eb47895fe26158cb035 205d3737999e48d34cc0b710ee1286f0b6309b624c2fe7cc247fc39e93669966
SERVER_HANDSHAKE_TRAFFIC_SECRET 93d925e016fccd8216e78e94e373887ecbb96fb015fa8eb47895fe26158cb035 7424f4fad3d5b03c4ef60aa9133b775c90b5a47781bd1ff57159432d5c3bfb34
CLIENT_TRAFFIC_SECRET_0 93d925e016fccd8216e78e94e373887ecbb96fb015fa8eb47895fe26158cb035 e3e9c090cfe52dfb585d8de9ffbbd4bd02aa6f15cb5dae0592ef10acd70cbf27
SERVER_TRAFFIC_SECRET_0 93d925e016fccd8216e78e94e373887ecbb96fb015fa8eb47895fe26158cb035 9a84ca9b1c8d7eb7ed2f401e29ce8f3d3dbd366b07aa903a16709a0e0e9d97ec
EXPORTER_SECRET 93d925e016fccd8216e78e94e373887ecbb96fb015fa8eb47895fe26158cb035 5a113defe4133ba2d838f34e46f2b0c24424171d0b0edd54997b2f0b5522b048
CLIENT_EARLY_TRAFFIC_SECRET b161225d5f34824b423995e71935efd31ee05afeb1242deb7679b6dc23b08948 7b0439289b385eae1095d1348e575487f2da77781ad7caf2d380e040b0ea862b
CLIENT_HANDSHAKE_TRAFFIC_SECRET b161225d5f34824b423995e71935efd31ee05afeb1242deb7679b6dc23b08948 20797e19ac08474a05ed28bd19ed04cbfd45bd5ec25422528bb6529d535fed61
SERVER_HANDSHAKE_TRAFFIC_SECRET b161225d5f34824b423995e71935efd31ee05afeb1242deb7679b6dc23b08948 1e7dfbb8ce740321a1758881830c4813d7af8d541103db33229ec528e2bc6f2f
CLIENT_TRAFFIC_SECRET_0 b161225d5f34824b423995e71935efd31ee05afeb1242deb7679b6dc23b08948 66367c545e0a575f9ba80c7adefecba0ce0fabcc41546e0d6dff87f32edf9a52
SERVER_TRAFFIC_SECRET_0 b161225d5f34824b423995e71935efd31ee05afeb1242deb7679b6dc23b08948 879c6a51d78995729b70364997a7ad51fb00d0716436854e9981ac0c74bbf5e5
EXPORTER_SECRET b161225d5f34824b423995e71935efd31ee05afeb1242deb7679b6dc23b08948 462d1ddd3650c3b64b8f83a1546c8abc5b82a597a79b097dda1901e8fb572de4
CLIENT_EARLY_TRAFFIC_SECRET dbde561fd72224b5be798f253126654351e02951814d406d98f015cd109964ec 1d9fe336b24b2a13954e7f39657ed293ebe7b52f47aaf22bf214f598cbd32f58
CLIENT_HANDSHAKE_TRAFFIC_SECRET dbde561fd72224b5be798f253126654351e02951814d406d98f015cd109964ec 908a4fce73b965862e1680ea3299caf86a4e77490b74e48bb7b0e7fbad79f129
SERVER_HANDSHAKE_TRAFFIC_SECRET dbde561fd72224b5be798f253126654351e02951814d406d98f015cd109964ec 0a75b55cde148ebb5cc222b20ae3c0f5d3944f9f06eaad8f7f06af5b0b58cee8
CLIENT_TRAFFIC_SECRET_0 dbde561fd72224b5be798f253126654351e02951814d406d98f015cd109964ec 8b634eb8b7a4d75e09b369d03fe5eab66397470bde01a83adc0864618c4a89d3
SERVER_TRAFFIC_SECRET_0 dbde561fd72224b5be798f253126654351e02951814d406d98f015cd109964ec d2630649b2986b427cfd38a5dc913afce3f1537a8ae55587bfc318cdae5759e2
EXPORTER_SECRET dbde561fd72224b5be798f253126654351e02951814d406d98f015cd109964ec 2b1986fb28f31cdaaf189d1ac6a3074a997caf8eb62875ec7ea975277bd3c7ac
CLIENT_EARLY_TRAFFIC_SECRET 21956d02de45d980c25dac834d69edb34c99d525dc0a7a4a3ec405e7aab26dd1 6883467ff90767122c22528639a90194d2b73974cd15498c04849ff3af3405fd
CLIENT_HANDSHAKE_TRAFFIC_SECRET 21956d02de45d980c25dac834d69edb34c99d525dc0a7a4a3ec405e7aab26dd1 98eee582280605f7f2fa5f6d61d78653962136b8c98d5847021fce5de81a7173
SERVER_HANDSHAKE_TRAFFIC_SECRET 21956d02de45d980c25dac834d69edb34c99d525dc0a7a4a3ec405e7aab26dd1 a4577f53352665572b80c78a1afbbfad770ecb09712793b9ee9d295cbb9f5064
CLIENT_TRAFFIC_SECRET_0 21956d02de45d980c25dac834d69edb34c99d525dc0a7a4a3ec405e7aab26dd1 2f3b9478b5636f45cac58bd948bbbcc3bf703d9a5b47d92bcab327b6b2fec0d8
SERVER_TRAFFIC_SECRET_0 21956d02de45d980c25dac834d69edb34c99d525dc0a7a4a3ec405e7aab26dd1 f8bfcd257b52977d1084af4b9fd7d88e78be6932c37bc25610bf1f42df742a0b
EXPORTER_SECRET 21956d02de45d980c25dac834d69edb34c99d525dc0a7a4a3ec405e7aab26dd1 f80399d98e29840ef0c8795edcd6769a914d84366e52f0848cd6b170bd6c5727
